{"/Users/CoveMB/Code/CoveMB/OpenZeppelin/sui-oracle-market/packages/tooling/core/src/address.ts": {"path":"/Users/CoveMB/Code/CoveMB/OpenZeppelin/sui-oracle-market/packages/tooling/core/src/address.ts","all":false,"statementMap":{"0":{"start":{"line":1,"column":0},"end":{"line":1,"column":55}},"9":{"start":{"line":10,"column":0},"end":{"line":10,"column":34}},"10":{"start":{"line":11,"column":0},"end":{"line":11,"column":15}},"11":{"start":{"line":12,"column":0},"end":{"line":12,"column":7}},"12":{"start":{"line":13,"column":0},"end":{"line":13,"column":4}},"15":{"start":{"line":16,"column":0},"end":{"line":16,"column":17}},"16":{"start":{"line":17,"column":0},"end":{"line":17,"column":29}},"17":{"start":{"line":18,"column":0},"end":{"line":18,"column":31}},"18":{"start":{"line":19,"column":0},"end":{"line":19,"column":20}},"19":{"start":{"line":20,"column":0},"end":{"line":20,"column":20}},"20":{"start":{"line":21,"column":0},"end":{"line":21,"column":24}},"21":{"start":{"line":22,"column":0},"end":{"line":22,"column":12}},"23":{"start":{"line":24,"column":0},"end":{"line":24,"column":41}},"24":{"start":{"line":25,"column":0},"end":{"line":25,"column":33}},"25":{"start":{"line":26,"column":0},"end":{"line":26,"column":20}},"27":{"start":{"line":28,"column":0},"end":{"line":28,"column":37}},"28":{"start":{"line":29,"column":0},"end":{"line":29,"column":66}},"30":{"start":{"line":31,"column":0},"end":{"line":31,"column":64}},"31":{"start":{"line":32,"column":0},"end":{"line":32,"column":32}},"32":{"start":{"line":33,"column":0},"end":{"line":33,"column":3}},"34":{"start":{"line":35,"column":0},"end":{"line":35,"column":49}},"35":{"start":{"line":36,"column":0},"end":{"line":36,"column":1}},"42":{"start":{"line":43,"column":0},"end":{"line":43,"column":36}},"43":{"start":{"line":44,"column":0},"end":{"line":44,"column":35}},"44":{"start":{"line":45,"column":0},"end":{"line":45,"column":35}},"45":{"start":{"line":46,"column":0},"end":{"line":46,"column":6}},"46":{"start":{"line":47,"column":0},"end":{"line":47,"column":46}},"47":{"start":{"line":48,"column":0},"end":{"line":48,"column":40}},"48":{"start":{"line":49,"column":0},"end":{"line":49,"column":29}},"49":{"start":{"line":50,"column":0},"end":{"line":50,"column":4}},"50":{"start":{"line":51,"column":0},"end":{"line":51,"column":43}},"51":{"start":{"line":52,"column":0},"end":{"line":52,"column":1}},"60":{"start":{"line":61,"column":0},"end":{"line":61,"column":26}},"61":{"start":{"line":62,"column":0},"end":{"line":62,"column":51}},"63":{"start":{"line":64,"column":0},"end":{"line":64,"column":44}},"64":{"start":{"line":65,"column":0},"end":{"line":65,"column":58}},"65":{"start":{"line":66,"column":0},"end":{"line":66,"column":6}},"66":{"start":{"line":67,"column":0},"end":{"line":67,"column":3}},"68":{"start":{"line":69,"column":0},"end":{"line":69,"column":44}},"69":{"start":{"line":70,"column":0},"end":{"line":70,"column":63}},"70":{"start":{"line":71,"column":0},"end":{"line":71,"column":35}},"71":{"start":{"line":72,"column":0},"end":{"line":72,"column":35}},"72":{"start":{"line":73,"column":0},"end":{"line":73,"column":46}},"73":{"start":{"line":74,"column":0},"end":{"line":74,"column":40}},"74":{"start":{"line":75,"column":0},"end":{"line":75,"column":12}},"75":{"start":{"line":76,"column":0},"end":{"line":76,"column":4}},"77":{"start":{"line":78,"column":0},"end":{"line":78,"column":10}},"78":{"start":{"line":79,"column":0},"end":{"line":79,"column":31}},"79":{"start":{"line":80,"column":0},"end":{"line":80,"column":45}},"80":{"start":{"line":81,"column":0},"end":{"line":81,"column":53}},"81":{"start":{"line":82,"column":0},"end":{"line":82,"column":63}},"82":{"start":{"line":83,"column":0},"end":{"line":83,"column":3}},"83":{"start":{"line":84,"column":0},"end":{"line":84,"column":1}},"85":{"start":{"line":86,"column":0},"end":{"line":86,"column":38}},"86":{"start":{"line":87,"column":0},"end":{"line":87,"column":35}},"87":{"start":{"line":88,"column":0},"end":{"line":88,"column":35}},"88":{"start":{"line":89,"column":0},"end":{"line":89,"column":37}},"89":{"start":{"line":90,"column":0},"end":{"line":90,"column":51}},"90":{"start":{"line":91,"column":0},"end":{"line":91,"column":39}},"91":{"start":{"line":92,"column":0},"end":{"line":92,"column":4}},"93":{"start":{"line":94,"column":0},"end":{"line":94,"column":37}},"94":{"start":{"line":95,"column":0},"end":{"line":95,"column":31}},"95":{"start":{"line":96,"column":0},"end":{"line":96,"column":45}},"96":{"start":{"line":97,"column":0},"end":{"line":97,"column":53}},"97":{"start":{"line":98,"column":0},"end":{"line":98,"column":63}},"98":{"start":{"line":99,"column":0},"end":{"line":99,"column":5}},"99":{"start":{"line":100,"column":0},"end":{"line":100,"column":1}},"106":{"start":{"line":107,"column":0},"end":{"line":107,"column":41}},"107":{"start":{"line":108,"column":0},"end":{"line":108,"column":3}},"108":{"start":{"line":109,"column":0},"end":{"line":109,"column":12}},"109":{"start":{"line":110,"column":0},"end":{"line":110,"column":18}},"110":{"start":{"line":111,"column":0},"end":{"line":111,"column":6}},"114":{"start":{"line":115,"column":0},"end":{"line":115,"column":29}},"115":{"start":{"line":116,"column":0},"end":{"line":116,"column":6}},"116":{"start":{"line":117,"column":0},"end":{"line":117,"column":66}},"118":{"start":{"line":119,"column":0},"end":{"line":119,"column":41}},"119":{"start":{"line":120,"column":0},"end":{"line":120,"column":1}}},"s":{"0":1,"9":1,"10":2,"11":2,"12":2,"15":2,"16":2,"17":2,"18":0,"19":2,"20":1,"21":1,"23":2,"24":2,"25":2,"27":2,"28":2,"30":1,"31":2,"32":1,"34":1,"35":1,"42":1,"43":1,"44":1,"45":1,"46":1,"47":1,"48":1,"49":1,"50":1,"51":1,"60":1,"61":2,"63":2,"64":2,"65":2,"66":2,"68":1,"69":1,"70":1,"71":1,"72":1,"73":1,"74":1,"75":1,"77":1,"78":1,"79":1,"80":1,"81":1,"82":1,"83":1,"85":1,"86":1,"87":1,"88":1,"89":1,"90":1,"91":1,"93":1,"94":1,"95":1,"96":1,"97":1,"98":1,"99":1,"106":1,"107":1,"108":1,"109":1,"110":1,"114":1,"115":1,"116":1,"118":1,"119":1},"branchMap":{"0":{"type":"branch","line":10,"loc":{"start":{"line":10,"column":32},"end":{"line":36,"column":1}},"locations":[{"start":{"line":10,"column":32},"end":{"line":36,"column":1}}]},"1":{"type":"branch","line":18,"loc":{"start":{"line":18,"column":30},"end":{"line":19,"column":20}},"locations":[{"start":{"line":18,"column":30},"end":{"line":19,"column":20}}]},"2":{"type":"branch","line":20,"loc":{"start":{"line":20,"column":8},"end":{"line":21,"column":24}},"locations":[{"start":{"line":20,"column":8},"end":{"line":21,"column":24}}]},"3":{"type":"branch","line":21,"loc":{"start":{"line":21,"column":23},"end":{"line":22,"column":12}},"locations":[{"start":{"line":21,"column":23},"end":{"line":22,"column":12}}]},"4":{"type":"branch","line":29,"loc":{"start":{"line":29,"column":4},"end":{"line":36,"column":1}},"locations":[{"start":{"line":29,"column":4},"end":{"line":36,"column":1}}]},"5":{"type":"branch","line":24,"loc":{"start":{"line":24,"column":13},"end":{"line":24,"column":40}},"locations":[{"start":{"line":24,"column":13},"end":{"line":24,"column":40}}]},"6":{"type":"branch","line":25,"loc":{"start":{"line":25,"column":9},"end":{"line":25,"column":32}},"locations":[{"start":{"line":25,"column":9},"end":{"line":25,"column":32}}]},"7":{"type":"branch","line":31,"loc":{"start":{"line":31,"column":52},"end":{"line":32,"column":32}},"locations":[{"start":{"line":31,"column":52},"end":{"line":32,"column":32}}]},"8":{"type":"branch","line":43,"loc":{"start":{"line":43,"column":29},"end":{"line":52,"column":1}},"locations":[{"start":{"line":43,"column":29},"end":{"line":52,"column":1}}]},"9":{"type":"branch","line":51,"loc":{"start":{"line":51,"column":24},"end":{"line":51,"column":42}},"locations":[{"start":{"line":51,"column":24},"end":{"line":51,"column":42}}]},"10":{"type":"branch","line":61,"loc":{"start":{"line":61,"column":25},"end":{"line":67,"column":3}},"locations":[{"start":{"line":61,"column":25},"end":{"line":67,"column":3}}]},"11":{"type":"branch","line":64,"loc":{"start":{"line":64,"column":16},"end":{"line":64,"column":35}},"locations":[{"start":{"line":64,"column":16},"end":{"line":64,"column":35}}]},"12":{"type":"branch","line":65,"loc":{"start":{"line":65,"column":4},"end":{"line":65,"column":58}},"locations":[{"start":{"line":65,"column":4},"end":{"line":65,"column":58}}]},"13":{"type":"branch","line":69,"loc":{"start":{"line":69,"column":37},"end":{"line":84,"column":1}},"locations":[{"start":{"line":69,"column":37},"end":{"line":84,"column":1}}]},"14":{"type":"branch","line":81,"loc":{"start":{"line":81,"column":33},"end":{"line":81,"column":51}},"locations":[{"start":{"line":81,"column":33},"end":{"line":81,"column":51}}]},"15":{"type":"branch","line":86,"loc":{"start":{"line":86,"column":31},"end":{"line":100,"column":1}},"locations":[{"start":{"line":86,"column":31},"end":{"line":100,"column":1}}]},"16":{"type":"branch","line":94,"loc":{"start":{"line":94,"column":22},"end":{"line":99,"column":4}},"locations":[{"start":{"line":94,"column":22},"end":{"line":99,"column":4}}]},"17":{"type":"branch","line":97,"loc":{"start":{"line":97,"column":33},"end":{"line":97,"column":51}},"locations":[{"start":{"line":97,"column":33},"end":{"line":97,"column":51}}]},"18":{"type":"branch","line":107,"loc":{"start":{"line":107,"column":34},"end":{"line":120,"column":1}},"locations":[{"start":{"line":107,"column":34},"end":{"line":120,"column":1}}]}},"b":{"0":[2],"1":[0],"2":[1],"3":[1],"4":[1],"5":[1],"6":[2],"7":[2],"8":[1],"9":[0],"10":[2],"11":[0],"12":[1],"13":[1],"14":[0],"15":[1],"16":[1],"17":[0],"18":[1]},"fnMap":{"0":{"name":"parseAddressList","decl":{"start":{"line":10,"column":32},"end":{"line":36,"column":1}},"loc":{"start":{"line":10,"column":32},"end":{"line":36,"column":1}},"line":10},"1":{"name":"getSuiBalance","decl":{"start":{"line":43,"column":29},"end":{"line":52,"column":1}},"loc":{"start":{"line":43,"column":29},"end":{"line":52,"column":1}},"line":43},"2":{"name":"sumLockedBalance","decl":{"start":{"line":61,"column":25},"end":{"line":67,"column":3}},"loc":{"start":{"line":61,"column":25},"end":{"line":67,"column":3}},"line":61},"3":{"name":"getCoinBalanceSummary","decl":{"start":{"line":69,"column":37},"end":{"line":84,"column":1}},"loc":{"start":{"line":69,"column":37},"end":{"line":84,"column":1}},"line":69},"4":{"name":"getCoinBalances","decl":{"start":{"line":86,"column":31},"end":{"line":100,"column":1}},"loc":{"start":{"line":86,"column":31},"end":{"line":100,"column":1}},"line":86},"5":{"name":"asMinimumBalanceOf","decl":{"start":{"line":107,"column":34},"end":{"line":120,"column":1}},"loc":{"start":{"line":107,"column":34},"end":{"line":120,"column":1}},"line":107}},"f":{"0":2,"1":1,"2":2,"3":1,"4":1,"5":1}}
,"/Users/CoveMB/Code/CoveMB/OpenZeppelin/sui-oracle-market/packages/tooling/core/src/clock.ts": {"path":"/Users/CoveMB/Code/CoveMB/OpenZeppelin/sui-oracle-market/packages/tooling/core/src/clock.ts","all":false,"statementMap":{"2":{"start":{"line":3,"column":0},"end":{"line":3,"column":45}},"3":{"start":{"line":4,"column":0},"end":{"line":4,"column":52}},"8":{"start":{"line":9,"column":0},"end":{"line":9,"column":42}},"9":{"start":{"line":10,"column":0},"end":{"line":10,"column":22}},"10":{"start":{"line":11,"column":0},"end":{"line":11,"column":35}},"11":{"start":{"line":12,"column":0},"end":{"line":12,"column":7}},"12":{"start":{"line":13,"column":0},"end":{"line":13,"column":48}},"13":{"start":{"line":14,"column":0},"end":{"line":14,"column":23}},"14":{"start":{"line":15,"column":0},"end":{"line":15,"column":36}},"15":{"start":{"line":16,"column":0},"end":{"line":16,"column":6}},"16":{"start":{"line":17,"column":0},"end":{"line":17,"column":32}},"17":{"start":{"line":18,"column":0},"end":{"line":18,"column":33}},"19":{"start":{"line":20,"column":0},"end":{"line":20,"column":48}},"21":{"start":{"line":22,"column":0},"end":{"line":22,"column":14}},"22":{"start":{"line":23,"column":0},"end":{"line":23,"column":49}},"24":{"start":{"line":25,"column":0},"end":{"line":25,"column":74}},"25":{"start":{"line":26,"column":0},"end":{"line":26,"column":25}},"26":{"start":{"line":27,"column":0},"end":{"line":27,"column":43}},"27":{"start":{"line":28,"column":0},"end":{"line":28,"column":41}},"28":{"start":{"line":29,"column":0},"end":{"line":29,"column":57}},"29":{"start":{"line":30,"column":0},"end":{"line":30,"column":5}},"30":{"start":{"line":31,"column":0},"end":{"line":31,"column":43}},"31":{"start":{"line":32,"column":0},"end":{"line":32,"column":41}},"32":{"start":{"line":33,"column":0},"end":{"line":33,"column":57}},"33":{"start":{"line":34,"column":0},"end":{"line":34,"column":5}},"34":{"start":{"line":35,"column":0},"end":{"line":35,"column":11}},"35":{"start":{"line":36,"column":0},"end":{"line":36,"column":20}},"36":{"start":{"line":37,"column":0},"end":{"line":37,"column":3}},"38":{"start":{"line":39,"column":0},"end":{"line":39,"column":18}},"39":{"start":{"line":40,"column":0},"end":{"line":40,"column":1}}},"s":{"2":1,"3":1,"8":1,"9":6,"10":6,"11":6,"12":6,"13":6,"14":6,"15":6,"16":5,"17":6,"19":4,"21":4,"22":4,"24":6,"25":6,"26":6,"27":1,"28":1,"29":1,"30":2,"31":2,"32":2,"33":2,"34":6,"35":1,"36":1,"38":0,"39":0},"branchMap":{"0":{"type":"branch","line":9,"loc":{"start":{"line":9,"column":35},"end":{"line":40,"column":1}},"locations":[{"start":{"line":9,"column":35},"end":{"line":40,"column":1}}]},"1":{"type":"branch","line":16,"loc":{"start":{"line":16,"column":5},"end":{"line":18,"column":24}},"locations":[{"start":{"line":16,"column":5},"end":{"line":18,"column":24}}]},"2":{"type":"branch","line":18,"loc":{"start":{"line":18,"column":17},"end":{"line":18,"column":33}},"locations":[{"start":{"line":18,"column":17},"end":{"line":18,"column":33}}]},"3":{"type":"branch","line":18,"loc":{"start":{"line":18,"column":24},"end":{"line":25,"column":44}},"locations":[{"start":{"line":18,"column":24},"end":{"line":25,"column":44}}]},"4":{"type":"branch","line":25,"loc":{"start":{"line":25,"column":32},"end":{"line":25,"column":74}},"locations":[{"start":{"line":25,"column":32},"end":{"line":25,"column":74}}]},"5":{"type":"branch","line":26,"loc":{"start":{"line":26,"column":6},"end":{"line":26,"column":25}},"locations":[{"start":{"line":26,"column":6},"end":{"line":26,"column":25}}]},"6":{"type":"branch","line":26,"loc":{"start":{"line":26,"column":13},"end":{"line":27,"column":42}},"locations":[{"start":{"line":26,"column":13},"end":{"line":27,"column":42}}]},"7":{"type":"branch","line":27,"loc":{"start":{"line":27,"column":42},"end":{"line":30,"column":5}},"locations":[{"start":{"line":27,"column":42},"end":{"line":30,"column":5}}]},"8":{"type":"branch","line":29,"loc":{"start":{"line":29,"column":39},"end":{"line":29,"column":57}},"locations":[{"start":{"line":29,"column":39},"end":{"line":29,"column":57}}]},"9":{"type":"branch","line":30,"loc":{"start":{"line":30,"column":4},"end":{"line":34,"column":5}},"locations":[{"start":{"line":30,"column":4},"end":{"line":34,"column":5}}]},"10":{"type":"branch","line":33,"loc":{"start":{"line":33,"column":35},"end":{"line":33,"column":48}},"locations":[{"start":{"line":33,"column":35},"end":{"line":33,"column":48}}]},"11":{"type":"branch","line":33,"loc":{"start":{"line":33,"column":39},"end":{"line":33,"column":57}},"locations":[{"start":{"line":33,"column":39},"end":{"line":33,"column":57}}]},"12":{"type":"branch","line":35,"loc":{"start":{"line":35,"column":2},"end":{"line":37,"column":3}},"locations":[{"start":{"line":35,"column":2},"end":{"line":37,"column":3}}]},"13":{"type":"branch","line":37,"loc":{"start":{"line":37,"column":2},"end":{"line":40,"column":1}},"locations":[{"start":{"line":37,"column":2},"end":{"line":40,"column":1}}]}},"b":{"0":[6],"1":[5],"2":[1],"3":[4],"4":[1],"5":[1],"6":[3],"7":[1],"8":[0],"9":[2],"10":[1],"11":[1],"12":[1],"13":[0]},"fnMap":{"0":{"name":"getClockTimestampMs","decl":{"start":{"line":9,"column":35},"end":{"line":40,"column":1}},"loc":{"start":{"line":9,"column":35},"end":{"line":40,"column":1}},"line":9}},"f":{"0":6}}
,"/Users/CoveMB/Code/CoveMB/OpenZeppelin/sui-oracle-market/packages/tooling/core/src/coin-registry.ts": {"path":"/Users/CoveMB/Code/CoveMB/OpenZeppelin/sui-oracle-market/packages/tooling/core/src/coin-registry.ts","all":false,"statementMap":{"1":{"start":{"line":2,"column":0},"end":{"line":2,"column":72}},"3":{"start":{"line":4,"column":0},"end":{"line":4,"column":53}},"5":{"start":{"line":6,"column":0},"end":{"line":6,"column":57}},"6":{"start":{"line":7,"column":0},"end":{"line":7,"column":54}},"7":{"start":{"line":8,"column":0},"end":{"line":8,"column":78}},"15":{"start":{"line":16,"column":0},"end":{"line":16,"column":65}},"16":{"start":{"line":17,"column":0},"end":{"line":17,"column":41}},"17":{"start":{"line":18,"column":0},"end":{"line":18,"column":34}},"18":{"start":{"line":19,"column":0},"end":{"line":19,"column":7}},"19":{"start":{"line":20,"column":0},"end":{"line":20,"column":42}},"20":{"start":{"line":21,"column":0},"end":{"line":21,"column":11}},"21":{"start":{"line":22,"column":0},"end":{"line":22,"column":20}},"22":{"start":{"line":23,"column":0},"end":{"line":23,"column":3}},"23":{"start":{"line":24,"column":0},"end":{"line":24,"column":1}},"28":{"start":{"line":29,"column":0},"end":{"line":29,"column":79}},"29":{"start":{"line":30,"column":0},"end":{"line":30,"column":23}},"30":{"start":{"line":31,"column":0},"end":{"line":31,"column":19}},"31":{"start":{"line":32,"column":0},"end":{"line":32,"column":17}},"32":{"start":{"line":33,"column":0},"end":{"line":33,"column":53}},"33":{"start":{"line":34,"column":0},"end":{"line":34,"column":22}},"34":{"start":{"line":35,"column":0},"end":{"line":35,"column":5}},"35":{"start":{"line":36,"column":0},"end":{"line":36,"column":3}},"47":{"start":{"line":48,"column":0},"end":{"line":48,"column":67}},"49":{"start":{"line":50,"column":0},"end":{"line":50,"column":71}},"50":{"start":{"line":51,"column":0},"end":{"line":51,"column":71}},"51":{"start":{"line":52,"column":0},"end":{"line":52,"column":34}},"52":{"start":{"line":53,"column":0},"end":{"line":53,"column":32}},"53":{"start":{"line":54,"column":0},"end":{"line":54,"column":55}},"54":{"start":{"line":55,"column":0},"end":{"line":55,"column":3}},"55":{"start":{"line":56,"column":0},"end":{"line":56,"column":34}},"56":{"start":{"line":57,"column":0},"end":{"line":57,"column":32}},"57":{"start":{"line":58,"column":0},"end":{"line":58,"column":55}},"58":{"start":{"line":59,"column":0},"end":{"line":59,"column":3}},"59":{"start":{"line":60,"column":0},"end":{"line":60,"column":18}},"60":{"start":{"line":61,"column":0},"end":{"line":61,"column":1}},"62":{"start":{"line":63,"column":0},"end":{"line":63,"column":29}},"63":{"start":{"line":64,"column":0},"end":{"line":64,"column":27}},"64":{"start":{"line":65,"column":0},"end":{"line":65,"column":41}},"65":{"start":{"line":66,"column":0},"end":{"line":66,"column":26}},"66":{"start":{"line":67,"column":0},"end":{"line":67,"column":53}},"68":{"start":{"line":69,"column":0},"end":{"line":69,"column":52}},"69":{"start":{"line":70,"column":0},"end":{"line":70,"column":30}},"71":{"start":{"line":72,"column":0},"end":{"line":72,"column":40}},"72":{"start":{"line":73,"column":0},"end":{"line":73,"column":52}},"73":{"start":{"line":74,"column":0},"end":{"line":74,"column":22}},"74":{"start":{"line":75,"column":0},"end":{"line":75,"column":3}},"76":{"start":{"line":77,"column":0},"end":{"line":77,"column":49}},"77":{"start":{"line":78,"column":0},"end":{"line":78,"column":80}},"78":{"start":{"line":79,"column":0},"end":{"line":79,"column":17}},"79":{"start":{"line":80,"column":0},"end":{"line":80,"column":50}},"80":{"start":{"line":81,"column":0},"end":{"line":81,"column":46}},"81":{"start":{"line":82,"column":0},"end":{"line":82,"column":60}},"82":{"start":{"line":83,"column":0},"end":{"line":83,"column":71}},"83":{"start":{"line":84,"column":0},"end":{"line":84,"column":61}},"84":{"start":{"line":85,"column":0},"end":{"line":85,"column":5}},"85":{"start":{"line":86,"column":0},"end":{"line":86,"column":3}},"87":{"start":{"line":88,"column":0},"end":{"line":88,"column":14}},"88":{"start":{"line":89,"column":0},"end":{"line":89,"column":1}},"90":{"start":{"line":91,"column":0},"end":{"line":91,"column":51}},"91":{"start":{"line":92,"column":0},"end":{"line":92,"column":31}},"92":{"start":{"line":93,"column":0},"end":{"line":93,"column":46}},"93":{"start":{"line":94,"column":0},"end":{"line":94,"column":39}},"94":{"start":{"line":95,"column":0},"end":{"line":95,"column":3}},"95":{"start":{"line":96,"column":0},"end":{"line":96,"column":15}},"96":{"start":{"line":97,"column":0},"end":{"line":97,"column":1}},"98":{"start":{"line":99,"column":0},"end":{"line":99,"column":32}},"99":{"start":{"line":100,"column":0},"end":{"line":100,"column":13}},"100":{"start":{"line":101,"column":0},"end":{"line":101,"column":11}},"101":{"start":{"line":102,"column":0},"end":{"line":102,"column":4}},"104":{"start":{"line":105,"column":0},"end":{"line":105,"column":26}},"105":{"start":{"line":106,"column":0},"end":{"line":106,"column":50}},"106":{"start":{"line":107,"column":0},"end":{"line":107,"column":5}},"107":{"start":{"line":108,"column":0},"end":{"line":108,"column":33}},"108":{"start":{"line":109,"column":0},"end":{"line":109,"column":55}},"109":{"start":{"line":110,"column":0},"end":{"line":110,"column":6}},"110":{"start":{"line":111,"column":0},"end":{"line":111,"column":17}},"111":{"start":{"line":112,"column":0},"end":{"line":112,"column":3}},"113":{"start":{"line":114,"column":0},"end":{"line":114,"column":22}},"114":{"start":{"line":115,"column":0},"end":{"line":115,"column":75}},"115":{"start":{"line":116,"column":0},"end":{"line":116,"column":55}},"116":{"start":{"line":117,"column":0},"end":{"line":117,"column":1}},"118":{"start":{"line":119,"column":0},"end":{"line":119,"column":50}},"119":{"start":{"line":120,"column":0},"end":{"line":120,"column":3}},"120":{"start":{"line":121,"column":0},"end":{"line":121,"column":38}},"121":{"start":{"line":122,"column":0},"end":{"line":122,"column":28}},"122":{"start":{"line":123,"column":0},"end":{"line":123,"column":18}},"123":{"start":{"line":124,"column":0},"end":{"line":124,"column":6}},"128":{"start":{"line":129,"column":0},"end":{"line":129,"column":35}},"129":{"start":{"line":130,"column":0},"end":{"line":130,"column":40}},"130":{"start":{"line":131,"column":0},"end":{"line":131,"column":63}},"131":{"start":{"line":132,"column":0},"end":{"line":132,"column":45}},"132":{"start":{"line":133,"column":0},"end":{"line":133,"column":37}},"133":{"start":{"line":134,"column":0},"end":{"line":134,"column":13}},"134":{"start":{"line":135,"column":0},"end":{"line":135,"column":4}},"136":{"start":{"line":137,"column":0},"end":{"line":137,"column":41}},"138":{"start":{"line":139,"column":0},"end":{"line":139,"column":33}},"139":{"start":{"line":140,"column":0},"end":{"line":140,"column":43}},"140":{"start":{"line":141,"column":0},"end":{"line":141,"column":24}},"142":{"start":{"line":143,"column":0},"end":{"line":143,"column":45}},"144":{"start":{"line":145,"column":0},"end":{"line":145,"column":55}},"145":{"start":{"line":146,"column":0},"end":{"line":146,"column":53}},"146":{"start":{"line":147,"column":0},"end":{"line":147,"column":10}},"147":{"start":{"line":148,"column":0},"end":{"line":148,"column":13}},"148":{"start":{"line":149,"column":0},"end":{"line":149,"column":6}},"150":{"start":{"line":151,"column":0},"end":{"line":151,"column":33}},"151":{"start":{"line":152,"column":0},"end":{"line":152,"column":48}},"152":{"start":{"line":153,"column":0},"end":{"line":153,"column":38}},"153":{"start":{"line":154,"column":0},"end":{"line":154,"column":6}},"154":{"start":{"line":155,"column":0},"end":{"line":155,"column":3}},"156":{"start":{"line":157,"column":0},"end":{"line":157,"column":16}},"157":{"start":{"line":158,"column":0},"end":{"line":158,"column":1}},"159":{"start":{"line":160,"column":0},"end":{"line":160,"column":46}},"160":{"start":{"line":161,"column":0},"end":{"line":161,"column":3}},"161":{"start":{"line":162,"column":0},"end":{"line":162,"column":13}},"162":{"start":{"line":163,"column":0},"end":{"line":163,"column":38}},"163":{"start":{"line":164,"column":0},"end":{"line":164,"column":32}},"164":{"start":{"line":165,"column":0},"end":{"line":165,"column":6}},"169":{"start":{"line":170,"column":0},"end":{"line":170,"column":35}},"170":{"start":{"line":171,"column":0},"end":{"line":171,"column":35}},"171":{"start":{"line":172,"column":0},"end":{"line":172,"column":63}},"172":{"start":{"line":173,"column":0},"end":{"line":173,"column":78}},"173":{"start":{"line":174,"column":0},"end":{"line":174,"column":76}},"174":{"start":{"line":175,"column":0},"end":{"line":175,"column":50}},"175":{"start":{"line":176,"column":0},"end":{"line":176,"column":23}},"176":{"start":{"line":177,"column":0},"end":{"line":177,"column":24}},"177":{"start":{"line":178,"column":0},"end":{"line":178,"column":3}},"179":{"start":{"line":180,"column":0},"end":{"line":180,"column":51}},"180":{"start":{"line":181,"column":0},"end":{"line":181,"column":25}},"181":{"start":{"line":182,"column":0},"end":{"line":182,"column":31}},"182":{"start":{"line":183,"column":0},"end":{"line":183,"column":4}},"184":{"start":{"line":185,"column":0},"end":{"line":185,"column":6}},"185":{"start":{"line":186,"column":0},"end":{"line":186,"column":77}},"186":{"start":{"line":187,"column":0},"end":{"line":187,"column":32}},"187":{"start":{"line":188,"column":0},"end":{"line":188,"column":5}},"188":{"start":{"line":189,"column":0},"end":{"line":189,"column":60}},"189":{"start":{"line":190,"column":0},"end":{"line":190,"column":3}},"191":{"start":{"line":192,"column":0},"end":{"line":192,"column":45}},"193":{"start":{"line":194,"column":0},"end":{"line":194,"column":50}},"194":{"start":{"line":195,"column":0},"end":{"line":195,"column":5}},"195":{"start":{"line":196,"column":0},"end":{"line":196,"column":43}},"196":{"start":{"line":197,"column":0},"end":{"line":197,"column":55}},"197":{"start":{"line":198,"column":0},"end":{"line":198,"column":6}},"198":{"start":{"line":199,"column":0},"end":{"line":199,"column":17}},"199":{"start":{"line":200,"column":0},"end":{"line":200,"column":3}},"201":{"start":{"line":202,"column":0},"end":{"line":202,"column":36}},"202":{"start":{"line":203,"column":0},"end":{"line":203,"column":75}},"203":{"start":{"line":204,"column":0},"end":{"line":204,"column":55}},"205":{"start":{"line":206,"column":0},"end":{"line":206,"column":49}},"206":{"start":{"line":207,"column":0},"end":{"line":207,"column":53}},"207":{"start":{"line":208,"column":0},"end":{"line":208,"column":10}},"208":{"start":{"line":209,"column":0},"end":{"line":209,"column":33}},"209":{"start":{"line":210,"column":0},"end":{"line":210,"column":6}},"211":{"start":{"line":212,"column":0},"end":{"line":212,"column":31}},"212":{"start":{"line":213,"column":0},"end":{"line":213,"column":17}},"213":{"start":{"line":214,"column":0},"end":{"line":214,"column":71}},"214":{"start":{"line":215,"column":0},"end":{"line":215,"column":5}},"216":{"start":{"line":217,"column":0},"end":{"line":217,"column":32}},"217":{"start":{"line":218,"column":0},"end":{"line":218,"column":54}},"218":{"start":{"line":219,"column":0},"end":{"line":219,"column":5}},"219":{"start":{"line":220,"column":0},"end":{"line":220,"column":3}},"221":{"start":{"line":222,"column":0},"end":{"line":222,"column":18}},"222":{"start":{"line":223,"column":0},"end":{"line":223,"column":1}}},"s":{"1":1,"3":1,"5":1,"6":1,"7":1,"15":1,"16":3,"17":3,"18":3,"19":3,"20":3,"21":0,"22":0,"23":3,"28":1,"29":5,"30":5,"31":5,"32":5,"33":5,"34":5,"35":5,"47":1,"49":1,"50":1,"51":0,"52":0,"53":0,"54":0,"55":0,"56":0,"57":0,"58":0,"59":0,"60":0,"62":1,"63":1,"64":1,"65":1,"66":1,"68":1,"69":1,"71":1,"72":1,"73":1,"74":1,"76":1,"77":1,"78":1,"79":1,"80":1,"81":1,"82":1,"83":1,"84":1,"85":1,"87":1,"88":1,"90":1,"91":3,"92":3,"93":3,"94":3,"95":3,"96":3,"98":1,"99":2,"100":2,"101":2,"104":2,"105":2,"106":2,"107":2,"108":2,"109":2,"110":2,"111":2,"113":2,"114":2,"115":2,"116":2,"118":1,"119":2,"120":2,"121":2,"122":2,"123":2,"128":2,"129":2,"130":2,"131":2,"132":2,"133":2,"134":2,"136":2,"138":1,"139":1,"140":0,"142":2,"144":2,"145":1,"146":1,"147":1,"148":1,"150":1,"151":1,"152":1,"153":1,"154":1,"156":1,"157":1,"159":1,"160":4,"161":4,"162":4,"163":4,"164":4,"169":4,"170":4,"171":4,"172":4,"173":4,"174":4,"175":4,"176":4,"177":4,"179":4,"180":4,"181":4,"182":4,"184":4,"185":4,"186":1,"187":4,"188":1,"189":1,"191":4,"193":2,"194":2,"195":2,"196":2,"197":2,"198":2,"199":2,"201":2,"202":2,"203":2,"205":2,"206":2,"207":2,"208":2,"209":2,"211":2,"212":2,"213":2,"214":2,"216":2,"217":1,"218":1,"219":2,"221":1,"222":1},"branchMap":{"0":{"type":"branch","line":16,"loc":{"start":{"line":16,"column":31},"end":{"line":24,"column":1}},"locations":[{"start":{"line":16,"column":31},"end":{"line":24,"column":1}}]},"1":{"type":"branch","line":18,"loc":{"start":{"line":18,"column":18},"end":{"line":18,"column":34}},"locations":[{"start":{"line":18,"column":18},"end":{"line":18,"column":34}}]},"2":{"type":"branch","line":21,"loc":{"start":{"line":21,"column":2},"end":{"line":23,"column":3}},"locations":[{"start":{"line":21,"column":2},"end":{"line":23,"column":3}}]},"3":{"type":"branch","line":29,"loc":{"start":{"line":29,"column":38},"end":{"line":36,"column":3}},"locations":[{"start":{"line":29,"column":38},"end":{"line":36,"column":3}}]},"4":{"type":"branch","line":50,"loc":{"start":{"line":50,"column":30},"end":{"line":61,"column":1}},"locations":[{"start":{"line":50,"column":30},"end":{"line":61,"column":1}}]},"5":{"type":"branch","line":51,"loc":{"start":{"line":51,"column":66},"end":{"line":61,"column":1}},"locations":[{"start":{"line":51,"column":66},"end":{"line":61,"column":1}}]},"6":{"type":"branch","line":63,"loc":{"start":{"line":63,"column":28},"end":{"line":89,"column":1}},"locations":[{"start":{"line":63,"column":28},"end":{"line":89,"column":1}}]},"7":{"type":"branch","line":67,"loc":{"start":{"line":67,"column":37},"end":{"line":67,"column":53}},"locations":[{"start":{"line":67,"column":37},"end":{"line":67,"column":53}}]},"8":{"type":"branch","line":70,"loc":{"start":{"line":70,"column":14},"end":{"line":70,"column":30}},"locations":[{"start":{"line":70,"column":14},"end":{"line":70,"column":30}}]},"9":{"type":"branch","line":91,"loc":{"start":{"line":91,"column":17},"end":{"line":97,"column":1}},"locations":[{"start":{"line":91,"column":17},"end":{"line":97,"column":1}}]},"10":{"type":"branch","line":99,"loc":{"start":{"line":99,"column":24},"end":{"line":117,"column":1}},"locations":[{"start":{"line":99,"column":24},"end":{"line":117,"column":1}}]},"11":{"type":"branch","line":115,"loc":{"start":{"line":115,"column":9},"end":{"line":115,"column":74}},"locations":[{"start":{"line":115,"column":9},"end":{"line":115,"column":74}}]},"12":{"type":"branch","line":116,"loc":{"start":{"line":116,"column":12},"end":{"line":116,"column":54}},"locations":[{"start":{"line":116,"column":12},"end":{"line":116,"column":54}}]},"13":{"type":"branch","line":119,"loc":{"start":{"line":119,"column":43},"end":{"line":158,"column":1}},"locations":[{"start":{"line":119,"column":43},"end":{"line":158,"column":1}}]},"14":{"type":"branch","line":137,"loc":{"start":{"line":137,"column":32},"end":{"line":140,"column":43}},"locations":[{"start":{"line":137,"column":32},"end":{"line":140,"column":43}}]},"15":{"type":"branch","line":140,"loc":{"start":{"line":140,"column":42},"end":{"line":141,"column":24}},"locations":[{"start":{"line":140,"column":42},"end":{"line":141,"column":24}}]},"16":{"type":"branch","line":145,"loc":{"start":{"line":145,"column":54},"end":{"line":158,"column":1}},"locations":[{"start":{"line":145,"column":54},"end":{"line":158,"column":1}}]},"17":{"type":"branch","line":151,"loc":{"start":{"line":151,"column":20},"end":{"line":154,"column":5}},"locations":[{"start":{"line":151,"column":20},"end":{"line":154,"column":5}}]},"18":{"type":"branch","line":160,"loc":{"start":{"line":160,"column":39},"end":{"line":223,"column":1}},"locations":[{"start":{"line":160,"column":39},"end":{"line":223,"column":1}}]},"19":{"type":"branch","line":186,"loc":{"start":{"line":186,"column":73},"end":{"line":187,"column":32}},"locations":[{"start":{"line":186,"column":73},"end":{"line":187,"column":32}}]},"20":{"type":"branch","line":188,"loc":{"start":{"line":188,"column":4},"end":{"line":190,"column":3}},"locations":[{"start":{"line":188,"column":4},"end":{"line":190,"column":3}}]},"21":{"type":"branch","line":190,"loc":{"start":{"line":190,"column":2},"end":{"line":192,"column":36}},"locations":[{"start":{"line":190,"column":2},"end":{"line":192,"column":36}}]},"22":{"type":"branch","line":192,"loc":{"start":{"line":192,"column":29},"end":{"line":192,"column":45}},"locations":[{"start":{"line":192,"column":29},"end":{"line":192,"column":45}}]},"23":{"type":"branch","line":192,"loc":{"start":{"line":192,"column":36},"end":{"line":220,"column":3}},"locations":[{"start":{"line":192,"column":36},"end":{"line":220,"column":3}}]},"24":{"type":"branch","line":217,"loc":{"start":{"line":217,"column":8},"end":{"line":217,"column":31}},"locations":[{"start":{"line":217,"column":8},"end":{"line":217,"column":31}}]},"25":{"type":"branch","line":217,"loc":{"start":{"line":217,"column":31},"end":{"line":219,"column":5}},"locations":[{"start":{"line":217,"column":31},"end":{"line":219,"column":5}}]},"26":{"type":"branch","line":220,"loc":{"start":{"line":220,"column":2},"end":{"line":223,"column":1}},"locations":[{"start":{"line":220,"column":2},"end":{"line":223,"column":1}}]},"27":{"type":"branch","line":203,"loc":{"start":{"line":203,"column":9},"end":{"line":203,"column":74}},"locations":[{"start":{"line":203,"column":9},"end":{"line":203,"column":74}}]},"28":{"type":"branch","line":204,"loc":{"start":{"line":204,"column":12},"end":{"line":204,"column":54}},"locations":[{"start":{"line":204,"column":12},"end":{"line":204,"column":54}}]},"29":{"type":"branch","line":213,"loc":{"start":{"line":213,"column":6},"end":{"line":214,"column":71}},"locations":[{"start":{"line":213,"column":6},"end":{"line":214,"column":71}}]}},"b":{"0":[3],"1":[0],"2":[0],"3":[5],"4":[1],"5":[0],"6":[1],"7":[0],"8":[0],"9":[3],"10":[2],"11":[1],"12":[1],"13":[2],"14":[1],"15":[0],"16":[1],"17":[1],"18":[4],"19":[1],"20":[1],"21":[3],"22":[1],"23":[2],"24":[1],"25":[1],"26":[1],"27":[2],"28":[2],"29":[2]},"fnMap":{"0":{"name":"extractClaimedObjectId","decl":{"start":{"line":16,"column":31},"end":{"line":24,"column":1}},"loc":{"start":{"line":16,"column":31},"end":{"line":24,"column":1}},"line":16},"1":{"name":"deriveCurrencyObjectId","decl":{"start":{"line":29,"column":38},"end":{"line":36,"column":3}},"loc":{"start":{"line":29,"column":38},"end":{"line":36,"column":3}},"line":29},"2":{"name":"parseCurrencyDecimals","decl":{"start":{"line":50,"column":30},"end":{"line":61,"column":1}},"loc":{"start":{"line":50,"column":30},"end":{"line":61,"column":1}},"line":50},"3":{"name":"parseCurrencyObject","decl":{"start":{"line":63,"column":28},"end":{"line":89,"column":1}},"loc":{"start":{"line":63,"column":28},"end":{"line":89,"column":1}},"line":63},"4":{"name":"chunkIds","decl":{"start":{"line":91,"column":17},"end":{"line":97,"column":1}},"loc":{"start":{"line":91,"column":17},"end":{"line":97,"column":1}},"line":91},"5":{"name":"listCurrencyIds","decl":{"start":{"line":99,"column":24},"end":{"line":117,"column":1}},"loc":{"start":{"line":99,"column":24},"end":{"line":117,"column":1}},"line":99},"6":{"name":"listCurrencyRegistryEntries","decl":{"start":{"line":119,"column":43},"end":{"line":158,"column":1}},"loc":{"start":{"line":119,"column":43},"end":{"line":158,"column":1}},"line":119},"7":{"name":"resolveCurrencyObjectId","decl":{"start":{"line":160,"column":39},"end":{"line":223,"column":1}},"loc":{"start":{"line":160,"column":39},"end":{"line":223,"column":1}},"line":160}},"f":{"0":3,"1":5,"2":1,"3":1,"4":3,"5":2,"6":2,"7":4}}
,"/Users/CoveMB/Code/CoveMB/OpenZeppelin/sui-oracle-market/packages/tooling/core/src/coin.ts": {"path":"/Users/CoveMB/Code/CoveMB/OpenZeppelin/sui-oracle-market/packages/tooling/core/src/coin.ts","all":false,"statementMap":{"2":{"start":{"line":3,"column":0},"end":{"line":3,"column":63}},"3":{"start":{"line":4,"column":0},"end":{"line":4,"column":50}},"4":{"start":{"line":5,"column":0},"end":{"line":5,"column":78}},"9":{"start":{"line":10,"column":0},"end":{"line":10,"column":46}},"10":{"start":{"line":11,"column":0},"end":{"line":11,"column":15}},"11":{"start":{"line":12,"column":0},"end":{"line":12,"column":9}},"12":{"start":{"line":13,"column":0},"end":{"line":13,"column":18}},"13":{"start":{"line":14,"column":0},"end":{"line":14,"column":4}},"17":{"start":{"line":18,"column":0},"end":{"line":18,"column":7}},"18":{"start":{"line":19,"column":0},"end":{"line":19,"column":38}},"19":{"start":{"line":20,"column":0},"end":{"line":20,"column":55}},"20":{"start":{"line":21,"column":0},"end":{"line":21,"column":60}},"21":{"start":{"line":22,"column":0},"end":{"line":22,"column":32}},"22":{"start":{"line":23,"column":0},"end":{"line":23,"column":4}},"23":{"start":{"line":24,"column":0},"end":{"line":24,"column":51}},"25":{"start":{"line":26,"column":0},"end":{"line":26,"column":30}},"26":{"start":{"line":27,"column":0},"end":{"line":27,"column":19}},"27":{"start":{"line":28,"column":0},"end":{"line":28,"column":46}},"28":{"start":{"line":29,"column":0},"end":{"line":29,"column":3}},"30":{"start":{"line":31,"column":0},"end":{"line":31,"column":20}},"31":{"start":{"line":32,"column":0},"end":{"line":32,"column":1}},"33":{"start":{"line":34,"column":0},"end":{"line":34,"column":25}},"34":{"start":{"line":35,"column":0},"end":{"line":35,"column":70}},"35":{"start":{"line":36,"column":0},"end":{"line":36,"column":64}},"42":{"start":{"line":43,"column":0},"end":{"line":43,"column":65}},"43":{"start":{"line":44,"column":0},"end":{"line":44,"column":18}},"44":{"start":{"line":45,"column":0},"end":{"line":45,"column":67}},"46":{"start":{"line":47,"column":0},"end":{"line":47,"column":44}},"47":{"start":{"line":48,"column":0},"end":{"line":48,"column":65}},"49":{"start":{"line":50,"column":0},"end":{"line":50,"column":19}},"50":{"start":{"line":51,"column":0},"end":{"line":51,"column":1}},"52":{"start":{"line":53,"column":0},"end":{"line":53,"column":64}},"53":{"start":{"line":54,"column":0},"end":{"line":54,"column":33}},"54":{"start":{"line":55,"column":0},"end":{"line":55,"column":60}},"56":{"start":{"line":57,"column":0},"end":{"line":57,"column":57}},"57":{"start":{"line":58,"column":0},"end":{"line":58,"column":1}},"59":{"start":{"line":60,"column":0},"end":{"line":60,"column":63}},"60":{"start":{"line":61,"column":0},"end":{"line":61,"column":52}},"62":{"start":{"line":63,"column":0},"end":{"line":63,"column":43}},"63":{"start":{"line":64,"column":0},"end":{"line":64,"column":3}},"64":{"start":{"line":65,"column":0},"end":{"line":65,"column":16}},"65":{"start":{"line":66,"column":0},"end":{"line":66,"column":6}},"68":{"start":{"line":69,"column":0},"end":{"line":69,"column":35}},"69":{"start":{"line":70,"column":0},"end":{"line":70,"column":38}},"70":{"start":{"line":71,"column":0},"end":{"line":71,"column":47}},"71":{"start":{"line":72,"column":0},"end":{"line":72,"column":5}},"72":{"start":{"line":73,"column":0},"end":{"line":73,"column":29}},"73":{"start":{"line":74,"column":0},"end":{"line":74,"column":50}},"74":{"start":{"line":75,"column":0},"end":{"line":75,"column":6}},"75":{"start":{"line":76,"column":0},"end":{"line":76,"column":17}},"76":{"start":{"line":77,"column":0},"end":{"line":77,"column":3}},"78":{"start":{"line":79,"column":0},"end":{"line":79,"column":60}},"79":{"start":{"line":80,"column":0},"end":{"line":80,"column":49}},"81":{"start":{"line":82,"column":0},"end":{"line":82,"column":10}},"82":{"start":{"line":83,"column":0},"end":{"line":83,"column":13}},"83":{"start":{"line":84,"column":0},"end":{"line":84,"column":16}},"84":{"start":{"line":85,"column":0},"end":{"line":85,"column":3}},"85":{"start":{"line":86,"column":0},"end":{"line":86,"column":1}}},"s":{"2":1,"3":1,"4":1,"9":1,"10":1,"11":1,"12":1,"13":1,"17":1,"18":1,"19":1,"20":1,"21":1,"22":1,"23":1,"25":1,"26":1,"27":1,"28":1,"30":1,"31":1,"33":1,"34":1,"35":1,"42":1,"43":1,"44":1,"46":1,"47":1,"49":1,"50":1,"52":1,"53":2,"54":2,"56":1,"57":1,"59":1,"60":0,"62":1,"63":1,"64":1,"65":1,"68":1,"69":1,"70":1,"71":1,"72":1,"73":1,"74":1,"75":1,"76":1,"78":1,"79":1,"81":1,"82":1,"83":1,"84":1,"85":1},"branchMap":{"0":{"type":"branch","line":10,"loc":{"start":{"line":10,"column":44},"end":{"line":32,"column":1}},"locations":[{"start":{"line":10,"column":44},"end":{"line":32,"column":1}}]},"1":{"type":"branch","line":34,"loc":{"start":{"line":34,"column":24},"end":{"line":36,"column":64}},"locations":[{"start":{"line":34,"column":24},"end":{"line":36,"column":64}}]},"2":{"type":"branch","line":36,"loc":{"start":{"line":36,"column":31},"end":{"line":36,"column":52}},"locations":[{"start":{"line":36,"column":31},"end":{"line":36,"column":52}}]},"3":{"type":"branch","line":43,"loc":{"start":{"line":43,"column":31},"end":{"line":51,"column":1}},"locations":[{"start":{"line":43,"column":31},"end":{"line":51,"column":1}}]},"4":{"type":"branch","line":45,"loc":{"start":{"line":45,"column":4},"end":{"line":45,"column":67}},"locations":[{"start":{"line":45,"column":4},"end":{"line":45,"column":67}}]},"5":{"type":"branch","line":48,"loc":{"start":{"line":48,"column":4},"end":{"line":48,"column":65}},"locations":[{"start":{"line":48,"column":4},"end":{"line":48,"column":65}}]},"6":{"type":"branch","line":53,"loc":{"start":{"line":53,"column":33},"end":{"line":58,"column":1}},"locations":[{"start":{"line":53,"column":33},"end":{"line":58,"column":1}}]},"7":{"type":"branch","line":55,"loc":{"start":{"line":55,"column":16},"end":{"line":58,"column":1}},"locations":[{"start":{"line":55,"column":16},"end":{"line":58,"column":1}}]},"8":{"type":"branch","line":63,"loc":{"start":{"line":63,"column":36},"end":{"line":86,"column":1}},"locations":[{"start":{"line":63,"column":36},"end":{"line":86,"column":1}}]},"9":{"type":"branch","line":79,"loc":{"start":{"line":79,"column":42},"end":{"line":79,"column":59}},"locations":[{"start":{"line":79,"column":42},"end":{"line":79,"column":59}}]}},"b":{"0":[1],"1":[1],"2":[0],"3":[1],"4":[0],"5":[0],"6":[2],"7":[1],"8":[1],"9":[0]},"fnMap":{"0":{"name":"buildCoinTransferTransaction","decl":{"start":{"line":10,"column":44},"end":{"line":32,"column":1}},"loc":{"start":{"line":10,"column":44},"end":{"line":32,"column":1}},"line":10},"1":{"name":"unwrapSplitCoin","decl":{"start":{"line":34,"column":24},"end":{"line":36,"column":64}},"loc":{"start":{"line":34,"column":24},"end":{"line":36,"column":64}},"line":34},"2":{"name":"extractCoinType","decl":{"start":{"line":43,"column":31},"end":{"line":51,"column":1}},"loc":{"start":{"line":43,"column":31},"end":{"line":51,"column":1}},"line":43},"3":{"name":"normalizeCoinType","decl":{"start":{"line":53,"column":33},"end":{"line":58,"column":1}},"loc":{"start":{"line":53,"column":33},"end":{"line":58,"column":1}},"line":53},"4":{"name":"normalizeOptionalCoinType","decl":{"start":{"line":60,"column":41},"end":{"line":61,"column":52}},"loc":{"start":{"line":60,"column":41},"end":{"line":61,"column":52}},"line":60},"5":{"name":"resolveCoinOwnership","decl":{"start":{"line":63,"column":36},"end":{"line":86,"column":1}},"loc":{"start":{"line":63,"column":36},"end":{"line":86,"column":1}},"line":63}},"f":{"0":1,"1":1,"2":1,"3":2,"4":0,"5":1}}
,"/Users/CoveMB/Code/CoveMB/OpenZeppelin/sui-oracle-market/packages/tooling/core/src/constants.ts": {"path":"/Users/CoveMB/Code/CoveMB/OpenZeppelin/sui-oracle-market/packages/tooling/core/src/constants.ts","all":false,"statementMap":{"0":{"start":{"line":1,"column":0},"end":{"line":1,"column":56}},"2":{"start":{"line":3,"column":0},"end":{"line":3,"column":37}},"3":{"start":{"line":4,"column":0},"end":{"line":4,"column":47}},"4":{"start":{"line":5,"column":0},"end":{"line":5,"column":41}},"5":{"start":{"line":6,"column":0},"end":{"line":6,"column":68}},"6":{"start":{"line":7,"column":0},"end":{"line":7,"column":48}},"7":{"start":{"line":8,"column":0},"end":{"line":8,"column":53}},"9":{"start":{"line":10,"column":0},"end":{"line":10,"column":49}},"10":{"start":{"line":11,"column":0},"end":{"line":11,"column":70}},"11":{"start":{"line":12,"column":0},"end":{"line":12,"column":1}},"14":{"start":{"line":15,"column":0},"end":{"line":15,"column":57}},"15":{"start":{"line":16,"column":0},"end":{"line":16,"column":70}},"16":{"start":{"line":17,"column":0},"end":{"line":17,"column":1}}},"s":{"0":1,"2":1,"3":1,"4":1,"5":1,"6":1,"7":1,"9":1,"10":1,"11":1,"14":1,"15":1,"16":1},"branchMap":{},"b":{},"fnMap":{},"f":{}}
,"/Users/CoveMB/Code/CoveMB/OpenZeppelin/sui-oracle-market/packages/tooling/core/src/context.ts": {"path":"/Users/CoveMB/Code/CoveMB/OpenZeppelin/sui-oracle-market/packages/tooling/core/src/context.ts","all":true,"statementMap":{"14":{"start":{"line":15,"column":0},"end":{"line":15,"column":41}},"15":{"start":{"line":16,"column":0},"end":{"line":16,"column":29}},"16":{"start":{"line":17,"column":0},"end":{"line":17,"column":32}}},"s":{"14":0,"15":0,"16":0},"branchMap":{"0":{"type":"branch","line":1,"loc":{"start":{"line":1,"column":456},"end":{"line":17,"column":32}},"locations":[{"start":{"line":1,"column":456},"end":{"line":17,"column":32}}]}},"b":{"0":[1]},"fnMap":{"0":{"name":"(empty-report)","decl":{"start":{"line":1,"column":456},"end":{"line":17,"column":32}},"loc":{"start":{"line":1,"column":456},"end":{"line":17,"column":32}},"line":1}},"f":{"0":1}}
,"/Users/CoveMB/Code/CoveMB/OpenZeppelin/sui-oracle-market/packages/tooling/core/src/dynamic-fields.ts": {"path":"/Users/CoveMB/Code/CoveMB/OpenZeppelin/sui-oracle-market/packages/tooling/core/src/dynamic-fields.ts","all":false,"statementMap":{"5":{"start":{"line":6,"column":0},"end":{"line":6,"column":56}},"9":{"start":{"line":10,"column":0},"end":{"line":10,"column":42}},"26":{"start":{"line":27,"column":0},"end":{"line":27,"column":42}},"27":{"start":{"line":28,"column":0},"end":{"line":28,"column":3}},"28":{"start":{"line":29,"column":0},"end":{"line":29,"column":19}},"29":{"start":{"line":30,"column":0},"end":{"line":30,"column":20}},"30":{"start":{"line":31,"column":0},"end":{"line":31,"column":59}},"31":{"start":{"line":32,"column":0},"end":{"line":32,"column":35}},"32":{"start":{"line":33,"column":0},"end":{"line":33,"column":35}},"33":{"start":{"line":34,"column":0},"end":{"line":34,"column":46}},"34":{"start":{"line":35,"column":0},"end":{"line":35,"column":39}},"36":{"start":{"line":37,"column":0},"end":{"line":37,"column":6}},"37":{"start":{"line":38,"column":0},"end":{"line":38,"column":51}},"38":{"start":{"line":39,"column":0},"end":{"line":39,"column":53}},"39":{"start":{"line":40,"column":0},"end":{"line":40,"column":12}},"40":{"start":{"line":41,"column":0},"end":{"line":41,"column":6}},"42":{"start":{"line":43,"column":0},"end":{"line":43,"column":36}},"43":{"start":{"line":44,"column":0},"end":{"line":44,"column":59}},"44":{"start":{"line":45,"column":0},"end":{"line":45,"column":18}},"46":{"start":{"line":47,"column":0},"end":{"line":47,"column":25}},"47":{"start":{"line":48,"column":0},"end":{"line":48,"column":44}},"48":{"start":{"line":49,"column":0},"end":{"line":49,"column":59}},"49":{"start":{"line":50,"column":0},"end":{"line":50,"column":7}},"50":{"start":{"line":51,"column":0},"end":{"line":51,"column":19}},"51":{"start":{"line":52,"column":0},"end":{"line":52,"column":1}},"58":{"start":{"line":59,"column":0},"end":{"line":59,"column":48}},"59":{"start":{"line":60,"column":0},"end":{"line":60,"column":3}},"60":{"start":{"line":61,"column":0},"end":{"line":61,"column":19}},"61":{"start":{"line":62,"column":0},"end":{"line":62,"column":20}},"62":{"start":{"line":63,"column":0},"end":{"line":63,"column":59}},"63":{"start":{"line":64,"column":0},"end":{"line":64,"column":29}},"64":{"start":{"line":65,"column":0},"end":{"line":65,"column":47}},"65":{"start":{"line":66,"column":0},"end":{"line":66,"column":53}},"66":{"start":{"line":67,"column":0},"end":{"line":67,"column":5}},"67":{"start":{"line":68,"column":0},"end":{"line":68,"column":21}},"68":{"start":{"line":69,"column":0},"end":{"line":69,"column":22}},"69":{"start":{"line":70,"column":0},"end":{"line":70,"column":6}},"70":{"start":{"line":71,"column":0},"end":{"line":71,"column":11}},"71":{"start":{"line":72,"column":0},"end":{"line":72,"column":3}},"73":{"start":{"line":74,"column":0},"end":{"line":74,"column":27}},"74":{"start":{"line":75,"column":0},"end":{"line":75,"column":38}},"75":{"start":{"line":76,"column":0},"end":{"line":76,"column":31}},"76":{"start":{"line":77,"column":0},"end":{"line":77,"column":9}},"77":{"start":{"line":78,"column":0},"end":{"line":78,"column":46}},"78":{"start":{"line":79,"column":0},"end":{"line":79,"column":24}},"79":{"start":{"line":80,"column":0},"end":{"line":80,"column":10}},"80":{"start":{"line":81,"column":0},"end":{"line":81,"column":15}},"81":{"start":{"line":82,"column":0},"end":{"line":82,"column":7}},"82":{"start":{"line":83,"column":0},"end":{"line":83,"column":5}},"83":{"start":{"line":84,"column":0},"end":{"line":84,"column":3}},"84":{"start":{"line":85,"column":0},"end":{"line":85,"column":1}},"89":{"start":{"line":90,"column":0},"end":{"line":90,"column":70}},"90":{"start":{"line":91,"column":0},"end":{"line":91,"column":45}},"108":{"start":{"line":109,"column":0},"end":{"line":109,"column":39}},"109":{"start":{"line":110,"column":0},"end":{"line":110,"column":18}},"110":{"start":{"line":111,"column":0},"end":{"line":111,"column":45}},"111":{"start":{"line":112,"column":0},"end":{"line":112,"column":38}},"113":{"start":{"line":114,"column":0},"end":{"line":114,"column":34}},"114":{"start":{"line":115,"column":0},"end":{"line":115,"column":37}},"116":{"start":{"line":117,"column":0},"end":{"line":117,"column":31}},"117":{"start":{"line":118,"column":0},"end":{"line":118,"column":36}},"119":{"start":{"line":120,"column":0},"end":{"line":120,"column":37}},"120":{"start":{"line":121,"column":0},"end":{"line":121,"column":42}},"122":{"start":{"line":123,"column":0},"end":{"line":123,"column":30}},"123":{"start":{"line":124,"column":0},"end":{"line":124,"column":33}},"125":{"start":{"line":126,"column":0},"end":{"line":126,"column":37}},"126":{"start":{"line":127,"column":0},"end":{"line":127,"column":1}},"132":{"start":{"line":133,"column":0},"end":{"line":133,"column":51}},"133":{"start":{"line":134,"column":0},"end":{"line":134,"column":9}},"134":{"start":{"line":135,"column":0},"end":{"line":135,"column":40}},"135":{"start":{"line":136,"column":0},"end":{"line":136,"column":33}},"136":{"start":{"line":137,"column":0},"end":{"line":137,"column":39}},"137":{"start":{"line":138,"column":0},"end":{"line":138,"column":15}},"142":{"start":{"line":143,"column":0},"end":{"line":143,"column":60}},"143":{"start":{"line":144,"column":0},"end":{"line":144,"column":44}},"149":{"start":{"line":150,"column":0},"end":{"line":150,"column":79}},"150":{"start":{"line":151,"column":0},"end":{"line":151,"column":14}},"151":{"start":{"line":152,"column":0},"end":{"line":152,"column":2}},"158":{"start":{"line":159,"column":0},"end":{"line":159,"column":47}},"159":{"start":{"line":160,"column":0},"end":{"line":160,"column":3}},"160":{"start":{"line":161,"column":0},"end":{"line":161,"column":18}},"161":{"start":{"line":162,"column":0},"end":{"line":162,"column":18}},"162":{"start":{"line":163,"column":0},"end":{"line":163,"column":6}},"166":{"start":{"line":167,"column":0},"end":{"line":167,"column":35}},"167":{"start":{"line":168,"column":0},"end":{"line":168,"column":45}},"168":{"start":{"line":169,"column":0},"end":{"line":169,"column":45}},"169":{"start":{"line":170,"column":0},"end":{"line":170,"column":43}},"170":{"start":{"line":171,"column":0},"end":{"line":171,"column":53}},"171":{"start":{"line":172,"column":0},"end":{"line":172,"column":13}},"172":{"start":{"line":173,"column":0},"end":{"line":173,"column":32}},"173":{"start":{"line":174,"column":0},"end":{"line":174,"column":50}},"174":{"start":{"line":175,"column":0},"end":{"line":175,"column":7}},"175":{"start":{"line":176,"column":0},"end":{"line":176,"column":6}},"177":{"start":{"line":178,"column":0},"end":{"line":178,"column":26}},"178":{"start":{"line":179,"column":0},"end":{"line":179,"column":73}},"180":{"start":{"line":181,"column":0},"end":{"line":181,"column":10}},"181":{"start":{"line":182,"column":0},"end":{"line":182,"column":31}},"182":{"start":{"line":183,"column":0},"end":{"line":183,"column":19}},"183":{"start":{"line":184,"column":0},"end":{"line":184,"column":18}},"184":{"start":{"line":185,"column":0},"end":{"line":185,"column":48}},"185":{"start":{"line":186,"column":0},"end":{"line":186,"column":29}},"186":{"start":{"line":187,"column":0},"end":{"line":187,"column":3}},"187":{"start":{"line":188,"column":0},"end":{"line":188,"column":1}},"193":{"start":{"line":194,"column":0},"end":{"line":194,"column":56}},"194":{"start":{"line":195,"column":0},"end":{"line":195,"column":3}},"195":{"start":{"line":196,"column":0},"end":{"line":196,"column":13}},"196":{"start":{"line":197,"column":0},"end":{"line":197,"column":19}},"197":{"start":{"line":198,"column":0},"end":{"line":198,"column":68}},"198":{"start":{"line":199,"column":0},"end":{"line":199,"column":6}},"203":{"start":{"line":204,"column":0},"end":{"line":204,"column":29}},"204":{"start":{"line":205,"column":0},"end":{"line":205,"column":30}},"205":{"start":{"line":206,"column":0},"end":{"line":206,"column":7}},"206":{"start":{"line":207,"column":0},"end":{"line":207,"column":73}},"207":{"start":{"line":208,"column":0},"end":{"line":208,"column":17}},"208":{"start":{"line":209,"column":0},"end":{"line":209,"column":19}},"209":{"start":{"line":210,"column":0},"end":{"line":210,"column":9}},"210":{"start":{"line":211,"column":0},"end":{"line":211,"column":56}},"211":{"start":{"line":212,"column":0},"end":{"line":212,"column":52}},"212":{"start":{"line":213,"column":0},"end":{"line":213,"column":15}},"213":{"start":{"line":214,"column":0},"end":{"line":214,"column":7}},"214":{"start":{"line":215,"column":0},"end":{"line":215,"column":19}},"215":{"start":{"line":216,"column":0},"end":{"line":216,"column":13}},"216":{"start":{"line":217,"column":0},"end":{"line":217,"column":17}},"217":{"start":{"line":218,"column":0},"end":{"line":218,"column":5}},"218":{"start":{"line":219,"column":0},"end":{"line":219,"column":3}},"219":{"start":{"line":220,"column":0},"end":{"line":220,"column":1}}},"s":{"5":1,"9":1,"26":1,"27":1,"28":1,"29":1,"30":1,"31":1,"32":1,"33":1,"34":1,"36":1,"37":2,"38":2,"39":2,"40":2,"42":2,"43":2,"44":1,"46":1,"47":1,"48":3,"49":1,"50":0,"51":1,"58":1,"59":0,"60":0,"61":0,"62":0,"63":0,"64":0,"65":0,"66":0,"67":0,"68":0,"69":0,"70":0,"71":0,"73":0,"74":0,"75":0,"76":0,"77":0,"78":0,"79":0,"80":0,"81":0,"82":0,"83":0,"84":0,"89":1,"90":10,"108":1,"109":2,"110":2,"111":2,"113":2,"114":2,"116":2,"117":2,"119":2,"120":2,"122":2,"123":2,"125":2,"126":2,"132":1,"133":1,"134":1,"135":1,"136":1,"137":0,"142":1,"143":16,"149":1,"150":0,"151":0,"158":1,"159":1,"160":1,"161":1,"162":1,"166":1,"167":1,"168":1,"169":1,"170":1,"171":1,"172":1,"173":1,"174":1,"175":1,"177":1,"178":1,"180":1,"181":1,"182":1,"183":1,"184":1,"185":1,"186":1,"187":1,"193":1,"194":1,"195":1,"196":1,"197":1,"198":1,"203":1,"204":1,"205":1,"206":1,"207":0,"208":1,"209":1,"210":1,"211":1,"212":1,"213":1,"214":1,"215":1,"216":0,"217":0,"218":1,"219":1},"branchMap":{"0":{"type":"branch","line":27,"loc":{"start":{"line":27,"column":35},"end":{"line":52,"column":1}},"locations":[{"start":{"line":27,"column":35},"end":{"line":52,"column":1}}]},"1":{"type":"branch","line":37,"loc":{"start":{"line":37,"column":5},"end":{"line":45,"column":11}},"locations":[{"start":{"line":37,"column":5},"end":{"line":45,"column":11}}]},"2":{"type":"branch","line":44,"loc":{"start":{"line":44,"column":18},"end":{"line":44,"column":50}},"locations":[{"start":{"line":44,"column":18},"end":{"line":44,"column":50}}]},"3":{"type":"branch","line":44,"loc":{"start":{"line":44,"column":37},"end":{"line":44,"column":59}},"locations":[{"start":{"line":44,"column":37},"end":{"line":44,"column":59}}]},"4":{"type":"branch","line":50,"loc":{"start":{"line":50,"column":6},"end":{"line":51,"column":19}},"locations":[{"start":{"line":50,"column":6},"end":{"line":51,"column":19}}]},"5":{"type":"branch","line":48,"loc":{"start":{"line":48,"column":27},"end":{"line":49,"column":59}},"locations":[{"start":{"line":48,"column":27},"end":{"line":49,"column":59}}]},"6":{"type":"branch","line":90,"loc":{"start":{"line":90,"column":17},"end":{"line":91,"column":45}},"locations":[{"start":{"line":90,"column":17},"end":{"line":91,"column":45}}]},"7":{"type":"branch","line":109,"loc":{"start":{"line":109,"column":38},"end":{"line":127,"column":1}},"locations":[{"start":{"line":109,"column":38},"end":{"line":127,"column":1}}]},"8":{"type":"branch","line":112,"loc":{"start":{"line":112,"column":26},"end":{"line":112,"column":38}},"locations":[{"start":{"line":112,"column":26},"end":{"line":112,"column":38}}]},"9":{"type":"branch","line":115,"loc":{"start":{"line":115,"column":25},"end":{"line":115,"column":37}},"locations":[{"start":{"line":115,"column":25},"end":{"line":115,"column":37}}]},"10":{"type":"branch","line":118,"loc":{"start":{"line":118,"column":24},"end":{"line":118,"column":36}},"locations":[{"start":{"line":118,"column":24},"end":{"line":118,"column":36}}]},"11":{"type":"branch","line":121,"loc":{"start":{"line":121,"column":30},"end":{"line":121,"column":42}},"locations":[{"start":{"line":121,"column":30},"end":{"line":121,"column":42}}]},"12":{"type":"branch","line":124,"loc":{"start":{"line":124,"column":21},"end":{"line":124,"column":33}},"locations":[{"start":{"line":124,"column":21},"end":{"line":124,"column":33}}]},"13":{"type":"branch","line":133,"loc":{"start":{"line":133,"column":49},"end":{"line":138,"column":15}},"locations":[{"start":{"line":133,"column":49},"end":{"line":138,"column":15}}]},"14":{"type":"branch","line":137,"loc":{"start":{"line":137,"column":37},"end":{"line":138,"column":15}},"locations":[{"start":{"line":137,"column":37},"end":{"line":138,"column":15}}]},"15":{"type":"branch","line":143,"loc":{"start":{"line":143,"column":36},"end":{"line":144,"column":44}},"locations":[{"start":{"line":143,"column":36},"end":{"line":144,"column":44}}]},"16":{"type":"branch","line":159,"loc":{"start":{"line":159,"column":40},"end":{"line":188,"column":1}},"locations":[{"start":{"line":159,"column":40},"end":{"line":188,"column":1}}]},"17":{"type":"branch","line":179,"loc":{"start":{"line":179,"column":4},"end":{"line":179,"column":73}},"locations":[{"start":{"line":179,"column":4},"end":{"line":179,"column":73}}]},"18":{"type":"branch","line":194,"loc":{"start":{"line":194,"column":49},"end":{"line":220,"column":1}},"locations":[{"start":{"line":194,"column":49},"end":{"line":220,"column":1}}]},"19":{"type":"branch","line":207,"loc":{"start":{"line":207,"column":72},"end":{"line":209,"column":11}},"locations":[{"start":{"line":207,"column":72},"end":{"line":209,"column":11}}]},"20":{"type":"branch","line":216,"loc":{"start":{"line":216,"column":4},"end":{"line":218,"column":5}},"locations":[{"start":{"line":216,"column":4},"end":{"line":218,"column":5}}]}},"b":{"0":[1],"1":[2],"2":[1],"3":[1],"4":[0],"5":[3],"6":[10],"7":[2],"8":[0],"9":[0],"10":[0],"11":[0],"12":[0],"13":[1],"14":[0],"15":[16],"16":[1],"17":[0],"18":[1],"19":[0],"20":[0]},"fnMap":{"0":{"name":"getAllDynamicFields","decl":{"start":{"line":27,"column":35},"end":{"line":52,"column":1}},"loc":{"start":{"line":27,"column":35},"end":{"line":52,"column":1}},"line":27},"1":{"name":"getAllDynamicFieldObjects","decl":{"start":{"line":59,"column":41},"end":{"line":85,"column":1}},"loc":{"start":{"line":59,"column":41},"end":{"line":85,"column":1}},"line":59},"2":{"name":"isRecord","decl":{"start":{"line":90,"column":17},"end":{"line":91,"column":45}},"loc":{"start":{"line":90,"column":17},"end":{"line":91,"column":45}},"line":90},"3":{"name":"hasDynamicFieldValueId","decl":{"start":{"line":109,"column":38},"end":{"line":127,"column":1}},"loc":{"start":{"line":109,"column":38},"end":{"line":127,"column":1}},"line":109},"4":{"name":"getObjectIdFromDynamicFieldObject","decl":{"start":{"line":133,"column":49},"end":{"line":138,"column":15}},"loc":{"start":{"line":133,"column":49},"end":{"line":138,"column":15}},"line":133},"5":{"name":"isDynamicFieldObject","decl":{"start":{"line":143,"column":36},"end":{"line":144,"column":44}},"loc":{"start":{"line":143,"column":36},"end":{"line":144,"column":44}},"line":143},"6":{"name":"dynamicFieldObjectNormalization","decl":{"start":{"line":150,"column":47},"end":{"line":152,"column":2}},"loc":{"start":{"line":150,"column":47},"end":{"line":152,"column":2}},"line":150},"7":{"name":"getSuiDynamicFieldObject","decl":{"start":{"line":159,"column":40},"end":{"line":188,"column":1}},"loc":{"start":{"line":159,"column":40},"end":{"line":188,"column":1}},"line":159},"8":{"name":"getObjectWithDynamicFieldFallback","decl":{"start":{"line":194,"column":49},"end":{"line":220,"column":1}},"loc":{"start":{"line":194,"column":49},"end":{"line":220,"column":1}},"line":194}},"f":{"0":1,"1":0,"2":10,"3":2,"4":1,"5":16,"6":0,"7":1,"8":1}}
,"/Users/CoveMB/Code/CoveMB/OpenZeppelin/sui-oracle-market/packages/tooling/core/src/hex.ts": {"path":"/Users/CoveMB/Code/CoveMB/OpenZeppelin/sui-oracle-market/packages/tooling/core/src/hex.ts","all":false,"statementMap":{"3":{"start":{"line":4,"column":0},"end":{"line":4,"column":49}},"4":{"start":{"line":5,"column":0},"end":{"line":5,"column":47}},"11":{"start":{"line":12,"column":0},"end":{"line":12,"column":46}},"12":{"start":{"line":13,"column":0},"end":{"line":13,"column":40}},"17":{"start":{"line":18,"column":0},"end":{"line":18,"column":54}},"18":{"start":{"line":19,"column":0},"end":{"line":19,"column":50}},"19":{"start":{"line":20,"column":0},"end":{"line":20,"column":36}},"20":{"start":{"line":21,"column":0},"end":{"line":21,"column":56}},"21":{"start":{"line":22,"column":0},"end":{"line":22,"column":3}},"23":{"start":{"line":24,"column":0},"end":{"line":24,"column":28}},"24":{"start":{"line":25,"column":0},"end":{"line":25,"column":50}},"25":{"start":{"line":26,"column":0},"end":{"line":26,"column":63}},"26":{"start":{"line":27,"column":0},"end":{"line":27,"column":3}},"27":{"start":{"line":28,"column":0},"end":{"line":28,"column":14}},"28":{"start":{"line":29,"column":0},"end":{"line":29,"column":1}},"33":{"start":{"line":34,"column":0},"end":{"line":34,"column":73}},"34":{"start":{"line":35,"column":0},"end":{"line":35,"column":32}},"35":{"start":{"line":36,"column":0},"end":{"line":36,"column":71}},"36":{"start":{"line":37,"column":0},"end":{"line":37,"column":14}},"37":{"start":{"line":38,"column":0},"end":{"line":38,"column":1}}},"s":{"3":1,"4":8,"11":1,"12":2,"17":1,"18":4,"19":4,"20":1,"21":1,"23":3,"24":4,"25":5,"26":5,"27":3,"28":3,"33":1,"34":2,"35":2,"36":1,"37":1},"branchMap":{"0":{"type":"branch","line":4,"loc":{"start":{"line":4,"column":31},"end":{"line":5,"column":47}},"locations":[{"start":{"line":4,"column":31},"end":{"line":5,"column":47}}]},"1":{"type":"branch","line":5,"loc":{"start":{"line":5,"column":23},"end":{"line":5,"column":35}},"locations":[{"start":{"line":5,"column":23},"end":{"line":5,"column":35}}]},"2":{"type":"branch","line":5,"loc":{"start":{"line":5,"column":27},"end":{"line":5,"column":47}},"locations":[{"start":{"line":5,"column":27},"end":{"line":5,"column":47}}]},"3":{"type":"branch","line":12,"loc":{"start":{"line":12,"column":28},"end":{"line":13,"column":40}},"locations":[{"start":{"line":12,"column":28},"end":{"line":13,"column":40}}]},"4":{"type":"branch","line":18,"loc":{"start":{"line":18,"column":26},"end":{"line":29,"column":1}},"locations":[{"start":{"line":18,"column":26},"end":{"line":29,"column":1}}]},"5":{"type":"branch","line":20,"loc":{"start":{"line":20,"column":35},"end":{"line":25,"column":49}},"locations":[{"start":{"line":20,"column":35},"end":{"line":25,"column":49}}]},"6":{"type":"branch","line":20,"loc":{"start":{"line":20,"column":35},"end":{"line":22,"column":3}},"locations":[{"start":{"line":20,"column":35},"end":{"line":22,"column":3}}]},"7":{"type":"branch","line":25,"loc":{"start":{"line":25,"column":49},"end":{"line":27,"column":3}},"locations":[{"start":{"line":25,"column":49},"end":{"line":27,"column":3}}]},"8":{"type":"branch","line":27,"loc":{"start":{"line":27,"column":2},"end":{"line":29,"column":1}},"locations":[{"start":{"line":27,"column":2},"end":{"line":29,"column":1}}]},"9":{"type":"branch","line":34,"loc":{"start":{"line":34,"column":33},"end":{"line":38,"column":1}},"locations":[{"start":{"line":34,"column":33},"end":{"line":38,"column":1}}]},"10":{"type":"branch","line":36,"loc":{"start":{"line":36,"column":4},"end":{"line":38,"column":1}},"locations":[{"start":{"line":36,"column":4},"end":{"line":38,"column":1}}]}},"b":{"0":[8],"1":[7],"2":[1],"3":[2],"4":[4],"5":[3],"6":[1],"7":[5],"8":[3],"9":[2],"10":[1]},"fnMap":{"0":{"name":"ensureHexPrefix","decl":{"start":{"line":4,"column":31},"end":{"line":5,"column":47}},"loc":{"start":{"line":4,"column":31},"end":{"line":5,"column":47}},"line":4},"1":{"name":"normalizeHex","decl":{"start":{"line":12,"column":28},"end":{"line":13,"column":40}},"loc":{"start":{"line":12,"column":28},"end":{"line":13,"column":40}},"line":12},"2":{"name":"hexToBytes","decl":{"start":{"line":18,"column":26},"end":{"line":29,"column":1}},"loc":{"start":{"line":18,"column":26},"end":{"line":29,"column":1}},"line":18},"3":{"name":"assertBytesLength","decl":{"start":{"line":34,"column":33},"end":{"line":38,"column":1}},"loc":{"start":{"line":34,"column":33},"end":{"line":38,"column":1}},"line":34}},"f":{"0":8,"1":2,"2":4,"3":2}}
,"/Users/CoveMB/Code/CoveMB/OpenZeppelin/sui-oracle-market/packages/tooling/core/src/localnet.ts": {"path":"/Users/CoveMB/Code/CoveMB/OpenZeppelin/sui-oracle-market/packages/tooling/core/src/localnet.ts","all":false,"statementMap":{"3":{"start":{"line":4,"column":0},"end":{"line":4,"column":41}},"25":{"start":{"line":26,"column":0},"end":{"line":26,"column":55}},"26":{"start":{"line":27,"column":0},"end":{"line":27,"column":58}},"28":{"start":{"line":29,"column":0},"end":{"line":29,"column":48}},"29":{"start":{"line":30,"column":0},"end":{"line":30,"column":43}},"35":{"start":{"line":36,"column":0},"end":{"line":36,"column":69}},"36":{"start":{"line":37,"column":0},"end":{"line":37,"column":1}},"38":{"start":{"line":39,"column":0},"end":{"line":39,"column":44}},"39":{"start":{"line":40,"column":0},"end":{"line":40,"column":25}},"40":{"start":{"line":41,"column":0},"end":{"line":41,"column":77}},"41":{"start":{"line":42,"column":0},"end":{"line":42,"column":3}},"42":{"start":{"line":43,"column":0},"end":{"line":43,"column":1}},"44":{"start":{"line":45,"column":0},"end":{"line":45,"column":44}},"45":{"start":{"line":46,"column":0},"end":{"line":46,"column":7}},"46":{"start":{"line":47,"column":0},"end":{"line":47,"column":31}},"47":{"start":{"line":48,"column":0},"end":{"line":48,"column":70}},"48":{"start":{"line":49,"column":0},"end":{"line":49,"column":18}},"49":{"start":{"line":50,"column":0},"end":{"line":50,"column":5}},"50":{"start":{"line":51,"column":0},"end":{"line":51,"column":46}},"51":{"start":{"line":52,"column":0},"end":{"line":52,"column":11}},"52":{"start":{"line":53,"column":0},"end":{"line":53,"column":16}},"53":{"start":{"line":54,"column":0},"end":{"line":54,"column":3}},"54":{"start":{"line":55,"column":0},"end":{"line":55,"column":1}},"56":{"start":{"line":57,"column":0},"end":{"line":57,"column":57}},"57":{"start":{"line":58,"column":0},"end":{"line":58,"column":9}},"58":{"start":{"line":59,"column":0},"end":{"line":59,"column":18}},"59":{"start":{"line":60,"column":0},"end":{"line":60,"column":16}},"60":{"start":{"line":61,"column":0},"end":{"line":61,"column":4}},"66":{"start":{"line":67,"column":0},"end":{"line":67,"column":7}},"67":{"start":{"line":68,"column":0},"end":{"line":68,"column":58}},"68":{"start":{"line":69,"column":0},"end":{"line":69,"column":39}},"70":{"start":{"line":71,"column":0},"end":{"line":71,"column":16}},"71":{"start":{"line":72,"column":0},"end":{"line":72,"column":29}},"72":{"start":{"line":73,"column":0},"end":{"line":73,"column":60}},"73":{"start":{"line":74,"column":0},"end":{"line":74,"column":46}},"74":{"start":{"line":75,"column":0},"end":{"line":75,"column":50}},"76":{"start":{"line":77,"column":0},"end":{"line":77,"column":36}},"77":{"start":{"line":78,"column":0},"end":{"line":78,"column":61}},"78":{"start":{"line":79,"column":0},"end":{"line":79,"column":64}},"79":{"start":{"line":80,"column":0},"end":{"line":80,"column":37}},"80":{"start":{"line":81,"column":0},"end":{"line":81,"column":8}},"81":{"start":{"line":82,"column":0},"end":{"line":82,"column":63}},"82":{"start":{"line":83,"column":0},"end":{"line":83,"column":80}},"83":{"start":{"line":84,"column":0},"end":{"line":84,"column":7}},"84":{"start":{"line":85,"column":0},"end":{"line":85,"column":5}},"86":{"start":{"line":87,"column":0},"end":{"line":87,"column":58}},"87":{"start":{"line":88,"column":0},"end":{"line":88,"column":29}},"88":{"start":{"line":89,"column":0},"end":{"line":89,"column":20}},"89":{"start":{"line":90,"column":0},"end":{"line":90,"column":13}},"90":{"start":{"line":91,"column":0},"end":{"line":91,"column":8}},"92":{"start":{"line":93,"column":0},"end":{"line":93,"column":57}},"93":{"start":{"line":94,"column":0},"end":{"line":94,"column":30}},"94":{"start":{"line":95,"column":0},"end":{"line":95,"column":16}},"95":{"start":{"line":96,"column":0},"end":{"line":96,"column":16}},"96":{"start":{"line":97,"column":0},"end":{"line":97,"column":29}},"97":{"start":{"line":98,"column":0},"end":{"line":98,"column":26}},"98":{"start":{"line":99,"column":0},"end":{"line":99,"column":25}},"99":{"start":{"line":100,"column":0},"end":{"line":100,"column":32}},"100":{"start":{"line":101,"column":0},"end":{"line":101,"column":33}},"101":{"start":{"line":102,"column":0},"end":{"line":102,"column":23}},"102":{"start":{"line":103,"column":0},"end":{"line":103,"column":7}},"103":{"start":{"line":104,"column":0},"end":{"line":104,"column":6}},"105":{"start":{"line":106,"column":0},"end":{"line":106,"column":56}},"106":{"start":{"line":107,"column":0},"end":{"line":107,"column":64}},"107":{"start":{"line":108,"column":0},"end":{"line":108,"column":60}},"108":{"start":{"line":109,"column":0},"end":{"line":109,"column":5}},"110":{"start":{"line":111,"column":0},"end":{"line":111,"column":55}},"111":{"start":{"line":112,"column":0},"end":{"line":112,"column":76}},"112":{"start":{"line":113,"column":0},"end":{"line":113,"column":5}},"114":{"start":{"line":115,"column":0},"end":{"line":115,"column":17}},"115":{"start":{"line":116,"column":0},"end":{"line":116,"column":3}},"116":{"start":{"line":117,"column":0},"end":{"line":117,"column":1}},"118":{"start":{"line":119,"column":0},"end":{"line":119,"column":36}},"119":{"start":{"line":120,"column":0},"end":{"line":120,"column":38}},"120":{"start":{"line":121,"column":0},"end":{"line":121,"column":17}},"121":{"start":{"line":122,"column":0},"end":{"line":122,"column":6}},"122":{"start":{"line":123,"column":0},"end":{"line":123,"column":48}},"123":{"start":{"line":124,"column":0},"end":{"line":124,"column":77}},"124":{"start":{"line":125,"column":0},"end":{"line":125,"column":51}},"125":{"start":{"line":126,"column":0},"end":{"line":126,"column":3}},"126":{"start":{"line":127,"column":0},"end":{"line":127,"column":6}},"127":{"start":{"line":128,"column":0},"end":{"line":128,"column":36}},"128":{"start":{"line":129,"column":0},"end":{"line":129,"column":43}},"129":{"start":{"line":130,"column":0},"end":{"line":130,"column":5}},"130":{"start":{"line":131,"column":0},"end":{"line":131,"column":53}},"131":{"start":{"line":132,"column":0},"end":{"line":132,"column":39}},"132":{"start":{"line":133,"column":0},"end":{"line":133,"column":5}},"133":{"start":{"line":134,"column":0},"end":{"line":134,"column":3}},"134":{"start":{"line":135,"column":0},"end":{"line":135,"column":14}},"135":{"start":{"line":136,"column":0},"end":{"line":136,"column":1}}},"s":{"3":1,"25":1,"26":1,"28":1,"29":3,"35":3,"36":3,"38":1,"39":3,"40":1,"41":1,"42":3,"44":1,"45":6,"46":6,"47":6,"48":0,"49":0,"50":6,"51":6,"52":0,"53":0,"54":6,"56":1,"57":3,"58":3,"59":3,"60":3,"66":3,"67":3,"68":3,"70":2,"71":2,"72":2,"73":2,"74":2,"76":2,"77":1,"78":1,"79":1,"80":1,"81":1,"82":0,"83":0,"84":1,"86":2,"87":2,"88":2,"89":2,"90":2,"92":2,"93":2,"94":2,"95":2,"96":2,"97":2,"98":2,"99":2,"100":2,"101":2,"102":2,"103":2,"105":2,"106":1,"107":1,"108":1,"110":2,"111":0,"112":0,"114":2,"115":2,"116":2,"118":1,"119":2,"120":2,"121":2,"122":2,"123":2,"124":1,"125":1,"126":1,"127":1,"128":1,"129":2,"130":1,"131":1,"132":1,"133":1,"134":0,"135":0},"branchMap":{"0":{"type":"branch","line":29,"loc":{"start":{"line":29,"column":24},"end":{"line":37,"column":1}},"locations":[{"start":{"line":29,"column":24},"end":{"line":37,"column":1}}]},"1":{"type":"branch","line":36,"loc":{"start":{"line":36,"column":31},"end":{"line":36,"column":56}},"locations":[{"start":{"line":36,"column":31},"end":{"line":36,"column":56}}]},"2":{"type":"branch","line":36,"loc":{"start":{"line":36,"column":46},"end":{"line":36,"column":69}},"locations":[{"start":{"line":36,"column":46},"end":{"line":36,"column":69}}]},"3":{"type":"branch","line":39,"loc":{"start":{"line":39,"column":26},"end":{"line":43,"column":1}},"locations":[{"start":{"line":39,"column":26},"end":{"line":43,"column":1}}]},"4":{"type":"branch","line":40,"loc":{"start":{"line":40,"column":24},"end":{"line":42,"column":3}},"locations":[{"start":{"line":40,"column":24},"end":{"line":42,"column":3}}]},"5":{"type":"branch","line":45,"loc":{"start":{"line":45,"column":26},"end":{"line":55,"column":1}},"locations":[{"start":{"line":45,"column":26},"end":{"line":55,"column":1}}]},"6":{"type":"branch","line":48,"loc":{"start":{"line":48,"column":28},"end":{"line":48,"column":69}},"locations":[{"start":{"line":48,"column":28},"end":{"line":48,"column":69}}]},"7":{"type":"branch","line":48,"loc":{"start":{"line":48,"column":69},"end":{"line":50,"column":5}},"locations":[{"start":{"line":48,"column":69},"end":{"line":50,"column":5}}]},"8":{"type":"branch","line":52,"loc":{"start":{"line":52,"column":2},"end":{"line":54,"column":3}},"locations":[{"start":{"line":52,"column":2},"end":{"line":54,"column":3}}]},"9":{"type":"branch","line":57,"loc":{"start":{"line":57,"column":36},"end":{"line":117,"column":1}},"locations":[{"start":{"line":57,"column":36},"end":{"line":117,"column":1}}]},"10":{"type":"branch","line":69,"loc":{"start":{"line":69,"column":38},"end":{"line":117,"column":1}},"locations":[{"start":{"line":69,"column":38},"end":{"line":117,"column":1}}]},"11":{"type":"branch","line":71,"loc":{"start":{"line":71,"column":9},"end":{"line":116,"column":3}},"locations":[{"start":{"line":71,"column":9},"end":{"line":116,"column":3}}]},"12":{"type":"branch","line":75,"loc":{"start":{"line":75,"column":18},"end":{"line":75,"column":36}},"locations":[{"start":{"line":75,"column":18},"end":{"line":75,"column":36}}]},"13":{"type":"branch","line":77,"loc":{"start":{"line":77,"column":8},"end":{"line":77,"column":28}},"locations":[{"start":{"line":77,"column":8},"end":{"line":77,"column":28}}]},"14":{"type":"branch","line":77,"loc":{"start":{"line":77,"column":35},"end":{"line":85,"column":5}},"locations":[{"start":{"line":77,"column":35},"end":{"line":85,"column":5}}]},"15":{"type":"branch","line":82,"loc":{"start":{"line":82,"column":62},"end":{"line":84,"column":7}},"locations":[{"start":{"line":82,"column":62},"end":{"line":84,"column":7}}]},"16":{"type":"branch","line":106,"loc":{"start":{"line":106,"column":8},"end":{"line":106,"column":55}},"locations":[{"start":{"line":106,"column":8},"end":{"line":106,"column":55}}]},"17":{"type":"branch","line":106,"loc":{"start":{"line":106,"column":55},"end":{"line":109,"column":5}},"locations":[{"start":{"line":106,"column":55},"end":{"line":109,"column":5}}]},"18":{"type":"branch","line":111,"loc":{"start":{"line":111,"column":54},"end":{"line":113,"column":5}},"locations":[{"start":{"line":111,"column":54},"end":{"line":113,"column":5}}]},"19":{"type":"branch","line":119,"loc":{"start":{"line":119,"column":35},"end":{"line":136,"column":1}},"locations":[{"start":{"line":119,"column":35},"end":{"line":136,"column":1}}]},"20":{"type":"branch","line":123,"loc":{"start":{"line":123,"column":36},"end":{"line":123,"column":48}},"locations":[{"start":{"line":123,"column":36},"end":{"line":123,"column":48}}]},"21":{"type":"branch","line":124,"loc":{"start":{"line":124,"column":18},"end":{"line":124,"column":76}},"locations":[{"start":{"line":124,"column":18},"end":{"line":124,"column":76}}]},"22":{"type":"branch","line":124,"loc":{"start":{"line":124,"column":76},"end":{"line":129,"column":43}},"locations":[{"start":{"line":124,"column":76},"end":{"line":129,"column":43}}]},"23":{"type":"branch","line":130,"loc":{"start":{"line":130,"column":4},"end":{"line":134,"column":3}},"locations":[{"start":{"line":130,"column":4},"end":{"line":134,"column":3}}]},"24":{"type":"branch","line":134,"loc":{"start":{"line":134,"column":2},"end":{"line":136,"column":1}},"locations":[{"start":{"line":134,"column":2},"end":{"line":136,"column":1}}]},"25":{"type":"branch","line":131,"loc":{"start":{"line":131,"column":41},"end":{"line":132,"column":39}},"locations":[{"start":{"line":131,"column":41},"end":{"line":132,"column":39}}]}},"b":{"0":[3],"1":[0],"2":[0],"3":[3],"4":[1],"5":[6],"6":[3],"7":[0],"8":[0],"9":[3],"10":[2],"11":[2],"12":[1],"13":[1],"14":[1],"15":[0],"16":[1],"17":[1],"18":[0],"19":[2],"20":[0],"21":[1],"22":[1],"23":[1],"24":[0],"25":[1]},"fnMap":{"0":{"name":"getClientRpcUrl","decl":{"start":{"line":29,"column":24},"end":{"line":37,"column":1}},"loc":{"start":{"line":29,"column":24},"end":{"line":37,"column":1}},"line":29},"1":{"name":"assertLocalRpcUrl","decl":{"start":{"line":39,"column":26},"end":{"line":43,"column":1}},"loc":{"start":{"line":39,"column":26},"end":{"line":43,"column":1}},"line":39},"2":{"name":"isLocalRpc","decl":{"start":{"line":45,"column":26},"end":{"line":55,"column":1}},"loc":{"start":{"line":45,"column":26},"end":{"line":55,"column":1}},"line":45},"3":{"name":"makeLocalnetExecutor","decl":{"start":{"line":57,"column":36},"end":{"line":117,"column":1}},"loc":{"start":{"line":57,"column":36},"end":{"line":117,"column":1}},"line":57},"4":{"name":"walletSupportsChain","decl":{"start":{"line":119,"column":35},"end":{"line":136,"column":1}},"loc":{"start":{"line":119,"column":35},"end":{"line":136,"column":1}},"line":119}},"f":{"0":3,"1":3,"2":6,"3":3,"4":2}}
[...]
end":{"line":471,"column":1}}]},"37":{"type":"branch","line":452,"loc":{"start":{"line":452,"column":51},"end":{"line":468,"column":3}},"locations":[{"start":{"line":452,"column":51},"end":{"line":468,"column":3}}]},"38":{"type":"branch","line":454,"loc":{"start":{"line":454,"column":27},"end":{"line":454,"column":42}},"locations":[{"start":{"line":454,"column":27},"end":{"line":454,"column":42}}]},"39":{"type":"branch","line":457,"loc":{"start":{"line":457,"column":25},"end":{"line":467,"column":26}},"locations":[{"start":{"line":457,"column":25},"end":{"line":467,"column":26}}]},"40":{"type":"branch","line":476,"loc":{"start":{"line":476,"column":32},"end":{"line":504,"column":1}},"locations":[{"start":{"line":476,"column":32},"end":{"line":504,"column":1}}]},"41":{"type":"branch","line":483,"loc":{"start":{"line":483,"column":30},"end":{"line":504,"column":1}},"locations":[{"start":{"line":483,"column":30},"end":{"line":504,"column":1}}]},"42":{"type":"branch","line":483,"loc":{"start":{"line":483,"column":38},"end":{"line":487,"column":32}},"locations":[{"start":{"line":483,"column":38},"end":{"line":487,"column":32}}]},"43":{"type":"branch","line":487,"loc":{"start":{"line":487,"column":25},"end":{"line":487,"column":34}},"locations":[{"start":{"line":487,"column":25},"end":{"line":487,"column":34}}]},"44":{"type":"branch","line":487,"loc":{"start":{"line":487,"column":33},"end":{"line":496,"column":39}},"locations":[{"start":{"line":487,"column":33},"end":{"line":496,"column":39}}]},"45":{"type":"branch","line":496,"loc":{"start":{"line":496,"column":32},"end":{"line":496,"column":41}},"locations":[{"start":{"line":496,"column":32},"end":{"line":496,"column":41}}]},"46":{"type":"branch","line":496,"loc":{"start":{"line":496,"column":40},"end":{"line":504,"column":1}},"locations":[{"start":{"line":496,"column":40},"end":{"line":504,"column":1}}]},"47":{"type":"branch","line":509,"loc":{"start":{"line":509,"column":27},"end":{"line":527,"column":2}},"locations":[{"start":{"line":509,"column":27},"end":{"line":527,"column":2}}]},"48":{"type":"branch","line":512,"loc":{"start":{"line":512,"column":12},"end":{"line":512,"column":33}},"locations":[{"start":{"line":512,"column":12},"end":{"line":512,"column":33}}]},"49":{"type":"branch","line":515,"loc":{"start":{"line":515,"column":12},"end":{"line":515,"column":33}},"locations":[{"start":{"line":515,"column":12},"end":{"line":515,"column":33}}]},"50":{"type":"branch","line":518,"loc":{"start":{"line":518,"column":12},"end":{"line":518,"column":33}},"locations":[{"start":{"line":518,"column":12},"end":{"line":518,"column":33}}]},"51":{"type":"branch","line":521,"loc":{"start":{"line":521,"column":12},"end":{"line":521,"column":33}},"locations":[{"start":{"line":521,"column":12},"end":{"line":521,"column":33}}]},"52":{"type":"branch","line":524,"loc":{"start":{"line":524,"column":16},"end":{"line":524,"column":37}},"locations":[{"start":{"line":524,"column":16},"end":{"line":524,"column":37}}]},"53":{"type":"branch","line":513,"loc":{"start":{"line":513,"column":4},"end":{"line":513,"column":75}},"locations":[{"start":{"line":513,"column":4},"end":{"line":513,"column":75}}]},"54":{"type":"branch","line":516,"loc":{"start":{"line":516,"column":4},"end":{"line":516,"column":72}},"locations":[{"start":{"line":516,"column":4},"end":{"line":516,"column":72}}]},"55":{"type":"branch","line":519,"loc":{"start":{"line":519,"column":4},"end":{"line":519,"column":72}},"locations":[{"start":{"line":519,"column":4},"end":{"line":519,"column":72}}]},"56":{"type":"branch","line":522,"loc":{"start":{"line":522,"column":4},"end":{"line":522,"column":72}},"locations":[{"start":{"line":522,"column":4},"end":{"line":522,"column":72}}]},"57":{"type":"branch","line":525,"loc":{"start":{"line":525,"column":4},"end":{"line":525,"column":80}},"locations":[{"start":{"line":525,"column":4},"end":{"line":525,"column":80}}]},"58":{"type":"branch","line":532,"loc":{"start":{"line":532,"column":30},"end":{"line":543,"column":15}},"locations":[{"start":{"line":532,"column":30},"end":{"line":543,"column":15}}]},"59":{"type":"branch","line":542,"loc":{"start":{"line":542,"column":9},"end":{"line":543,"column":15}},"locations":[{"start":{"line":542,"column":9},"end":{"line":543,"column":15}}]},"60":{"type":"branch","line":536,"loc":{"start":{"line":536,"column":7},"end":{"line":542,"column":9}},"locations":[{"start":{"line":536,"column":7},"end":{"line":542,"column":9}}]},"61":{"type":"branch","line":539,"loc":{"start":{"line":539,"column":8},"end":{"line":541,"column":9}},"locations":[{"start":{"line":539,"column":8},"end":{"line":541,"column":9}}]},"62":{"type":"branch","line":548,"loc":{"start":{"line":548,"column":35},"end":{"line":555,"column":15}},"locations":[{"start":{"line":548,"column":35},"end":{"line":555,"column":15}}]},"63":{"type":"branch","line":551,"loc":{"start":{"line":551,"column":30},"end":{"line":555,"column":5}},"locations":[{"start":{"line":551,"column":30},"end":{"line":555,"column":5}}]},"64":{"type":"branch","line":560,"loc":{"start":{"line":560,"column":29},"end":{"line":575,"column":1}},"locations":[{"start":{"line":560,"column":29},"end":{"line":575,"column":1}}]},"65":{"type":"branch","line":572,"loc":{"start":{"line":572,"column":40},"end":{"line":573,"column":23}},"locations":[{"start":{"line":572,"column":40},"end":{"line":573,"column":23}}]},"66":{"type":"branch","line":580,"loc":{"start":{"line":580,"column":35},"end":{"line":616,"column":1}},"locations":[{"start":{"line":580,"column":35},"end":{"line":616,"column":1}}]},"67":{"type":"branch","line":595,"loc":{"start":{"line":595,"column":44},"end":{"line":613,"column":3}},"locations":[{"start":{"line":595,"column":44},"end":{"line":613,"column":3}}]},"68":{"type":"branch","line":602,"loc":{"start":{"line":602,"column":6},"end":{"line":610,"column":5}},"locations":[{"start":{"line":602,"column":6},"end":{"line":610,"column":5}}]},"69":{"type":"branch","line":610,"loc":{"start":{"line":610,"column":4},"end":{"line":612,"column":19}},"locations":[{"start":{"line":610,"column":4},"end":{"line":612,"column":19}}]},"70":{"type":"branch","line":621,"loc":{"start":{"line":621,"column":43},"end":{"line":656,"column":1}},"locations":[{"start":{"line":621,"column":43},"end":{"line":656,"column":1}}]},"71":{"type":"branch","line":632,"loc":{"start":{"line":632,"column":23},"end":{"line":656,"column":1}},"locations":[{"start":{"line":632,"column":23},"end":{"line":656,"column":1}}]},"72":{"type":"branch","line":632,"loc":{"start":{"line":632,"column":31},"end":{"line":635,"column":36}},"locations":[{"start":{"line":632,"column":31},"end":{"line":635,"column":36}}]},"73":{"type":"branch","line":635,"loc":{"start":{"line":635,"column":29},"end":{"line":635,"column":38}},"locations":[{"start":{"line":635,"column":29},"end":{"line":635,"column":38}}]},"74":{"type":"branch","line":635,"loc":{"start":{"line":635,"column":37},"end":{"line":648,"column":40}},"locations":[{"start":{"line":635,"column":37},"end":{"line":648,"column":40}}]},"75":{"type":"branch","line":648,"loc":{"start":{"line":648,"column":33},"end":{"line":648,"column":42}},"locations":[{"start":{"line":648,"column":33},"end":{"line":648,"column":42}}]},"76":{"type":"branch","line":648,"loc":{"start":{"line":648,"column":41},"end":{"line":656,"column":1}},"locations":[{"start":{"line":648,"column":41},"end":{"line":656,"column":1}}]},"77":{"type":"branch","line":661,"loc":{"start":{"line":661,"column":32},"end":{"line":673,"column":4}},"locations":[{"start":{"line":661,"column":32},"end":{"line":673,"column":4}}]},"78":{"type":"branch","line":672,"loc":{"start":{"line":672,"column":29},"end":{"line":672,"column":39}},"locations":[{"start":{"line":672,"column":29},"end":{"line":672,"column":39}}]},"79":{"type":"branch","line":678,"loc":{"start":{"line":678,"column":32},"end":{"line":690,"column":4}},"locations":[{"start":{"line":678,"column":32},"end":{"line":690,"column":4}}]},"80":{"type":"branch","line":689,"loc":{"start":{"line":689,"column":29},"end":{"line":689,"column":62}},"locations":[{"start":{"line":689,"column":29},"end":{"line":689,"column":62}}]},"81":{"type":"branch","line":695,"loc":{"start":{"line":695,"column":34},"end":{"line":713,"column":3}},"locations":[{"start":{"line":695,"column":34},"end":{"line":713,"column":3}}]},"82":{"type":"branch","line":700,"loc":{"start":{"line":700,"column":23},"end":{"line":712,"column":5}},"locations":[{"start":{"line":700,"column":23},"end":{"line":712,"column":5}}]},"83":{"type":"branch","line":718,"loc":{"start":{"line":718,"column":40},"end":{"line":737,"column":1}},"locations":[{"start":{"line":718,"column":40},"end":{"line":737,"column":1}}]},"84":{"type":"branch","line":742,"loc":{"start":{"line":742,"column":45},"end":{"line":775,"column":1}},"locations":[{"start":{"line":742,"column":45},"end":{"line":775,"column":1}}]},"85":{"type":"branch","line":750,"loc":{"start":{"line":750,"column":25},"end":{"line":750,"column":68}},"locations":[{"start":{"line":750,"column":25},"end":{"line":750,"column":68}}]},"86":{"type":"branch","line":750,"loc":{"start":{"line":750,"column":54},"end":{"line":750,"column":70}},"locations":[{"start":{"line":750,"column":54},"end":{"line":750,"column":70}}]},"87":{"type":"branch","line":754,"loc":{"start":{"line":754,"column":47},"end":{"line":754,"column":64}},"locations":[{"start":{"line":754,"column":47},"end":{"line":754,"column":64}}]},"88":{"type":"branch","line":754,"loc":{"start":{"line":754,"column":64},"end":{"line":755,"column":63}},"locations":[{"start":{"line":754,"column":64},"end":{"line":755,"column":63}}]},"89":{"type":"branch","line":756,"loc":{"start":{"line":756,"column":29},"end":{"line":756,"column":71}},"locations":[{"start":{"line":756,"column":29},"end":{"line":756,"column":71}}]},"90":{"type":"branch","line":767,"loc":{"start":{"line":767,"column":51},"end":{"line":767,"column":69}},"locations":[{"start":{"line":767,"column":51},"end":{"line":767,"column":69}}]},"91":{"type":"branch","line":768,"loc":{"start":{"line":768,"column":62},"end":{"line":768,"column":79}},"locations":[{"start":{"line":768,"column":62},"end":{"line":768,"column":79}}]},"92":{"type":"branch","line":768,"loc":{"start":{"line":768,"column":79},"end":{"line":769,"column":59}},"locations":[{"start":{"line":768,"column":79},"end":{"line":769,"column":59}}]},"93":{"type":"branch","line":780,"loc":{"start":{"line":780,"column":25},"end":{"line":813,"column":1}},"locations":[{"start":{"line":780,"column":25},"end":{"line":813,"column":1}}]},"94":{"type":"branch","line":805,"loc":{"start":{"line":805,"column":4},"end":{"line":807,"column":50}},"locations":[{"start":{"line":805,"column":4},"end":{"line":807,"column":50}}]},"95":{"type":"branch","line":807,"loc":{"start":{"line":807,"column":37},"end":{"line":807,"column":59}},"locations":[{"start":{"line":807,"column":37},"end":{"line":807,"column":59}}]},"96":{"type":"branch","line":808,"loc":{"start":{"line":808,"column":2},"end":{"line":813,"column":1}},"locations":[{"start":{"line":808,"column":2},"end":{"line":813,"column":1}}]},"97":{"type":"branch","line":796,"loc":{"start":{"line":796,"column":6},"end":{"line":796,"column":70}},"locations":[{"start":{"line":796,"column":6},"end":{"line":796,"column":70}}]},"98":{"type":"branch","line":818,"loc":{"start":{"line":818,"column":27},"end":{"line":827,"column":1}},"locations":[{"start":{"line":818,"column":27},"end":{"line":827,"column":1}}]},"99":{"type":"branch","line":821,"loc":{"start":{"line":821,"column":14},"end":{"line":824,"column":12}},"locations":[{"start":{"line":821,"column":14},"end":{"line":824,"column":12}}]},"100":{"type":"branch","line":826,"loc":{"start":{"line":826,"column":9},"end":{"line":826,"column":19}},"locations":[{"start":{"line":826,"column":9},"end":{"line":826,"column":19}}]},"101":{"type":"branch","line":832,"loc":{"start":{"line":832,"column":29},"end":{"line":846,"column":1}},"locations":[{"start":{"line":832,"column":29},"end":{"line":846,"column":1}}]},"102":{"type":"branch","line":835,"loc":{"start":{"line":835,"column":14},"end":{"line":838,"column":12}},"locations":[{"start":{"line":835,"column":14},"end":{"line":838,"column":12}}]},"103":{"type":"branch","line":843,"loc":{"start":{"line":843,"column":15},"end":{"line":843,"column":52}},"locations":[{"start":{"line":843,"column":15},"end":{"line":843,"column":52}}]}},"b":{"0":[2],"1":[2],"2":[2],"3":[1],"4":[1],"5":[2],"6":[0],"7":[3],"8":[2],"9":[0],"10":[5],"11":[3],"12":[2],"13":[0],"14":[1],"15":[1],"16":[0],"17":[2],"18":[0],"19":[3],"20":[2],"21":[1],"22":[0],"23":[3],"24":[3],"25":[0],"26":[3],"27":[2],"28":[1],"29":[12],"30":[0],"31":[1],"32":[2],"33":[2],"34":[1],"35":[1],"36":[1],"37":[4],"38":[0],"39":[2],"40":[3],"41":[2],"42":[1],"43":[0],"44":[1],"45":[0],"46":[1],"47":[3],"48":[0],"49":[0],"50":[0],"51":[0],"52":[0],"53":[5],"54":[5],"55":[5],"56":[5],"57":[5],"58":[16],"59":[0],"60":[16],"61":[0],"62":[2],"63":[2],"64":[8],"65":[2],"66":[2],"67":[8],"68":[2],"69":[6],"70":[6],"71":[4],"72":[2],"73":[0],"74":[2],"75":[0],"76":[2],"77":[3],"78":[1],"79":[3],"80":[1],"81":[1],"82":[1],"83":[1],"84":[1],"85":[0],"86":[0],"87":[0],"88":[0],"89":[0],"90":[0],"91":[0],"92":[0],"93":[3],"94":[0],"95":[0],"96":[0],"97":[3],"98":[2],"99":[0],"100":[1],"101":[2],"102":[0],"103":[1]},"fnMap":{"0":{"name":"findCreatedArtifactBySuffix","decl":{"start":{"line":61,"column":43},"end":{"line":64,"column":80}},"loc":{"start":{"line":61,"column":43},"end":{"line":64,"column":80}},"line":61},"1":{"name":"findCreatedArtifactIdBySuffix","decl":{"start":{"line":66,"column":45},"end":{"line":69,"column":68}},"loc":{"start":{"line":66,"column":45},"end":{"line":69,"column":68}},"line":66},"2":{"name":"requireCreatedArtifactIdBySuffix","decl":{"start":{"line":71,"column":48},"end":{"line":83,"column":3}},"loc":{"start":{"line":71,"column":48},"end":{"line":83,"column":3}},"line":71},"3":{"name":"hasExistingGasPayment","decl":{"start":{"line":96,"column":30},"end":{"line":99,"column":1}},"loc":{"start":{"line":96,"column":30},"end":{"line":99,"column":1}},"line":96},"4":{"name":"ensureGasPayment","decl":{"start":{"line":105,"column":25},"end":{"line":121,"column":1}},"loc":{"start":{"line":105,"column":25},"end":{"line":121,"column":1}},"line":105},"5":{"name":"executeTransactionOnce","decl":{"start":{"line":133,"column":38},"end":{"line":162,"column":1}},"loc":{"start":{"line":133,"column":38},"end":{"line":162,"column":1}},"line":133},"6":{"name":"decideRetryForGasIssues","decl":{"start":{"line":172,"column":32},"end":{"line":188,"column":1}},"loc":{"start":{"line":172,"column":32},"end":{"line":188,"column":1}},"line":172},"7":{"name":"normalizeUnknownError","decl":{"start":{"line":193,"column":30},"end":{"line":194,"column":59}},"loc":{"start":{"line":193,"column":30},"end":{"line":194,"column":59}},"line":193},"8":{"name":"signAndExecute","decl":{"start":{"line":201,"column":30},"end":{"line":256,"column":1}},"loc":{"start":{"line":201,"column":30},"end":{"line":256,"column":1}},"line":201},"9":{"name":"didTransactionSucceed","decl":{"start":{"line":312,"column":30},"end":{"line":314,"column":60}},"loc":{"start":{"line":312,"column":30},"end":{"line":314,"column":60}},"line":312},"10":{"name":"persistObjectsIfAny","decl":{"start":{"line":320,"column":28},"end":{"line":366,"column":1}},"loc":{"start":{"line":320,"column":28},"end":{"line":366,"column":1}},"line":320},"11":{"name":"persistCreatedArtifacts","decl":{"start":{"line":371,"column":32},"end":{"line":402,"column":1}},"loc":{"start":{"line":371,"column":32},"end":{"line":402,"column":1}},"line":371},"12":{"name":"deriveArtifactObjectId","decl":{"start":{"line":407,"column":31},"end":{"line":410,"column":46}},"loc":{"start":{"line":407,"column":31},"end":{"line":410,"column":46}},"line":407},"13":{"name":"indexUpdatesByObjectId","decl":{"start":{"line":415,"column":31},"end":{"line":425,"column":3}},"loc":{"start":{"line":415,"column":31},"end":{"line":425,"column":3}},"line":415},"14":{"name":"mapOwnerFromObjectChange","decl":{"start":{"line":437,"column":33},"end":{"line":438,"column":57}},"loc":{"start":{"line":437,"column":33},"end":{"line":438,"column":57}},"line":437},"15":{"name":"applyUpdatesToArtifacts","decl":{"start":{"line":443,"column":32},"end":{"line":471,"column":1}},"loc":{"start":{"line":443,"column":32},"end":{"line":471,"column":1}},"line":443},"16":{"name":"persistUpdatedArtifacts","decl":{"start":{"line":476,"column":32},"end":{"line":504,"column":1}},"loc":{"start":{"line":476,"column":32},"end":{"line":504,"column":1}},"line":476},"17":{"name":"groupObjectChanges","decl":{"start":{"line":509,"column":27},"end":{"line":527,"column":2}},"loc":{"start":{"line":509,"column":27},"end":{"line":527,"column":2}},"line":509},"18":{"name":"normalizeObjectIdSafe","decl":{"start":{"line":532,"column":30},"end":{"line":543,"column":15}},"loc":{"start":{"line":532,"column":30},"end":{"line":543,"column":15}},"line":532},"19":{"name":"buildNormalizedObjectIdSet","decl":{"start":{"line":548,"column":35},"end":{"line":555,"column":15}},"loc":{"start":{"line":548,"column":35},"end":{"line":555,"column":15}},"line":548},"20":{"name":"shouldApplyTimestamp","decl":{"start":{"line":560,"column":29},"end":{"line":575,"column":1}},"loc":{"start":{"line":560,"column":29},"end":{"line":575,"column":1}},"line":560},"21":{"name":"markArtifactsWithTimestamp","decl":{"start":{"line":580,"column":35},"end":{"line":616,"column":1}},"loc":{"start":{"line":580,"column":35},"end":{"line":616,"column":1}},"line":580},"22":{"name":"timestampArtifactsForObjectChanges","decl":{"start":{"line":621,"column":43},"end":{"line":656,"column":1}},"loc":{"start":{"line":621,"column":43},"end":{"line":656,"column":1}},"line":621},"23":{"name":"persistDeletedArtifacts","decl":{"start":{"line":661,"column":32},"end":{"line":673,"column":4}},"loc":{"start":{"line":661,"column":32},"end":{"line":673,"column":4}},"line":661},"24":{"name":"shouldTimestampArtifact","decl":{"start":{"line":672,"column":29},"end":{"line":672,"column":39}},"loc":{"start":{"line":672,"column":29},"end":{"line":672,"column":39}},"line":672},"25":{"name":"persistWrappedArtifacts","decl":{"start":{"line":678,"column":32},"end":{"line":690,"column":4}},"loc":{"start":{"line":678,"column":32},"end":{"line":690,"column":4}},"line":678},"26":{"name":"shouldTimestampArtifact","decl":{"start":{"line":689,"column":29},"end":{"line":689,"column":62}},"loc":{"start":{"line":689,"column":29},"end":{"line":689,"column":62}},"line":689},"27":{"name":"getCreatedObjectsWithData","decl":{"start":{"line":695,"column":34},"end":{"line":713,"column":3}},"loc":{"start":{"line":695,"column":34},"end":{"line":713,"column":3}},"line":695},"28":{"name":"buildArtifactsForCreatedObjects","decl":{"start":{"line":718,"column":40},"end":{"line":737,"column":1}},"loc":{"start":{"line":718,"column":40},"end":{"line":737,"column":1}},"line":718},"29":{"name":"buildObjectArtifactFromCreatedObject","decl":{"start":{"line":742,"column":45},"end":{"line":775,"column":1}},"loc":{"start":{"line":742,"column":45},"end":{"line":775,"column":1}},"line":742},"30":{"name":"pickFreshGasCoin","decl":{"start":{"line":780,"column":25},"end":{"line":813,"column":1}},"loc":{"start":{"line":780,"column":25},"end":{"line":813,"column":1}},"line":780},"31":{"name":"parseStaleObjectId","decl":{"start":{"line":818,"column":27},"end":{"line":827,"column":1}},"loc":{"start":{"line":818,"column":27},"end":{"line":827,"column":1}},"line":818},"32":{"name":"parseLockedObjectIds","decl":{"start":{"line":832,"column":29},"end":{"line":846,"column":1}},"loc":{"start":{"line":832,"column":29},"end":{"line":846,"column":1}},"line":832}},"f":{"0":2,"1":2,"2":1,"3":2,"4":3,"5":5,"6":2,"7":1,"8":2,"9":3,"10":3,"11":3,"12":12,"13":1,"14":2,"15":1,"16":3,"17":3,"18":16,"19":2,"20":8,"21":2,"22":6,"23":3,"24":1,"25":3,"26":1,"27":1,"28":1,"29":1,"30":3,"31":2,"32":2}}
}
