TN:
SF:packages/tooling/core/src/address.ts
FN:10,parseAddressList
FN:43,getSuiBalance
FN:61,sumLockedBalance
FN:69,getCoinBalanceSummary
FN:86,getCoinBalances
FN:107,asMinimumBalanceOf
FNF:6
FNH:6
FNDA:2,parseAddressList
FNDA:1,getSuiBalance
FNDA:2,sumLockedBalance
FNDA:1,getCoinBalanceSummary
FNDA:1,getCoinBalances
FNDA:1,asMinimumBalanceOf
DA:1,1
DA:10,1
DA:11,2
DA:12,2
DA:13,2
DA:16,2
DA:17,2
DA:18,2
DA:19,0
DA:20,2
DA:21,1
DA:22,1
DA:24,2
DA:25,2
DA:26,2
DA:28,2
DA:29,2
DA:31,1
DA:32,2
DA:33,1
DA:35,1
DA:36,1
DA:43,1
DA:44,1
DA:45,1
DA:46,1
DA:47,1
DA:48,1
DA:49,1
DA:50,1
DA:51,1
DA:52,1
DA:61,1
DA:62,2
DA:64,2
DA:65,2
DA:66,2
DA:67,2
DA:69,1
DA:70,1
DA:71,1
DA:72,1
DA:73,1
DA:74,1
DA:75,1
DA:76,1
DA:78,1
DA:79,1
DA:80,1
DA:81,1
DA:82,1
DA:83,1
DA:84,1
DA:86,1
DA:87,1
DA:88,1
DA:89,1
DA:90,1
DA:91,1
DA:92,1
DA:94,1
DA:95,1
DA:96,1
DA:97,1
DA:98,1
DA:99,1
DA:100,1
DA:107,1
DA:108,1
DA:109,1
DA:110,1
DA:111,1
DA:115,1
DA:116,1
DA:117,1
DA:119,1
DA:120,1
LF:77
LH:76
BRDA:10,0,0,2
BRDA:18,1,0,0
BRDA:20,2,0,1
BRDA:21,3,0,1
BRDA:29,4,0,1
BRDA:24,5,0,1
BRDA:25,6,0,2
BRDA:31,7,0,2
BRDA:43,8,0,1
BRDA:51,9,0,0
BRDA:61,10,0,2
BRDA:64,11,0,0
BRDA:65,12,0,1
BRDA:69,13,0,1
BRDA:81,14,0,0
BRDA:86,15,0,1
BRDA:94,16,0,1
BRDA:97,17,0,0
BRDA:107,18,0,1
BRF:19
BRH:14
end_of_record
TN:
SF:packages/tooling/core/src/clock.ts
FN:9,getClockTimestampMs
FNF:1
FNH:1
FNDA:6,getClockTimestampMs
DA:3,1
DA:4,1
DA:9,1
DA:10,6
DA:11,6
DA:12,6
DA:13,6
DA:14,6
DA:15,6
DA:16,6
DA:17,5
DA:18,6
DA:20,4
DA:22,4
DA:23,4
DA:25,6
DA:26,6
DA:27,6
DA:28,1
DA:29,1
DA:30,1
DA:31,2
DA:32,2
DA:33,2
DA:34,2
DA:35,6
DA:36,1
DA:37,1
DA:39,0
DA:40,0
LF:30
LH:28
BRDA:9,0,0,6
BRDA:16,1,0,5
BRDA:18,2,0,1
BRDA:18,3,0,4
BRDA:25,4,0,1
BRDA:26,5,0,1
BRDA:26,6,0,3
BRDA:27,7,0,1
BRDA:29,8,0,0
BRDA:30,9,0,2
BRDA:33,10,0,1
BRDA:33,11,0,1
BRDA:35,12,0,1
BRDA:37,13,0,0
BRF:14
BRH:12
end_of_record
TN:
SF:packages/tooling/core/src/coin-registry.ts
FN:16,extractClaimedObjectId
FN:29,deriveCurrencyObjectId
FN:50,parseCurrencyDecimals
FN:63,parseCurrencyObject
FN:91,chunkIds
FN:99,listCurrencyIds
FN:119,listCurrencyRegistryEntries
FN:160,resolveCurrencyObjectId
FNF:8
FNH:8
FNDA:3,extractClaimedObjectId
FNDA:5,deriveCurrencyObjectId
FNDA:1,parseCurrencyDecimals
FNDA:1,parseCurrencyObject
FNDA:3,chunkIds
FNDA:2,listCurrencyIds
FNDA:2,listCurrencyRegistryEntries
FNDA:4,resolveCurrencyObjectId
DA:2,1
DA:4,1
DA:6,1
DA:7,1
DA:8,1
DA:16,1
DA:17,3
DA:18,3
DA:19,3
DA:20,3
DA:21,3
DA:22,0
DA:23,0
DA:24,3
DA:29,1
DA:30,5
DA:31,5
DA:32,5
DA:33,5
DA:34,5
DA:35,5
DA:36,5
DA:48,1
DA:50,1
DA:51,1
DA:52,0
DA:53,0
DA:54,0
DA:55,0
DA:56,0
DA:57,0
DA:58,0
DA:59,0
DA:60,0
DA:61,0
DA:63,1
DA:64,1
DA:65,1
DA:66,1
DA:67,1
DA:69,1
DA:70,1
DA:72,1
DA:73,1
DA:74,1
DA:75,1
DA:77,1
DA:78,1
DA:79,1
DA:80,1
DA:81,1
DA:82,1
DA:83,1
DA:84,1
DA:85,1
DA:86,1
DA:88,1
DA:89,1
DA:91,1
DA:92,3
DA:93,3
DA:94,3
DA:95,3
DA:96,3
DA:97,3
DA:99,1
DA:100,2
DA:101,2
DA:102,2
DA:105,2
DA:106,2
DA:107,2
DA:108,2
DA:109,2
DA:110,2
DA:111,2
DA:112,2
DA:114,2
DA:115,2
DA:116,2
DA:117,2
DA:119,1
DA:120,2
DA:121,2
DA:122,2
DA:123,2
DA:124,2
DA:129,2
DA:130,2
DA:131,2
DA:132,2
DA:133,2
DA:134,2
DA:135,2
DA:137,2
DA:139,1
DA:140,1
DA:141,0
DA:143,2
DA:145,2
DA:146,1
DA:147,1
DA:148,1
DA:149,1
DA:151,1
DA:152,1
DA:153,1
DA:154,1
DA:155,1
DA:157,1
DA:158,1
DA:160,1
DA:161,4
DA:162,4
DA:163,4
DA:164,4
DA:165,4
DA:170,4
DA:171,4
DA:172,4
DA:173,4
DA:174,4
DA:175,4
DA:176,4
DA:177,4
DA:178,4
DA:180,4
DA:181,4
DA:182,4
DA:183,4
DA:185,4
DA:186,4
DA:187,1
DA:188,4
DA:189,1
DA:190,1
DA:192,4
DA:194,2
DA:195,2
DA:196,2
DA:197,2
DA:198,2
DA:199,2
DA:200,2
DA:202,2
DA:203,2
DA:204,2
DA:206,2
DA:207,2
DA:208,2
DA:209,2
DA:210,2
DA:212,2
DA:213,2
DA:214,2
DA:215,2
DA:217,2
DA:218,1
DA:219,1
DA:220,2
DA:222,1
DA:223,1
LF:162
LH:149
BRDA:16,0,0,3
BRDA:18,1,0,0
BRDA:21,2,0,0
BRDA:29,3,0,5
BRDA:50,4,0,1
BRDA:51,5,0,0
BRDA:63,6,0,1
BRDA:67,7,0,0
BRDA:70,8,0,0
BRDA:91,9,0,3
BRDA:99,10,0,2
BRDA:115,11,0,1
BRDA:116,12,0,1
BRDA:119,13,0,2
BRDA:137,14,0,1
BRDA:140,15,0,0
BRDA:145,16,0,1
BRDA:151,17,0,1
BRDA:160,18,0,4
BRDA:186,19,0,1
BRDA:188,20,0,1
BRDA:190,21,0,3
BRDA:192,22,0,1
BRDA:192,23,0,2
BRDA:217,24,0,1
BRDA:217,25,0,1
BRDA:220,26,0,1
BRDA:203,27,0,2
BRDA:204,28,0,2
BRDA:213,29,0,2
BRF:30
BRH:24
end_of_record
TN:
SF:packages/tooling/core/src/coin.ts
FN:10,buildCoinTransferTransaction
FN:34,unwrapSplitCoin
FN:43,extractCoinType
FN:53,normalizeCoinType
FN:60,normalizeOptionalCoinType
FN:63,resolveCoinOwnership
FNF:6
FNH:5
FNDA:1,buildCoinTransferTransaction
FNDA:1,unwrapSplitCoin
FNDA:1,extractCoinType
FNDA:2,normalizeCoinType
FNDA:0,normalizeOptionalCoinType
FNDA:1,resolveCoinOwnership
DA:3,1
DA:4,1
DA:5,1
DA:10,1
DA:11,1
DA:12,1
DA:13,1
DA:14,1
DA:18,1
DA:19,1
DA:20,1
DA:21,1
DA:22,1
DA:23,1
DA:24,1
DA:26,1
DA:27,1
DA:28,1
DA:29,1
DA:31,1
DA:32,1
DA:34,1
DA:35,1
DA:36,1
DA:43,1
DA:44,1
DA:45,1
DA:47,1
DA:48,1
DA:50,1
DA:51,1
DA:53,1
DA:54,2
DA:55,2
DA:57,1
DA:58,1
DA:60,1
DA:61,0
DA:63,1
DA:64,1
DA:65,1
DA:66,1
DA:69,1
DA:70,1
DA:71,1
DA:72,1
DA:73,1
DA:74,1
DA:75,1
DA:76,1
DA:77,1
DA:79,1
DA:80,1
DA:82,1
DA:83,1
DA:84,1
DA:85,1
DA:86,1
LF:58
LH:57
BRDA:10,0,0,1
BRDA:34,1,0,1
BRDA:36,2,0,0
BRDA:43,3,0,1
BRDA:45,4,0,0
BRDA:48,5,0,0
BRDA:53,6,0,2
BRDA:55,7,0,1
BRDA:63,8,0,1
BRDA:79,9,0,0
BRF:10
BRH:6
end_of_record
TN:
SF:packages/tooling/core/src/constants.ts
FNF:0
FNH:0
DA:1,1
DA:3,1
DA:4,1
DA:5,1
DA:6,1
DA:7,1
DA:8,1
DA:10,1
DA:11,1
DA:12,1
DA:15,1
DA:16,1
DA:17,1
LF:13
LH:13
BRF:0
BRH:0
end_of_record
TN:
SF:packages/tooling/core/src/context.ts
FN:1,(empty-report)
FNF:1
FNH:1
FNDA:1,(empty-report)
DA:15,0
DA:16,0
DA:17,0
LF:3
LH:0
BRDA:1,0,0,1
BRF:1
BRH:1
end_of_record
TN:
SF:packages/tooling/core/src/dynamic-fields.ts
FN:27,getAllDynamicFields
FN:59,getAllDynamicFieldObjects
FN:90,isRecord
FN:109,hasDynamicFieldValueId
FN:133,getObjectIdFromDynamicFieldObject
FN:143,isDynamicFieldObject
FN:150,dynamicFieldObjectNormalization
FN:159,getSuiDynamicFieldObject
FN:194,getObjectWithDynamicFieldFallback
FNF:9
FNH:7
FNDA:1,getAllDynamicFields
FNDA:0,getAllDynamicFieldObjects
FNDA:10,isRecord
FNDA:2,hasDynamicFieldValueId
FNDA:1,getObjectIdFromDynamicFieldObject
FNDA:16,isDynamicFieldObject
FNDA:0,dynamicFieldObjectNormalization
FNDA:1,getSuiDynamicFieldObject
FNDA:1,getObjectWithDynamicFieldFallback
DA:6,1
DA:10,1
DA:27,1
DA:28,1
DA:29,1
DA:30,1
DA:31,1
DA:32,1
DA:33,1
DA:34,1
DA:35,1
DA:37,1
DA:38,2
DA:39,2
DA:40,2
DA:41,2
DA:43,2
DA:44,2
DA:45,1
DA:47,1
DA:48,1
DA:49,3
DA:50,1
DA:51,0
DA:52,1
DA:59,1
DA:60,0
DA:61,0
DA:62,0
DA:63,0
DA:64,0
DA:65,0
DA:66,0
DA:67,0
DA:68,0
DA:69,0
DA:70,0
DA:71,0
DA:72,0
DA:74,0
DA:75,0
DA:76,0
DA:77,0
DA:78,0
DA:79,0
DA:80,0
DA:81,0
DA:82,0
DA:83,0
DA:84,0
DA:85,0
DA:90,1
DA:91,10
DA:109,1
DA:110,2
DA:111,2
DA:112,2
DA:114,2
DA:115,2
DA:117,2
DA:118,2
DA:120,2
DA:121,2
DA:123,2
DA:124,2
DA:126,2
DA:127,2
DA:133,1
DA:134,1
DA:135,1
DA:136,1
DA:137,1
DA:138,0
DA:143,1
DA:144,16
DA:150,1
DA:151,0
DA:152,0
DA:159,1
DA:160,1
DA:161,1
DA:162,1
DA:163,1
DA:167,1
DA:168,1
DA:169,1
DA:170,1
DA:171,1
DA:172,1
DA:173,1
DA:174,1
DA:175,1
DA:176,1
DA:178,1
DA:179,1
DA:181,1
DA:182,1
DA:183,1
DA:184,1
DA:185,1
DA:186,1
DA:187,1
DA:188,1
DA:194,1
DA:195,1
DA:196,1
DA:197,1
DA:198,1
DA:199,1
DA:204,1
DA:205,1
DA:206,1
DA:207,1
DA:208,0
DA:209,1
DA:210,1
DA:211,1
DA:212,1
DA:213,1
DA:214,1
DA:215,1
DA:216,1
DA:217,0
DA:218,0
DA:219,1
DA:220,1
LF:126
LH:94
BRDA:27,0,0,1
BRDA:37,1,0,2
BRDA:44,2,0,1
BRDA:44,3,0,1
BRDA:50,4,0,0
BRDA:48,5,0,3
BRDA:90,6,0,10
BRDA:109,7,0,2
BRDA:112,8,0,0
BRDA:115,9,0,0
BRDA:118,10,0,0
BRDA:121,11,0,0
BRDA:124,12,0,0
BRDA:133,13,0,1
BRDA:137,14,0,0
BRDA:143,15,0,16
BRDA:159,16,0,1
BRDA:179,17,0,0
BRDA:194,18,0,1
BRDA:207,19,0,0
BRDA:216,20,0,0
BRF:21
BRH:11
end_of_record
TN:
SF:packages/tooling/core/src/hex.ts
FN:4,ensureHexPrefix
FN:12,normalizeHex
FN:18,hexToBytes
FN:34,assertBytesLength
FNF:4
FNH:4
FNDA:8,ensureHexPrefix
FNDA:2,normalizeHex
FNDA:4,hexToBytes
FNDA:2,assertBytesLength
DA:4,1
DA:5,8
DA:12,1
DA:13,2
DA:18,1
DA:19,4
DA:20,4
DA:21,1
DA:22,1
DA:24,3
DA:25,4
DA:26,5
DA:27,5
DA:28,3
DA:29,3
DA:34,1
DA:35,2
DA:36,2
DA:37,1
DA:38,1
LF:20
LH:20
BRDA:4,0,0,8
BRDA:5,1,0,7
BRDA:5,2,0,1
BRDA:12,3,0,2
BRDA:18,4,0,4
BRDA:20,5,0,3
BRDA:20,6,0,1
BRDA:25,7,0,5
BRDA:27,8,0,3
BRDA:34,9,0,2
BRDA:36,10,0,1
BRF:11
BRH:11
end_of_record
TN:
SF:packages/tooling/core/src/localnet.ts
FN:29,getClientRpcUrl
FN:39,assertLocalRpcUrl
FN:45,isLocalRpc
FN:57,makeLocalnetExecutor
FN:119,walletSupportsChain
FNF:5
FNH:5
FNDA:3,getClientRpcUrl
FNDA:3,assertLocalRpcUrl
FNDA:6,isLocalRpc
FNDA:3,makeLocalnetExecutor
FNDA:2,walletSupportsChain
DA:4,1
DA:26,1
DA:27,1
DA:29,1
DA:30,3
DA:36,3
DA:37,3
DA:39,1
DA:40,3
DA:41,1
DA:42,1
DA:43,3
DA:45,1
DA:46,6
DA:47,6
DA:48,6
DA:49,0
DA:50,0
DA:51,6
DA:52,6
DA:53,0
DA:54,0
DA:55,6
DA:57,1
DA:58,3
DA:59,3
DA:60,3
DA:61,3
DA:67,3
DA:68,3
DA:69,3
DA:71,2
DA:72,2
DA:73,2
DA:74,2
DA:75,2
DA:77,2
DA:78,1
DA:79,1
DA:80,1
DA:81,1
DA:82,1
DA:83,0
DA:84,0
DA:85,1
DA:87,2
DA:88,2
DA:89,2
DA:90,2
DA:91,2
DA:93,2
DA:94,2
DA:95,2
DA:96,2
DA:97,2
DA:98,2
DA:99,2
DA:100,2
DA:101,2
DA:102,2
DA:103,2
DA:104,2
DA:106,2
DA:107,1
DA:108,1
DA:109,1
DA:111,2
DA:112,0
DA:113,0
DA:115,2
DA:116,2
DA:117,2
DA:119,1
DA:120,2
DA:121,2
DA:122,2
DA:123,2
DA:124,2
DA:125,1
DA:126,1
DA:127,1
DA:128,1
DA:129,1
DA:130,2
DA:131,1
DA:132,1
DA:133,1
DA:134,1
DA:135,0
DA:136,0
LF:90
LH:80
BRDA:29,0,0,3
BRDA:36,1,0,0
BRDA:36,2,0,0
BRDA:39,3,0,3
BRDA:40,4,0,1
BRDA:45,5,0,6
BRDA:48,6,0,3
BRDA:48,7,0,0
BRDA:52,8,0,0
BRDA:57,9,0,3
BRDA:69,10,0,2
BRDA:71,11,0,2
BRDA:75,12,0,1
BRDA:77,13,0,1
BRDA:77,14,0,1
BRDA:82,15,0,0
BRDA:106,16,0,1
BRDA:106,17,0,1
BRDA:111,18,0,0
BRDA:119,19,0,2
BRDA:123,20,0,0
BRDA:124,21,0,1
BRDA:124,22,0,1
BRDA:130,23,0,1
BRDA:134,24,0,0
BRDA:131,25,0,1
BRF:26
BRH:18
end_of_record
TN:
SF:packages/tooling/core/src/network.ts
FN:8,resolveCommonRpcUrl
FN:26,resolveRpcUrl
FN:43,buildExplorerUrl
FN:52,assertLocalnetNetwork
FNF:4
FNH:4
FNDA:7,resolveCommonRpcUrl
FNDA:5,resolveRpcUrl
FNDA:8,buildExplorerUrl
FNDA:2,assertLocalnetNetwork
DA:1,1
DA:8,1
DA:9,7
DA:10,7
DA:11,7
DA:12,7
DA:13,7
DA:14,7
DA:15,7
DA:16,5
DA:17,7
DA:18,2
DA:19,7
DA:20,7
DA:26,1
DA:27,5
DA:28,5
DA:29,5
DA:30,5
DA:32,4
DA:34,5
DA:36,1
DA:37,1
DA:43,1
DA:44,8
DA:45,8
DA:46,8
DA:52,1
DA:53,2
DA:54,2
DA:55,1
DA:56,1
DA:57,2
LF:33
LH:33
BRDA:8,0,0,7
BRDA:12,1,0,2
BRDA:13,2,0,3
BRDA:14,3,0,5
BRDA:15,4,0,5
BRDA:17,5,0,2
BRDA:26,6,0,5
BRDA:30,7,0,4
BRDA:30,8,0,1
BRDA:34,9,0,3
BRDA:34,10,0,1
BRDA:43,11,0,8
BRDA:44,12,0,1
BRDA:44,13,0,7
BRDA:52,14,0,2
BRDA:54,15,0,1
BRF:16
BRH:16
end_of_record
TN:
SF:packages/tooling/core/src/object-info.ts
FN:20,mapOwnerToLabel
FN:42,formatOptionalNumber
FN:49,countUniqueObjectTypes
FN:59,buildOwnedObjectLogFields
FN:70,getResponseContentField
FN:100,getResponseDisplayField
FN:125,getResponseObjectId
FNF:7
FNH:7
FNDA:5,mapOwnerToLabel
FNDA:6,formatOptionalNumber
FNDA:1,countUniqueObjectTypes
FNDA:1,buildOwnedObjectLogFields
FNDA:1,getResponseContentField
FNDA:1,getResponseDisplayField
FNDA:1,getResponseObjectId
DA:5,1
DA:20,1
DA:21,5
DA:22,5
DA:24,5
DA:26,5
DA:27,5
DA:29,3
DA:30,4
DA:32,4
DA:33,1
DA:35,0
DA:36,0
DA:42,1
DA:43,6
DA:49,1
DA:50,1
DA:51,1
DA:52,1
DA:59,1
DA:60,1
DA:61,1
DA:62,1
DA:63,1
DA:64,1
DA:65,1
DA:70,1
DA:71,1
DA:72,1
DA:73,1
DA:74,1
DA:75,1
DA:76,1
DA:77,1
DA:78,1
DA:79,0
DA:80,0
DA:82,1
DA:83,0
DA:84,0
DA:88,1
DA:90,1
DA:91,0
DA:92,0
DA:94,1
DA:95,1
DA:100,1
DA:101,1
DA:102,1
DA:103,1
DA:104,1
DA:105,1
DA:106,1
DA:107,1
DA:108,1
DA:109,0
DA:110,0
DA:113,1
DA:115,1
DA:116,0
DA:117,0
DA:119,1
DA:120,1
DA:125,1
DA:126,1
DA:127,1
DA:128,1
DA:129,1
DA:130,1
DA:131,1
DA:132,1
DA:133,0
DA:134,0
DA:136,1
DA:138,1
DA:139,0
DA:140,0
DA:142,1
DA:143,1
LF:79
LH:63
BRDA:20,0,0,5
BRDA:21,1,0,0
BRDA:22,2,0,0
BRDA:27,3,0,2
BRDA:27,4,0,4
BRDA:27,5,0,3
BRDA:30,6,0,1
BRDA:30,7,0,2
BRDA:32,8,0,1
BRDA:33,9,0,0
BRDA:42,10,0,6
BRDA:43,11,0,3
BRDA:43,12,0,3
BRDA:49,13,0,1
BRDA:51,14,0,3
BRDA:51,15,0,0
BRDA:59,16,0,1
BRDA:70,17,0,1
BRDA:78,18,0,0
BRDA:82,19,0,0
BRDA:90,20,0,0
BRDA:100,21,0,1
BRDA:108,22,0,0
BRDA:115,23,0,0
BRDA:125,24,0,1
BRDA:132,25,0,0
BRDA:138,26,0,0
BRF:27
BRH:16
end_of_record
TN:
SF:packages/tooling/core/src/object.ts
FN:47,isAddressTypeOwner
FN:56,mapOwnerToArtifact
FN:98,normalizeObjectArtifact
FN:112,normalizeOwner
FN:136,normalizeOptionalId
FN:142,normalizeOptionalAddress
FN:149,normalizeVersion
FN:157,getSuiObject
FN:194,normalizeOptionalIdFromValue
FN:199,attemptNormalize
FN:246,unwrapMoveObjectFields
FN:266,deriveRelevantPackageId
FN:284,normalizeIdOrThrow
FN:293,getAllOwnedObjectsByFilter
FN:330,getObjectSafe
FN:354,extractObjectType
FN:365,objectTypeMatches
FN:370,extractOwnerAddress
FNF:18
FNH:18
FNDA:2,isAddressTypeOwner
FNDA:7,mapOwnerToArtifact
FNDA:1,normalizeObjectArtifact
FNDA:2,normalizeOwner
FNDA:2,normalizeOptionalId
FNDA:1,normalizeOptionalAddress
FNDA:10,normalizeVersion
FNDA:5,getSuiObject
FNDA:4,normalizeOptionalIdFromValue
FNDA:3,attemptNormalize
FNDA:5,unwrapMoveObjectFields
FNDA:2,deriveRelevantPackageId
FNDA:1,normalizeIdOrThrow
FNDA:1,getAllOwnedObjectsByFilter
FNDA:1,getObjectSafe
FNDA:1,extractObjectType
FNDA:1,objectTypeMatches
FNDA:4,extractOwnerAddress
DA:10,1
DA:12,1
DA:47,1
DA:48,2
DA:49,2
DA:56,1
DA:57,7
DA:58,7
DA:59,7
DA:61,7
DA:63,7
DA:64,7
DA:65,4
DA:66,4
DA:67,4
DA:69,3
DA:70,4
DA:71,1
DA:72,1
DA:73,1
DA:75,2
DA:76,4
DA:77,1
DA:78,1
DA:79,1
DA:80,1
DA:81,1
DA:83,4
DA:85,1
DA:86,1
DA:87,1
DA:88,1
DA:89,1
DA:91,0
DA:92,0
DA:98,1
DA:99,1
DA:100,1
DA:101,1
DA:102,1
DA:103,1
DA:104,1
DA:105,1
DA:106,1
DA:107,1
DA:112,1
DA:113,2
DA:115,2
DA:116,2
DA:117,1
DA:118,1
DA:119,1
DA:121,1
DA:122,1
DA:124,0
DA:125,0
DA:126,0
DA:127,0
DA:128,0
DA:130,0
DA:131,0
DA:136,1
DA:137,2
DA:142,1
DA:143,1
DA:149,1
DA:150,10
DA:151,10
DA:157,1
DA:158,5
DA:159,5
DA:160,5
DA:161,5
DA:162,5
DA:167,5
DA:168,5
DA:169,5
DA:170,5
DA:171,5
DA:173,5
DA:174,5
DA:175,1
DA:176,1
DA:178,4
DA:179,4
DA:180,4
DA:181,5
DA:182,5
DA:183,5
DA:194,1
DA:195,4
DA:196,4
DA:197,4
DA:199,4
DA:200,3
DA:201,2
DA:202,2
DA:203,2
DA:204,2
DA:205,2
DA:207,3
DA:208,0
DA:209,0
DA:210,0
DA:211,0
DA:212,0
DA:214,3
DA:215,3
DA:216,3
DA:217,0
DA:218,3
DA:220,4
DA:221,4
DA:222,3
DA:223,3
DA:224,1
DA:226,4
DA:228,3
DA:229,3
DA:230,2
DA:231,2
DA:232,1
DA:234,4
DA:236,4
DA:237,4
DA:239,1
DA:240,1
DA:246,1
DA:247,5
DA:248,5
DA:249,5
DA:250,5
DA:251,5
DA:253,5
DA:254,5
DA:255,1
DA:256,1
DA:257,1
DA:259,4
DA:260,4
DA:266,1
DA:267,2
DA:268,2
DA:269,2
DA:270,2
DA:271,2
DA:272,0
DA:273,2
DA:275,2
DA:276,2
DA:278,2
DA:279,2
DA:284,1
DA:285,1
DA:286,1
DA:287,1
DA:293,1
DA:294,1
DA:295,1
DA:296,1
DA:297,1
DA:298,1
DA:303,1
DA:304,1
DA:305,1
DA:306,1
DA:308,1
DA:309,2
DA:310,2
DA:311,2
DA:312,2
DA:313,2
DA:314,2
DA:316,2
DA:317,2
DA:318,2
DA:319,2
DA:320,2
DA:321,2
DA:322,1
DA:324,1
DA:325,1
DA:330,1
DA:331,1
DA:332,1
DA:333,1
DA:334,1
DA:338,1
DA:339,1
DA:340,1
DA:341,1
DA:342,1
DA:343,1
DA:344,1
DA:345,1
DA:346,1
DA:347,1
DA:348,1
DA:349,1
DA:354,1
DA:355,1
DA:358,0
DA:360,0
DA:365,1
DA:366,1
DA:367,1
DA:368,1
DA:370,1
DA:371,4
DA:373,4
DA:374,0
DA:375,0
DA:377,4
DA:379,1
DA:380,4
DA:382,1
DA:383,1
LF:217
LH:197
BRDA:47,0,0,2
BRDA:56,1,0,7
BRDA:59,2,0,0
BRDA:61,3,0,0
BRDA:64,4,0,4
BRDA:67,5,0,3
BRDA:70,6,0,1
BRDA:73,7,0,2
BRDA:76,8,0,1
BRDA:83,9,0,0
BRDA:83,10,0,1
BRDA:89,11,0,0
BRDA:98,12,0,1
BRDA:102,13,0,0
BRDA:106,14,0,0
BRDA:112,15,0,2
BRDA:113,16,0,0
BRDA:116,17,0,1
BRDA:122,18,0,0
BRDA:136,19,0,2
BRDA:137,20,0,0
BRDA:142,21,0,1
BRDA:143,22,0,0
BRDA:149,23,0,10
BRDA:151,24,0,1
BRDA:151,25,0,9
BRDA:157,26,0,5
BRDA:174,27,0,4
BRDA:174,28,0,1
BRDA:175,29,0,0
BRDA:180,30,0,0
BRDA:181,31,0,4
BRDA:194,32,0,4
BRDA:197,33,0,0
BRDA:221,34,0,3
BRDA:222,35,0,3
BRDA:223,36,0,1
BRDA:226,37,0,1
BRDA:226,38,0,3
BRDA:229,39,0,2
BRDA:230,40,0,2
BRDA:231,41,0,1
BRDA:234,42,0,1
BRDA:234,43,0,2
BRDA:236,44,0,1
BRDA:236,45,0,1
BRDA:237,46,0,1
BRDA:199,47,0,3
BRDA:200,48,0,1
BRDA:200,49,0,2
BRDA:203,50,0,2
BRDA:204,51,0,2
BRDA:207,52,0,2
BRDA:207,53,0,0
BRDA:210,54,0,0
BRDA:211,55,0,0
BRDA:214,56,0,0
BRDA:215,57,0,0
BRDA:216,58,0,0
BRDA:246,59,0,5
BRDA:251,60,0,0
BRDA:253,61,0,0
BRDA:254,62,0,1
BRDA:254,63,0,1
BRDA:254,64,0,1
BRDA:257,65,0,4
BRDA:266,66,0,2
BRDA:271,67,0,0
BRDA:271,68,0,0
BRDA:276,69,0,0
BRDA:284,70,0,1
BRDA:293,71,0,1
BRDA:308,72,0,2
BRDA:321,73,0,1
BRDA:321,74,0,1
BRDA:318,75,0,3
BRDA:330,76,0,1
BRDA:354,77,0,1
BRDA:355,78,0,0
BRDA:358,79,0,0
BRDA:365,80,0,1
BRDA:370,81,0,4
BRDA:371,82,0,1
BRDA:371,83,0,3
BRDA:373,84,0,0
BRDA:375,85,0,3
BRDA:377,86,0,2
BRDA:377,87,0,1
BRDA:380,88,0,3
BRDA:380,89,0,0
BRDA:380,90,0,1
BRF:91
BRH:63
end_of_record
TN:
SF:packages/tooling/core/src/shared-object.ts
FN:12,extractInitialSharedVersion
FN:44,getSuiSharedObject
FNF:2
FNH:2
FNDA:4,extractInitialSharedVersion
FNDA:3,getSuiSharedObject
DA:5,1
DA:12,1
DA:13,4
DA:14,4
DA:15,4
DA:16,4
DA:17,3
DA:18,3
DA:20,4
DA:22,3
DA:23,4
DA:24,1
DA:25,1
DA:26,1
DA:28,2
DA:29,2
DA:44,1
DA:45,3
DA:46,3
DA:47,3
DA:48,3
DA:51,3
DA:55,3
DA:56,3
DA:58,2
DA:59,2
DA:60,2
DA:61,2
DA:62,3
DA:64,1
DA:65,1
DA:66,1
DA:67,1
DA:68,1
DA:69,1
DA:70,1
DA:71,1
DA:72,1
LF:38
LH:38
BRDA:12,0,0,4
BRDA:16,1,0,3
BRDA:17,2,0,3
BRDA:20,3,0,1
BRDA:20,4,0,3
BRDA:23,5,0,2
BRDA:23,6,0,1
BRDA:44,7,0,3
BRDA:56,8,0,1
BRDA:56,9,0,2
BRDA:62,10,0,1
BRF:11
BRH:11
end_of_record
TN:
SF:packages/tooling/core/src/transactions.ts
FN:14,newTransaction
FN:24,assertTransactionSuccess
FN:39,isCreatedWithType
FN:52,findCreatedByMatcher
FN:65,findCreatedObjectIds
FN:74,findCreatedByType
FN:82,findObjectMatching
FN:93,assertCreatedObject
FN:108,findCreatedObjectBySuffix
FN:117,ensureCreatedObject
FN:129,extractCreatedObjects
FN:148,summarizeObjectChanges
FN:210,summarizeGasUsed
FNF:13
FNH:12
FNDA:8,newTransaction
FNDA:5,assertTransactionSuccess
FNDA:6,isCreatedWithType
FNDA:1,findCreatedByMatcher
FNDA:1,findCreatedObjectIds
FNDA:0,findCreatedByType
FNDA:2,findObjectMatching
FNDA:2,assertCreatedObject
FNDA:2,findCreatedObjectBySuffix
FNDA:1,ensureCreatedObject
FNDA:1,extractCreatedObjects
FNDA:1,summarizeObjectChanges
FNDA:1,summarizeGasUsed
DA:6,1
DA:7,1
DA:8,1
DA:14,1
DA:15,8
DA:16,8
DA:17,8
DA:18,8
DA:24,1
DA:25,5
DA:26,5
DA:27,5
DA:28,5
DA:29,5
DA:39,1
DA:40,6
DA:42,6
DA:43,5
DA:44,5
DA:45,5
DA:46,5
DA:52,1
DA:53,1
DA:54,1
DA:56,1
DA:57,1
DA:58,1
DA:59,1
DA:65,1
DA:66,1
DA:67,1
DA:69,1
DA:74,1
DA:75,0
DA:76,0
DA:77,0
DA:82,1
DA:83,2
DA:84,2
DA:86,2
DA:87,2
DA:88,2
DA:93,1
DA:94,2
DA:95,2
DA:96,2
DA:97,2
DA:98,2
DA:99,1
DA:100,1
DA:102,1
DA:103,1
DA:108,1
DA:109,2
DA:110,2
DA:112,2
DA:117,1
DA:118,1
DA:119,1
DA:121,1
DA:122,1
DA:123,1
DA:124,1
DA:129,1
DA:130,1
DA:131,1
DA:148,1
DA:149,1
DA:150,1
DA:151,1
DA:152,1
DA:153,1
DA:154,1
DA:155,1
DA:156,1
DA:157,1
DA:158,1
DA:159,1
DA:161,1
DA:162,0
DA:163,0
DA:164,0
DA:165,0
DA:166,0
DA:167,0
DA:169,1
DA:170,1
DA:172,1
DA:173,2
DA:175,2
DA:176,2
DA:177,2
DA:178,2
DA:179,2
DA:180,2
DA:182,1
DA:183,7
DA:184,7
DA:185,7
DA:186,2
DA:187,2
DA:188,2
DA:189,7
DA:190,7
DA:192,7
DA:193,7
DA:194,7
DA:195,7
DA:196,7
DA:197,1
DA:198,1
DA:210,1
DA:211,1
DA:212,1
DA:213,1
DA:214,1
DA:215,1
DA:216,1
DA:217,1
DA:219,1
DA:220,1
DA:221,1
DA:222,1
DA:223,1
DA:224,1
DA:225,1
LF:126
LH:117
BRDA:14,0,0,8
BRDA:16,1,0,3
BRDA:24,2,0,5
BRDA:28,3,0,1
BRDA:28,4,0,0
BRDA:39,5,0,6
BRDA:42,6,0,5
BRDA:43,7,0,5
BRDA:44,8,0,5
BRDA:45,9,0,5
BRDA:52,10,0,1
BRDA:56,11,0,0
BRDA:58,12,0,2
BRDA:59,13,0,1
BRDA:65,14,0,1
BRDA:69,15,0,2
BRDA:82,16,0,2
BRDA:86,17,0,0
BRDA:87,18,0,2
BRDA:93,19,0,2
BRDA:97,20,0,1
BRDA:98,21,0,1
BRDA:108,22,0,2
BRDA:112,23,0,2
BRDA:117,24,0,1
BRDA:129,25,0,1
BRDA:131,26,0,0
BRDA:148,27,0,1
BRDA:161,28,0,0
BRDA:172,29,0,2
BRDA:182,30,0,7
BRDA:183,31,0,5
BRDA:194,32,0,5
BRDA:185,33,0,2
BRDA:210,34,0,1
BRDA:213,35,0,0
BRF:36
BRH:30
end_of_record
TN:
SF:packages/tooling/core/src/type-utils.ts
FN:1,(empty-report)
FNF:1
FNH:1
FNDA:1,(empty-report)
LF:0
LH:0
BRDA:1,0,0,1
BRF:1
BRH:1
end_of_record
TN:
SF:packages/tooling/core/src/types.ts
FN:1,(empty-report)
FNF:1
FNH:1
FNDA:1,(empty-report)
DA:8,0
DA:9,0
DA:10,0
DA:11,0
DA:12,0
LF:5
LH:0
BRDA:1,0,0,1
BRF:1
BRH:1
end_of_record
TN:
SF:packages/tooling/core/src/utils/errors.ts
FN:1,isRecord
FN:7,safeJsonStringify
FN:22,serializeForJson
FN:63,extractErrorDetails
FN:88,formatErrorMessage
FNF:5
FNH:5
FNDA:4,isRecord
FNDA:1,safeJsonStringify
FNDA:2,serializeForJson
FNDA:1,extractErrorDetails
FNDA:3,formatErrorMessage
DA:1,1
DA:2,4
DA:7,1
DA:8,1
DA:9,1
DA:10,1
DA:11,1
DA:12,1
DA:13,1
DA:14,1
DA:15,0
DA:16,0
DA:17,1
DA:22,1
DA:23,2
DA:24,2
DA:25,2
DA:26,2
DA:27,2
DA:28,2
DA:29,1
DA:31,1
DA:32,1
DA:33,1
DA:34,1
DA:35,1
DA:36,1
DA:37,1
DA:38,1
DA:39,0
DA:40,0
DA:41,1
DA:43,2
DA:44,1
DA:45,1
DA:46,1
DA:47,1
DA:49,1
DA:50,1
DA:51,1
DA:52,1
DA:54,0
DA:55,1
DA:57,1
DA:58,1
DA:63,1
DA:64,1
DA:65,1
DA:66,1
DA:67,1
DA:68,1
DA:69,1
DA:70,1
DA:71,1
DA:73,0
DA:74,0
DA:75,0
DA:76,0
DA:77,0
DA:78,0
DA:79,0
DA:80,0
DA:82,0
DA:83,0
DA:88,1
DA:89,3
DA:90,3
DA:91,2
DA:92,2
DA:93,1
DA:94,0
DA:95,0
DA:96,2
DA:97,0
DA:98,3
DA:99,0
DA:100,0
LF:77
LH:57
BRDA:1,0,0,4
BRDA:7,1,0,1
BRDA:14,2,0,0
BRDA:11,3,0,2
BRDA:11,4,0,1
BRDA:11,5,0,1
BRDA:22,6,0,2
BRDA:26,7,0,0
BRDA:27,8,0,0
BRDA:28,9,0,1
BRDA:38,10,0,0
BRDA:43,11,0,1
BRDA:52,12,0,0
BRDA:63,13,0,1
BRDA:71,14,0,0
BRDA:88,15,0,3
BRDA:89,16,0,0
BRDA:90,17,0,1
BRDA:90,18,0,2
BRDA:92,19,0,1
BRDA:93,20,0,0
BRDA:96,21,0,0
BRDA:98,22,0,0
BRF:23
BRH:13
end_of_record
TN:
SF:packages/tooling/core/src/utils/formatters.ts
FN:5,asNumberArray
FN:18,decodeUtf8Vector
FN:26,tryGetBufferForBase64
FN:47,decodeBase64ToString
FN:73,readMoveString
FN:89,fromBytesToString
FN:95,tryGetBuffer
FN:111,formatVectorBytesAsHex
FN:126,formatOptionalNumericValue
FN:140,formatEpochSeconds
FN:156,formatTimestamp
FN:168,shortenId
FN:173,normalizeBigInt
FN:182,formatCoinBalance
FN:211,getStructLabel
FN:220,parseOptionalNumber
FNF:16
FNH:15
FNDA:4,asNumberArray
FNDA:1,decodeUtf8Vector
FNDA:4,tryGetBufferForBase64
FNDA:4,decodeBase64ToString
FNDA:5,readMoveString
FNDA:0,fromBytesToString
FNDA:1,tryGetBuffer
FNDA:1,formatVectorBytesAsHex
FNDA:5,formatOptionalNumericValue
FNDA:2,formatEpochSeconds
FNDA:3,formatTimestamp
FNDA:2,shortenId
FNDA:2,normalizeBigInt
FNDA:2,formatCoinBalance
FNDA:2,getStructLabel
FNDA:2,parseOptionalNumber
DA:5,1
DA:6,4
DA:8,4
DA:9,12
DA:10,12
DA:11,11
DA:12,4
DA:13,4
DA:18,1
DA:19,1
DA:20,1
DA:22,1
DA:23,1
DA:24,1
DA:26,1
DA:33,4
DA:34,4
DA:35,4
DA:37,4
DA:38,4
DA:39,4
DA:45,4
DA:47,1
DA:48,4
DA:49,4
DA:50,4
DA:51,4
DA:52,4
DA:53,0
DA:54,0
DA:55,4
DA:57,0
DA:58,0
DA:59,0
DA:60,0
DA:61,0
DA:62,0
DA:63,0
DA:64,0
DA:65,0
DA:67,0
DA:68,0
DA:73,1
DA:74,5
DA:75,5
DA:77,4
DA:78,4
DA:79,4
DA:80,5
DA:82,5
DA:83,5
DA:84,5
DA:89,1
DA:90,0
DA:95,1
DA:97,1
DA:98,1
DA:99,1
DA:101,1
DA:102,1
DA:103,1
DA:106,1
DA:111,1
DA:112,1
DA:113,1
DA:115,1
DA:116,1
DA:117,1
DA:118,0
DA:120,1
DA:121,1
DA:126,1
DA:127,5
DA:128,5
DA:129,5
DA:130,3
DA:131,3
DA:132,1
DA:134,0
DA:135,0
DA:140,1
DA:141,2
DA:142,2
DA:143,2
DA:144,2
DA:146,1
DA:147,1
DA:148,1
DA:149,1
DA:150,1
DA:151,1
DA:156,1
DA:157,3
DA:158,3
DA:159,3
DA:160,2
DA:161,3
DA:162,1
DA:163,1
DA:168,1
DA:169,2
DA:170,1
DA:171,1
DA:173,1
DA:174,2
DA:175,0
DA:176,0
DA:177,0
DA:182,1
DA:183,2
DA:184,2
DA:185,2
DA:186,2
DA:190,2
DA:191,2
DA:192,2
DA:194,2
DA:195,2
DA:196,2
DA:197,2
DA:198,2
DA:199,2
DA:200,2
DA:201,2
DA:203,2
DA:204,1
DA:205,1
DA:206,2
DA:211,1
DA:212,2
DA:213,2
DA:214,2
DA:215,2
DA:220,1
DA:221,2
DA:222,2
DA:223,2
DA:224,2
DA:225,2
DA:227,0
DA:228,0
LF:141
LH:119
BRDA:5,0,0,4
BRDA:6,1,0,0
BRDA:8,2,0,12
BRDA:10,3,0,1
BRDA:10,4,0,11
BRDA:18,5,0,1
BRDA:20,6,0,0
BRDA:23,7,0,0
BRDA:26,8,0,4
BRDA:35,9,0,0
BRDA:38,10,0,0
BRDA:47,11,0,4
BRDA:52,12,0,0
BRDA:55,13,0,0
BRDA:73,14,0,5
BRDA:74,15,0,0
BRDA:75,16,0,4
BRDA:75,17,0,1
BRDA:75,18,0,4
BRDA:80,19,0,0
BRDA:80,20,0,4
BRDA:83,21,0,0
BRDA:95,22,0,1
BRDA:99,23,0,0
BRDA:102,24,0,0
BRDA:111,25,0,1
BRDA:113,26,0,0
BRDA:117,27,0,0
BRDA:126,28,0,5
BRDA:129,29,0,4
BRDA:129,30,0,2
BRDA:129,31,0,3
BRDA:130,32,0,1
BRDA:130,33,0,2
BRDA:131,34,0,1
BRDA:132,35,0,0
BRDA:140,36,0,2
BRDA:141,37,0,0
BRDA:143,38,0,1
BRDA:143,39,0,1
BRDA:144,40,0,1
BRDA:156,41,0,3
BRDA:159,42,0,1
BRDA:159,43,0,2
BRDA:161,44,0,1
BRDA:168,45,0,2
BRDA:169,46,0,1
BRDA:173,47,0,2
BRDA:174,48,0,0
BRDA:182,49,0,2
BRDA:192,50,0,0
BRDA:203,51,0,1
BRDA:204,52,0,1
BRDA:211,53,0,2
BRDA:212,54,0,0
BRDA:214,55,0,0
BRDA:220,56,0,2
BRDA:221,57,0,0
BRDA:224,58,0,1
BRDA:224,59,0,1
BRDA:225,60,0,0
BRF:61
BRH:39
end_of_record
TN:
SF:packages/tooling/core/src/utils/move-values.ts
FN:5,isRecord
FN:11,unwrapMoveFields
FN:25,unwrapMoveOptionValue
FN:38,extractFieldValueByKeys
FN:54,normalizeBigIntFromMoveValue
FN:86,normalizeBooleanFromMoveValue
FN:110,parseI64FromMoveValue
FNF:7
FNH:7
FNDA:28,isRecord
FNDA:19,unwrapMoveFields
FNDA:13,unwrapMoveOptionValue
FNDA:2,extractFieldValueByKeys
FNDA:6,normalizeBigIntFromMoveValue
FNDA:5,normalizeBooleanFromMoveValue
FNDA:1,parseI64FromMoveValue
DA:1,1
DA:5,1
DA:6,28
DA:11,1
DA:12,19
DA:13,19
DA:14,19
DA:16,19
DA:17,19
DA:19,1
DA:20,1
DA:25,1
DA:26,13
DA:27,13
DA:29,13
DA:30,13
DA:32,2
DA:33,2
DA:38,1
DA:39,2
DA:40,2
DA:41,2
DA:42,2
DA:44,2
DA:45,2
DA:46,2
DA:48,1
DA:49,1
DA:54,1
DA:55,6
DA:56,6
DA:57,6
DA:58,6
DA:60,6
DA:61,6
DA:62,6
DA:63,3
DA:64,3
DA:65,3
DA:66,0
DA:67,0
DA:68,3
DA:70,1
DA:71,6
DA:73,1
DA:74,1
DA:76,0
DA:77,0
DA:78,0
DA:80,0
DA:81,0
DA:86,1
DA:87,5
DA:88,5
DA:89,5
DA:90,5
DA:91,5
DA:92,3
DA:93,1
DA:94,3
DA:96,1
DA:97,5
DA:98,1
DA:100,0
DA:101,0
DA:102,0
DA:104,0
DA:105,0
DA:110,1
DA:111,1
DA:112,1
DA:113,1
DA:114,1
DA:116,1
DA:117,1
DA:119,1
DA:121,1
DA:122,1
LF:78
LH:66
BRDA:5,0,0,28
BRDA:6,1,0,19
BRDA:11,2,0,19
BRDA:14,3,0,9
BRDA:14,4,0,10
BRDA:16,5,0,9
BRDA:17,6,0,9
BRDA:17,7,0,1
BRDA:25,8,0,13
BRDA:27,9,0,8
BRDA:27,10,0,5
BRDA:29,11,0,1
BRDA:29,12,0,4
BRDA:30,13,0,2
BRDA:38,14,0,2
BRDA:42,15,0,0
BRDA:45,16,0,1
BRDA:46,17,0,1
BRDA:54,18,0,6
BRDA:58,19,0,5
BRDA:58,20,0,1
BRDA:58,21,0,5
BRDA:60,22,0,0
BRDA:60,23,0,5
BRDA:61,24,0,1
BRDA:61,25,0,4
BRDA:62,26,0,3
BRDA:65,27,0,0
BRDA:68,28,0,1
BRDA:71,29,0,0
BRDA:71,30,0,1
BRDA:74,31,0,0
BRDA:86,32,0,5
BRDA:90,33,0,1
BRDA:90,34,0,4
BRDA:91,35,0,3
BRDA:92,36,0,2
BRDA:92,37,0,1
BRDA:94,38,0,1
BRDA:97,39,0,0
BRDA:97,40,0,1
BRDA:98,41,0,0
BRDA:110,42,0,1
BRDA:114,43,0,0
BRDA:119,44,0,0
BRF:45
BRH:36
end_of_record
TN:
SF:packages/tooling/core/src/utils/type-name.ts
FN:13,parseTypeNameFromString
FN:35,normalizeTypeNameFromFieldValue
FN:40,tryParseFromString
FN:93,isMatchingTypeName
FN:111,formatTypeName
FN:117,formatTypeNameFromFieldValue
FN:128,extractStructNameFromType
FNF:7
FNH:6
FNDA:9,parseTypeNameFromString
FNDA:2,normalizeTypeNameFromFieldValue
FNDA:2,tryParseFromString
FNDA:1,isMatchingTypeName
FNDA:6,formatTypeName
FNDA:0,formatTypeNameFromFieldValue
FNDA:1,extractStructNameFromType
DA:1,1
DA:13,1
DA:14,9
DA:15,9
DA:16,9
DA:17,9
DA:18,9
DA:19,9
DA:20,9
DA:21,0
DA:22,0
DA:24,9
DA:25,9
DA:26,9
DA:27,9
DA:28,9
DA:29,9
DA:35,1
DA:36,2
DA:37,2
DA:38,2
DA:40,2
DA:41,2
DA:43,0
DA:44,0
DA:45,0
DA:46,0
DA:47,0
DA:48,2
DA:50,2
DA:51,2
DA:53,2
DA:55,2
DA:57,2
DA:58,0
DA:59,0
DA:60,0
DA:62,2
DA:63,2
DA:64,2
DA:66,2
DA:67,2
DA:68,2
DA:69,2
DA:70,2
DA:71,2
DA:72,2
DA:73,2
DA:74,2
DA:75,2
DA:76,2
DA:77,2
DA:78,0
DA:79,0
DA:80,2
DA:82,0
DA:83,0
DA:85,0
DA:87,0
DA:88,0
DA:93,1
DA:94,1
DA:95,1
DA:96,1
DA:97,1
DA:98,1
DA:99,1
DA:101,1
DA:102,1
DA:103,1
DA:104,1
DA:106,1
DA:111,1
DA:112,6
DA:117,1
DA:118,0
DA:119,0
DA:121,0
DA:122,0
DA:128,1
DA:129,1
DA:130,1
DA:131,1
DA:132,1
DA:134,1
DA:135,1
DA:136,1
DA:138,1
DA:139,1
LF:89
LH:68
BRDA:13,0,0,9
BRDA:17,1,0,1
BRDA:17,2,0,8
BRDA:20,3,0,0
BRDA:35,4,0,2
BRDA:38,5,0,0
BRDA:51,6,0,0
BRDA:53,7,0,0
BRDA:57,8,0,0
BRDA:57,9,0,0
BRDA:62,10,0,0
BRDA:63,11,0,0
BRDA:64,12,0,0
BRDA:64,13,0,0
BRDA:77,14,0,0
BRDA:80,15,0,0
BRDA:40,16,0,2
BRDA:41,17,0,0
BRDA:93,18,0,1
BRDA:99,19,0,0
BRDA:111,20,0,6
BRDA:128,21,0,1
BRDA:132,22,0,0
BRDA:136,23,0,0
BRF:24
BRH:8
end_of_record
TN:
SF:packages/tooling/core/src/utils/utility.ts
FN:6,isDangerousKey
FN:12,isAllowedKey
FN:17,isMergeableObject
FN:23,buildObjectFromEntries
FN:32,getAllUniqueKeys
FN:38,mergeValuesAtPath
FN:52,mergeDeepObjects
FN:92,makeDelay
FN:110,wait
FN:120,tryParseBigInt
FN:132,parseNonNegativeU64
FN:149,parsePositiveU64
FN:158,parseOptionalU64
FN:167,parseOptionalPositiveU64
FN:176,parseBalance
FN:190,requireValue
FNF:16
FNH:13
FNDA:21,isDangerousKey
FNDA:21,isAllowedKey
FNDA:9,isMergeableObject
FNDA:6,buildObjectFromEntries
FNDA:6,getAllUniqueKeys
FNDA:7,mergeValuesAtPath
FNDA:6,mergeDeepObjects
FNDA:0,makeDelay
FNDA:0,wait
FNDA:9,tryParseBigInt
FNDA:4,parseNonNegativeU64
FNDA:2,parsePositiveU64
FNDA:0,parseOptionalU64
FNDA:2,parseOptionalPositiveU64
FNDA:7,parseBalance
FNDA:3,requireValue
DA:6,1
DA:7,21
DA:12,1
DA:17,1
DA:18,9
DA:23,1
DA:24,6
DA:25,6
DA:26,6
DA:27,6
DA:32,1
DA:33,6
DA:38,1
DA:39,7
DA:40,7
DA:41,7
DA:42,7
DA:43,2
DA:44,2
DA:46,5
DA:47,5
DA:52,1
DA:56,6
DA:57,6
DA:58,6
DA:59,6
DA:61,6
DA:62,21
DA:63,1
DA:64,1
DA:66,20
DA:67,20
DA:69,21
DA:70,0
DA:71,0
DA:73,20
DA:74,20
DA:76,20
DA:77,20
DA:78,7
DA:79,13
DA:80,13
DA:81,0
DA:83,21
DA:84,6
DA:86,6
DA:87,6
DA:92,1
DA:93,0
DA:94,0
DA:95,0
DA:96,0
DA:98,0
DA:100,0
DA:101,0
DA:102,0
DA:104,0
DA:105,0
DA:110,1
DA:115,1
DA:120,1
DA:121,9
DA:122,9
DA:123,9
DA:124,1
DA:125,1
DA:126,9
DA:132,1
DA:133,4
DA:134,4
DA:135,4
DA:136,4
DA:137,4
DA:139,3
DA:140,3
DA:141,4
DA:143,3
DA:144,3
DA:149,1
DA:150,2
DA:151,2
DA:152,2
DA:153,2
DA:158,1
DA:159,0
DA:160,0
DA:162,0
DA:167,1
DA:168,2
DA:169,2
DA:171,2
DA:176,1
DA:177,7
DA:178,7
DA:179,7
DA:180,5
DA:181,5
DA:182,7
DA:183,1
DA:184,1
DA:185,7
DA:190,1
DA:191,3
DA:192,3
DA:193,3
DA:194,3
DA:195,1
DA:196,1
LF:108
LH:92
BRDA:6,0,0,21
BRDA:7,1,0,20
BRDA:7,2,0,20
BRDA:12,3,0,21
BRDA:17,4,0,9
BRDA:18,5,0,4
BRDA:18,6,0,4
BRDA:23,7,0,6
BRDA:25,8,0,20
BRDA:32,9,0,6
BRDA:38,10,0,7
BRDA:42,11,0,2
BRDA:42,12,0,2
BRDA:44,13,0,5
BRDA:52,14,0,6
BRDA:61,15,0,21
BRDA:62,16,0,20
BRDA:62,17,0,1
BRDA:69,18,0,0
BRDA:69,19,0,0
BRDA:71,20,0,20
BRDA:77,21,0,7
BRDA:78,22,0,13
BRDA:80,23,0,0
BRDA:120,24,0,9
BRDA:123,25,0,1
BRDA:132,26,0,4
BRDA:137,27,0,1
BRDA:137,28,0,3
BRDA:141,29,0,0
BRDA:141,30,0,3
BRDA:149,31,0,2
BRDA:151,32,0,0
BRDA:167,33,0,2
BRDA:171,34,0,1
BRDA:171,35,0,1
BRDA:176,36,0,7
BRDA:177,37,0,0
BRDA:178,38,0,1
BRDA:178,39,0,6
BRDA:179,40,0,1
BRDA:179,41,0,5
BRDA:182,42,0,1
BRDA:190,43,0,3
BRDA:194,44,0,2
BRDA:194,45,0,1
BRF:46
BRH:40
end_of_record
TN:
SF:packages/tooling/core/src/utils/validation.ts
FN:8,resolveValidationMessage
FN:16,validateMoveType
FN:37,validateRequiredSuiObjectId
FN:58,validateOptionalSuiObjectId
FN:70,validateOptionalSuiAddress
FN:91,validateRequiredHexBytes
FNF:6
FNH:5
FNDA:1,resolveValidationMessage
FNDA:2,validateMoveType
FNDA:2,validateRequiredSuiObjectId
FNDA:0,validateOptionalSuiObjectId
FNDA:2,validateOptionalSuiAddress
FNDA:2,validateRequiredHexBytes
DA:1,1
DA:2,1
DA:3,1
DA:8,1
DA:9,1
DA:10,1
DA:11,1
DA:16,1
DA:17,2
DA:18,2
DA:19,2
DA:20,2
DA:21,2
DA:23,1
DA:24,1
DA:25,1
DA:26,2
DA:27,0
DA:28,0
DA:29,0
DA:30,0
DA:31,0
DA:32,2
DA:37,1
DA:38,2
DA:39,2
DA:40,2
DA:41,2
DA:42,2
DA:44,1
DA:45,1
DA:46,1
DA:47,2
DA:48,0
DA:49,0
DA:50,0
DA:51,0
DA:52,0
DA:53,2
DA:58,1
DA:59,0
DA:60,0
DA:61,0
DA:62,0
DA:63,0
DA:64,0
DA:65,0
DA:70,1
DA:71,2
DA:72,2
DA:73,2
DA:74,2
DA:75,2
DA:77,1
DA:78,1
DA:79,1
DA:80,2
DA:81,0
DA:82,0
DA:83,0
DA:84,0
DA:85,0
DA:86,2
DA:91,1
DA:92,2
DA:93,2
DA:94,2
DA:95,2
DA:99,2
DA:100,2
DA:101,2
DA:103,2
DA:104,2
DA:105,2
DA:106,2
DA:108,2
DA:109,2
DA:110,2
DA:112,2
DA:113,2
DA:114,1
DA:115,1
DA:116,1
DA:117,1
DA:118,1
DA:119,1
DA:120,2
LF:87
LH:65
BRDA:8,0,0,1
BRDA:11,1,0,0
BRDA:16,2,0,2
BRDA:21,3,0,1
BRDA:26,4,0,0
BRDA:37,5,0,2
BRDA:42,6,0,1
BRDA:47,7,0,0
BRDA:70,8,0,2
BRDA:75,9,0,1
BRDA:80,10,0,0
BRDA:91,11,0,2
BRDA:101,12,0,0
BRDA:106,13,0,0
BRDA:110,14,0,0
BRDA:113,15,0,1
BRDA:109,16,0,3
BRF:17
BRH:10
end_of_record
TN:
SF:packages/tooling/node/src/account.ts
FN:10,resolveOwnerAddress
FNF:1
FNH:1
FNDA:3,resolveOwnerAddress
DA:1,1
DA:3,1
DA:4,1
DA:10,1
DA:11,3
DA:12,3
DA:13,3
DA:14,3
DA:16,2
DA:18,2
DA:19,3
DA:21,1
DA:22,1
DA:23,1
LF:14
LH:14
BRDA:10,0,0,3
BRDA:14,1,0,1
BRDA:14,2,0,2
BRDA:19,3,0,1
BRF:4
BRH:4
end_of_record
TN:
SF:packages/tooling/node/src/address.ts
FN:40,isNoGasError
FN:53,isInsufficientGasError
FN:74,asFaucetNetwork
FN:85,getAddressesCoins
FN:97,deriveEffectiveMinimumBalance
FN:116,isFaucetSupported
FN:123,fundingSnapshot
FN:166,maybeSplitCoinObjects
FN:219,requestFunding
FN:246,fundingFailure
FN:262,ensureFoundedAddress
FN:349,calculateMissingCoins
FN:357,selectRichestCoin
FN:367,canAffordSplit
FN:388,buildSplitTransaction
FN:425,executeSplitTransaction
FN:449,topUpCoinObjects
FN:493,withTestnetFaucetRetry
FNF:18
FNH:17
FNDA:1,isNoGasError
FNDA:0,isInsufficientGasError
FNDA:14,asFaucetNetwork
FNDA:11,getAddressesCoins
FNDA:6,deriveEffectiveMinimumBalance
FNDA:8,isFaucetSupported
FNDA:11,fundingSnapshot
FNDA:7,maybeSplitCoinObjects
FNDA:5,requestFunding
FNDA:1,fundingFailure
FNDA:6,ensureFoundedAddress
FNDA:1,calculateMissingCoins
FNDA:1,selectRichestCoin
FNDA:1,canAffordSplit
FNDA:1,buildSplitTransaction
FNDA:1,executeSplitTransaction
FNDA:1,topUpCoinObjects
FNDA:2,withTestnetFaucetRetry
DA:2,1
DA:9,1
DA:10,1
DA:11,1
DA:12,1
DA:40,1
DA:41,1
DA:42,1
DA:43,1
DA:44,0
DA:45,0
DA:46,0
DA:47,1
DA:48,1
DA:53,1
DA:54,0
DA:55,0
DA:56,0
DA:57,0
DA:58,0
DA:59,0
DA:60,0
DA:61,0
DA:63,1
DA:64,1
DA:65,1
DA:66,1
DA:67,1
DA:74,1
DA:75,14
DA:76,3
DA:77,3
DA:78,11
DA:79,3
DA:85,1
DA:87,11
DA:88,11
DA:89,11
DA:90,11
DA:91,11
DA:92,11
DA:97,1
DA:98,6
DA:99,6
DA:100,6
DA:101,6
DA:104,6
DA:105,6
DA:106,6
DA:107,6
DA:108,6
DA:109,0
DA:110,6
DA:111,6
DA:116,1
DA:117,8
DA:123,1
DA:124,11
DA:125,11
DA:126,11
DA:127,11
DA:128,11
DA:129,11
DA:135,11
DA:136,11
DA:137,11
DA:138,11
DA:139,11
DA:140,11
DA:141,11
DA:142,11
DA:143,11
DA:144,11
DA:145,11
DA:146,11
DA:147,11
DA:148,11
DA:150,11
DA:151,11
DA:152,11
DA:153,11
DA:154,11
DA:155,11
DA:156,11
DA:157,4
DA:158,4
DA:159,11
DA:160,11
DA:166,1
DA:167,7
DA:168,7
DA:169,7
DA:170,7
DA:171,7
DA:172,7
DA:173,7
DA:174,7
DA:182,7
DA:183,7
DA:184,7
DA:185,1
DA:186,1
DA:187,1
DA:189,7
DA:190,6
DA:191,6
DA:193,1
DA:194,1
DA:195,1
DA:196,1
DA:197,1
DA:198,1
DA:199,1
DA:200,1
DA:201,1
DA:202,1
DA:204,1
DA:205,1
DA:206,1
DA:207,1
DA:208,1
DA:209,0
DA:210,7
DA:211,7
DA:212,0
DA:213,0
DA:214,7
DA:219,1
DA:220,5
DA:221,5
DA:222,5
DA:223,5
DA:227,5
DA:228,5
DA:230,5
DA:231,5
DA:232,5
DA:233,5
DA:234,5
DA:235,0
DA:236,5
DA:237,5
DA:239,5
DA:240,5
DA:241,5
DA:246,1
DA:247,1
DA:248,1
DA:249,1
DA:250,1
DA:251,1
DA:252,1
DA:253,0
DA:254,1
DA:255,1
DA:262,1
DA:263,6
DA:264,6
DA:265,6
DA:266,6
DA:267,6
DA:268,6
DA:269,6
DA:270,6
DA:271,6
DA:272,6
DA:273,6
DA:274,6
DA:275,6
DA:276,6
DA:277,6
DA:278,6
DA:279,6
DA:281,6
DA:282,6
DA:283,6
DA:284,6
DA:285,6
DA:287,6
DA:288,6
DA:290,6
DA:291,11
DA:292,11
DA:293,11
DA:294,11
DA:295,11
DA:296,11
DA:297,11
DA:298,11
DA:299,11
DA:301,11
DA:303,7
DA:304,7
DA:305,7
DA:306,7
DA:307,7
DA:308,7
DA:309,7
DA:310,7
DA:311,7
DA:312,11
DA:314,7
DA:315,7
DA:317,11
DA:318,1
DA:319,1
DA:320,1
DA:321,1
DA:322,0
DA:323,0
DA:325,5
DA:326,11
DA:327,0
DA:328,0
DA:330,5
DA:331,5
DA:332,5
DA:333,5
DA:334,5
DA:336,5
DA:337,11
DA:339,1
DA:340,1
DA:341,1
DA:342,1
DA:343,1
DA:344,1
DA:349,1
DA:350,1
DA:351,1
DA:352,1
DA:357,1
DA:358,1
DA:359,1
DA:360,0
DA:361,1
DA:362,1
DA:367,1
DA:368,1
DA:369,1
DA:370,1
DA:371,1
DA:372,1
DA:377,1
DA:378,1
DA:379,1
DA:381,1
DA:382,1
DA:383,1
DA:388,1
DA:389,1
DA:390,1
DA:391,1
DA:392,1
DA:393,1
DA:398,1
DA:399,1
DA:400,1
DA:401,1
DA:403,1
DA:404,1
DA:405,1
DA:406,1
DA:407,1
DA:408,1
DA:410,1
DA:411,1
DA:412,1
DA:413,1
DA:415,1
DA:416,1
DA:417,1
DA:419,1
DA:420,1
DA:425,1
DA:426,1
DA:427,1
DA:428,1
DA:429,1
DA:433,1
DA:434,1
DA:435,1
DA:436,1
DA:437,1
DA:438,1
DA:439,1
DA:440,1
DA:441,1
DA:443,1
DA:444,1
DA:449,1
DA:450,1
DA:451,1
DA:452,1
DA:453,1
DA:454,1
DA:455,1
DA:456,1
DA:457,1
DA:465,1
DA:466,1
DA:467,1
DA:469,1
DA:470,1
DA:471,1
DA:472,1
DA:474,1
DA:475,1
DA:476,1
DA:477,1
DA:478,1
DA:479,1
DA:481,1
DA:482,1
DA:483,1
DA:484,1
DA:485,1
DA:486,1
DA:493,1
DA:494,2
DA:495,2
DA:496,2
DA:497,2
DA:498,2
DA:499,2
DA:500,2
DA:501,2
DA:509,2
DA:510,2
DA:511,2
DA:512,2
DA:513,2
DA:514,2
DA:515,2
DA:516,2
DA:517,2
DA:518,2
DA:519,2
DA:520,2
DA:521,2
DA:523,2
DA:525,2
DA:526,2
DA:527,2
DA:528,2
DA:529,2
DA:530,1
DA:532,2
DA:534,1
DA:535,1
DA:536,1
DA:537,1
DA:538,1
DA:539,2
DA:541,1
DA:542,1
DA:543,2
LF:357
LH:335
BRDA:40,0,0,1
BRDA:43,1,0,0
BRDA:74,2,0,14
BRDA:75,3,0,3
BRDA:76,4,0,3
BRDA:77,5,0,11
BRDA:78,6,0,3
BRDA:85,7,0,11
BRDA:92,8,0,0
BRDA:97,9,0,6
BRDA:107,10,0,0
BRDA:108,11,0,0
BRDA:116,12,0,8
BRDA:123,13,0,11
BRDA:156,14,0,4
BRDA:157,15,0,4
BRDA:148,16,0,5
BRDA:166,17,0,7
BRDA:184,18,0,1
BRDA:185,19,0,1
BRDA:186,20,0,1
BRDA:189,21,0,6
BRDA:191,22,0,1
BRDA:208,23,0,0
BRDA:211,24,0,0
BRDA:219,25,0,5
BRDA:234,26,0,0
BRDA:246,27,0,1
BRDA:251,28,0,0
BRDA:252,29,0,0
BRDA:262,30,0,6
BRDA:290,31,0,11
BRDA:301,32,0,4
BRDA:301,33,0,7
BRDA:312,34,0,0
BRDA:312,35,0,7
BRDA:315,36,0,1
BRDA:315,37,0,6
BRDA:317,38,0,1
BRDA:321,39,0,0
BRDA:323,40,0,5
BRDA:326,41,0,0
BRDA:328,42,0,5
BRDA:337,43,0,1
BRDA:349,44,0,1
BRDA:357,45,0,1
BRDA:358,46,0,1
BRDA:359,47,0,0
BRDA:361,48,0,0
BRDA:367,49,0,1
BRDA:381,50,0,0
BRDA:388,51,0,1
BRDA:405,52,0,1
BRDA:412,53,0,1
BRDA:412,54,0,0
BRDA:415,55,0,1
BRDA:425,56,0,1
BRDA:449,57,0,1
BRDA:467,58,0,0
BRDA:470,59,0,0
BRDA:472,60,0,0
BRDA:493,61,0,2
BRDA:523,62,0,1
BRDA:529,63,0,1
BRDA:530,64,0,0
BRDA:532,65,0,1
BRDA:536,66,0,0
BRDA:539,67,0,1
BRF:68
BRH:47
end_of_record
TN:
SF:packages/tooling/node/src/artifacts.ts
FN:10,pickRootNonDependencyArtifact
FN:17,resolveArtifactKey
FN:25,dedupeArtifacts
FN:48,writeArtifact
FN:90,rewriteUpdatedArtifacts
FN:117,readArtifact
FN:147,getArtifactPath
FN:162,loadDeploymentArtifacts
FN:168,loadObjectArtifacts
FN:176,getLatestObjectFromArtifact
FN:200,getLatestDeploymentFromArtifact
FN:218,getLatestArtifact
FN:241,findLatestArtifactThat
FN:247,isPublishArtifactNamed
FN:259,resolvePublisherCapIdFromObjectArtifacts
FNF:15
FNH:14
FNDA:2,pickRootNonDependencyArtifact
FNDA:11,resolveArtifactKey
FNDA:8,dedupeArtifacts
FNDA:10,writeArtifact
FNDA:0,rewriteUpdatedArtifacts
FNDA:12,readArtifact
FNDA:10,getArtifactPath
FNDA:1,loadDeploymentArtifacts
FNDA:2,loadObjectArtifacts
FNDA:1,getLatestObjectFromArtifact
FNDA:1,getLatestDeploymentFromArtifact
FNDA:2,getLatestArtifact
FNDA:1,findLatestArtifactThat
FNDA:1,isPublishArtifactNamed
FNDA:1,resolvePublisherCapIdFromObjectArtifacts
DA:1,1
DA:4,1
DA:5,1
DA:7,1
DA:10,1
DA:11,2
DA:12,2
DA:13,2
DA:14,1
DA:15,1
DA:17,1
DA:18,11
DA:19,11
DA:20,11
DA:21,8
DA:22,0
DA:23,0
DA:25,1
DA:26,8
DA:27,8
DA:29,8
DA:30,11
DA:31,11
DA:32,11
DA:33,11
DA:34,8
DA:35,8
DA:36,8
DA:37,8
DA:39,8
DA:40,8
DA:47,1
DA:48,1
DA:49,10
DA:50,8
DA:51,8
DA:53,8
DA:54,8
DA:55,8
DA:56,8
DA:58,8
DA:59,8
DA:60,8
DA:61,0
DA:62,0
DA:63,0
DA:64,0
DA:66,8
DA:68,8
DA:69,8
DA:70,0
DA:71,0
DA:72,0
DA:73,0
DA:74,0
DA:75,0
DA:76,8
DA:81,1
DA:85,1
DA:90,1
DA:91,0
DA:92,0
DA:93,0
DA:96,0
DA:97,0
DA:99,0
DA:100,0
DA:101,0
DA:102,0
DA:103,0
DA:104,0
DA:105,0
DA:106,0
DA:107,0
DA:108,0
DA:109,0
DA:110,0
DA:111,0
DA:117,1
DA:118,12
DA:119,12
DA:120,12
DA:121,12
DA:122,12
DA:123,6
DA:124,6
DA:125,6
DA:126,6
DA:127,6
DA:128,6
DA:129,6
DA:130,6
DA:132,6
DA:133,6
DA:135,0
DA:136,0
DA:137,6
DA:138,6
DA:139,6
DA:140,6
DA:141,12
DA:146,1
DA:147,1
DA:148,14
DA:153,1
DA:157,1
DA:162,1
DA:163,1
DA:168,1
DA:169,2
DA:175,1
DA:176,1
DA:177,1
DA:178,1
DA:180,1
DA:181,1
DA:182,1
DA:183,1
DA:185,1
DA:186,1
DA:187,1
DA:188,1
DA:189,1
DA:190,1
DA:191,1
DA:192,1
DA:193,1
DA:199,1
DA:200,1
DA:201,1
DA:202,1
DA:204,1
DA:205,1
DA:206,1
DA:207,1
DA:209,1
DA:210,1
DA:211,1
DA:212,1
DA:213,1
DA:214,1
DA:215,1
DA:216,1
DA:218,1
DA:219,2
DA:220,2
DA:221,2
DA:223,2
DA:224,2
DA:225,2
DA:226,2
DA:228,2
DA:229,3
DA:231,3
DA:232,3
DA:234,3
DA:235,3
DA:237,3
DA:238,2
DA:239,2
DA:241,1
DA:242,1
DA:243,1
DA:244,1
DA:246,1
DA:247,1
DA:248,1
DA:249,1
DA:250,1
DA:252,1
DA:253,1
DA:254,0
DA:256,0
DA:257,0
DA:259,1
DA:260,1
DA:261,1
DA:262,1
DA:265,1
DA:266,1
DA:268,1
DA:269,1
DA:271,1
DA:272,1
DA:273,1
DA:274,1
DA:275,1
DA:276,1
DA:278,1
DA:279,1
LF:190
LH:155
BRDA:10,0,0,2
BRDA:12,1,0,1
BRDA:13,2,0,1
BRDA:12,3,0,2
BRDA:17,4,0,11
BRDA:18,5,0,0
BRDA:20,6,0,3
BRDA:20,7,0,8
BRDA:21,8,0,0
BRDA:25,9,0,8
BRDA:29,10,0,11
BRDA:33,11,0,3
BRDA:33,12,0,8
BRDA:48,13,0,10
BRDA:49,14,0,8
BRDA:60,15,0,0
BRDA:69,16,0,0
BRDA:117,17,0,12
BRDA:122,18,0,6
BRDA:133,19,0,0
BRDA:137,20,0,0
BRDA:147,21,0,10
BRDA:147,22,0,14
BRDA:162,23,0,1
BRDA:168,24,0,2
BRDA:176,25,0,1
BRDA:177,26,0,1
BRDA:181,27,0,1
BRDA:182,28,0,0
BRDA:183,29,0,0
BRDA:200,30,0,1
BRDA:201,31,0,1
BRDA:205,32,0,1
BRDA:206,33,0,0
BRDA:207,34,0,0
BRDA:218,35,0,2
BRDA:221,36,0,0
BRDA:226,37,0,0
BRDA:223,38,0,2
BRDA:228,39,0,3
BRDA:229,40,0,2
BRDA:229,41,0,1
BRDA:231,42,0,0
BRDA:232,43,0,0
BRDA:234,44,0,0
BRDA:234,45,0,1
BRDA:235,46,0,0
BRDA:235,47,0,1
BRDA:237,48,0,0
BRDA:241,49,0,1
BRDA:247,50,0,1
BRDA:248,51,0,1
BRDA:250,52,0,0
BRDA:253,53,0,0
BRDA:259,54,0,1
BRDA:266,55,0,0
BRDA:271,56,0,1
BRDA:272,57,0,0
BRDA:273,58,0,0
BRDA:274,59,0,0
BRF:60
BRH:37
end_of_record
TN:
SF:packages/tooling/node/src/config.ts
FN:71,resolvePaths
FN:89,withDefault
FN:111,resolveConfig
FN:129,findConfigPath
FN:137,defineSuiConfig
FN:146,loadSuiConfig
FN:171,getNetworkConfig
FN:183,getAccountConfig
FNF:8
FNH:7
FNDA:2,resolvePaths
FNDA:3,withDefault
FNDA:2,resolveConfig
FNDA:2,findConfigPath
FNDA:0,defineSuiConfig
FNDA:2,loadSuiConfig
FNDA:1,getNetworkConfig
FNDA:1,getAccountConfig
DA:1,1
DA:4,1
DA:5,1
DA:6,1
DA:7,1
DA:8,1
DA:61,1
DA:62,1
DA:63,1
DA:64,1
DA:65,1
DA:66,1
DA:71,1
DA:72,2
DA:73,2
DA:74,2
DA:75,2
DA:76,2
DA:77,2
DA:78,2
DA:79,2
DA:80,2
DA:81,2
DA:82,2
DA:83,2
DA:84,2
DA:89,1
DA:90,3
DA:91,3
DA:93,3
DA:94,3
DA:95,3
DA:96,3
DA:97,3
DA:98,3
DA:99,3
DA:100,3
DA:101,3
DA:102,3
DA:103,3
DA:104,3
DA:105,3
DA:106,3
DA:111,1
DA:112,2
DA:113,2
DA:114,2
DA:115,1
DA:117,2
DA:118,2
DA:119,2
DA:120,2
DA:121,2
DA:122,2
DA:123,2
DA:124,2
DA:129,1
DA:130,2
DA:131,8
DA:132,2
DA:137,1
DA:138,0
DA:139,0
DA:146,1
DA:147,2
DA:148,2
DA:149,1
DA:150,1
DA:152,1
DA:153,1
DA:154,1
DA:155,0
DA:156,0
DA:158,2
DA:159,2
DA:160,0
DA:161,0
DA:162,0
DA:163,0
DA:164,0
DA:165,0
DA:166,2
DA:171,1
DA:172,1
DA:173,1
DA:175,1
DA:176,1
DA:177,1
DA:178,1
DA:183,1
DA:184,1
DA:185,1
DA:187,1
DA:188,1
DA:189,0
LF:95
LH:84
BRDA:71,0,0,2
BRDA:74,1,0,0
BRDA:77,2,0,0
BRDA:79,3,0,0
BRDA:82,4,0,0
BRDA:89,5,0,3
BRDA:105,6,0,1
BRDA:111,7,0,2
BRDA:114,8,0,1
BRDA:120,9,0,1
BRDA:122,10,0,1
BRDA:129,11,0,2
BRDA:130,12,0,8
BRDA:132,13,0,8
BRDA:146,14,0,2
BRDA:148,15,0,1
BRDA:154,16,0,0
BRDA:155,17,0,0
BRDA:159,18,0,0
BRDA:171,19,0,1
BRDA:177,20,0,0
BRDA:183,21,0,1
BRDA:188,22,0,0
BRDA:188,23,0,0
BRF:24
BRH:14
end_of_record
TN:
SF:packages/tooling/node/src/describe-object.ts
FN:68,createSuiClient
FN:74,normalizeTargetObjectId
FN:80,logInspectionContext
FN:99,buildObjectInformation
FN:124,logObjectInformation
FN:157,extractHasPublicTransfer
FN:168,extractContentSummary
FN:192,logObjectContent
FN:218,extractDisplayData
FN:240,logDisplayData
FN:252,extractBcsSummary
FN:276,logBcsSummary
FN:290,buildObjectErrorMessage
FN:303,formatBoolean
FN:306,truncateString
FNF:15
FNH:11
FNDA:0,createSuiClient
FNDA:1,normalizeTargetObjectId
FNDA:1,logInspectionContext
FNDA:1,buildObjectInformation
FNDA:1,logObjectInformation
FNDA:1,extractHasPublicTransfer
FNDA:1,extractContentSummary
FNDA:1,logObjectContent
FNDA:1,extractDisplayData
FNDA:1,logDisplayData
FNDA:1,extractBcsSummary
FNDA:1,logBcsSummary
FNDA:0,buildObjectErrorMessage
FNDA:0,formatBoolean
FNDA:0,truncateString
DA:7,1
DA:8,1
DA:10,1
DA:14,1
DA:55,1
DA:56,1
DA:57,1
DA:58,1
DA:59,1
DA:60,1
DA:61,1
DA:62,1
DA:63,1
DA:68,1
DA:69,0
DA:74,1
DA:75,1
DA:80,1
DA:81,1
DA:82,1
DA:83,1
DA:84,1
DA:88,1
DA:89,1
DA:90,1
DA:91,1
DA:92,1
DA:93,1
DA:99,1
DA:100,1
DA:101,1
DA:102,1
DA:105,1
DA:106,1
DA:107,1
DA:108,1
DA:109,1
DA:110,1
DA:111,1
DA:112,1
DA:113,1
DA:114,1
DA:115,1
DA:116,1
DA:117,1
DA:118,1
DA:124,1
DA:125,1
DA:126,1
DA:127,1
DA:128,1
DA:129,1
DA:130,1
DA:131,1
DA:132,1
DA:133,1
DA:134,1
DA:135,1
DA:136,1
DA:137,1
DA:138,1
DA:139,0
DA:140,0
DA:141,1
DA:142,1
DA:144,1
DA:145,1
DA:147,1
DA:148,1
DA:150,1
DA:151,1
DA:152,1
DA:157,1
DA:158,1
DA:159,1
DA:160,1
DA:162,1
DA:163,1
DA:168,1
DA:169,1
DA:170,1
DA:171,1
DA:173,1
DA:174,1
DA:175,0
DA:176,0
DA:177,0
DA:179,1
DA:180,1
DA:181,1
DA:182,1
DA:183,1
DA:184,1
DA:186,0
DA:187,0
DA:192,1
DA:193,1
DA:194,0
DA:195,0
DA:196,0
DA:198,1
DA:199,1
DA:200,1
DA:201,0
DA:202,0
DA:203,0
DA:205,1
DA:206,1
DA:207,1
DA:209,0
DA:210,0
DA:211,0
DA:212,0
DA:218,1
DA:219,1
DA:220,1
DA:221,1
DA:222,1
DA:224,0
DA:226,0
DA:227,0
DA:228,0
DA:229,0
DA:231,0
DA:232,0
DA:234,1
DA:235,1
DA:240,1
DA:241,1
DA:242,1
DA:243,1
DA:244,1
DA:246,0
DA:247,0
DA:252,1
DA:253,1
DA:254,1
DA:255,1
DA:257,0
DA:258,0
DA:259,1
DA:260,1
DA:262,1
DA:264,1
DA:266,0
DA:267,0
DA:268,0
DA:269,0
DA:270,0
DA:271,0
DA:276,1
DA:277,1
DA:279,0
DA:280,0
DA:281,0
DA:282,1
DA:283,1
DA:284,1
DA:285,1
DA:290,1
DA:291,0
DA:292,0
DA:293,0
DA:294,0
DA:296,0
DA:297,0
DA:298,0
DA:303,1
DA:304,0
DA:306,1
DA:307,0
LF:171
LH:124
BRDA:74,0,0,1
BRDA:80,1,0,1
BRDA:99,2,0,1
BRDA:107,3,0,0
BRDA:117,4,0,0
BRDA:124,5,0,1
BRDA:128,6,0,0
BRDA:130,7,0,0
BRDA:132,8,0,0
BRDA:136,9,0,0
BRDA:138,10,0,0
BRDA:142,11,0,0
BRDA:157,12,0,1
BRDA:160,13,0,0
BRDA:168,14,0,1
BRDA:171,15,0,0
BRDA:174,16,0,0
BRDA:184,17,0,0
BRDA:192,18,0,1
BRDA:193,19,0,0
BRDA:200,20,0,0
BRDA:207,21,0,0
BRDA:218,22,0,1
BRDA:221,23,0,0
BRDA:222,24,0,0
BRDA:234,25,0,0
BRDA:240,26,0,1
BRDA:241,27,0,0
BRDA:244,28,0,0
BRDA:252,29,0,1
BRDA:255,30,0,0
BRDA:259,31,0,0
BRDA:262,32,0,0
BRDA:262,33,0,0
BRDA:264,34,0,0
BRDA:276,35,0,1
BRDA:277,36,0,0
BRDA:282,37,0,0
BRDA:283,38,0,0
BRF:39
BRH:11
end_of_record
TN:
SF:packages/tooling/node/src/factory.ts
FN:116,sanitizeAccount
FN:124,sanitizeNetwork
FN:147,sanitizeNetworks
FN:160,createTooling
FN:170,getSuiObject
FN:171,getObjectSafe
FN:172,getSuiSharedObject
FN:173,getSuiDynamicFieldObject
FN:175,getAllOwnedObjectsByFilter
FN:177,resolveCoinOwnership
FN:179,getCoinBalanceSummary
FN:181,getCoinBalances
FN:182,listCurrencyRegistryEntries
FN:184,resolveCurrencyObjectId
FN:186,signAndExecute
FN:188,executeTransactionOnce
FN:190,ensureFoundedAddress
FN:192,withTestnetFaucetRetry
FN:194,publishPackageWithLog
FN:196,publishPackage
FN:201,toJSON
FNF:21
FNH:1
FNDA:0,sanitizeAccount
FNDA:0,sanitizeNetwork
FNDA:0,sanitizeNetworks
FNDA:1,createTooling
FNDA:0,getSuiObject
FNDA:0,getObjectSafe
FNDA:0,getSuiSharedObject
FNDA:0,getSuiDynamicFieldObject
FNDA:0,getAllOwnedObjectsByFilter
FNDA:0,resolveCoinOwnership
FNDA:0,getCoinBalanceSummary
FNDA:0,getCoinBalances
FNDA:0,listCurrencyRegistryEntries
FNDA:0,resolveCurrencyObjectId
FNDA:0,signAndExecute
FNDA:0,executeTransactionOnce
FNDA:0,ensureFoundedAddress
FNDA:0,withTestnetFaucetRetry
FNDA:0,publishPackageWithLog
FNDA:0,publishPackage
FNDA:0,toJSON
DA:4,1
DA:8,1
DA:9,1
DA:13,1
DA:14,1
DA:19,1
DA:20,1
DA:22,1
DA:23,1
DA:24,1
DA:116,1
DA:117,0
DA:118,0
DA:119,0
DA:120,0
DA:121,0
DA:122,0
DA:124,1
DA:125,0
DA:126,0
DA:127,0
DA:129,0
DA:130,0
DA:131,0
DA:132,0
DA:133,0
DA:134,0
DA:135,0
DA:136,0
DA:137,0
DA:138,0
DA:139,0
DA:140,0
DA:141,0
DA:142,0
DA:143,0
DA:144,0
DA:145,0
DA:147,1
DA:148,0
DA:150,0
DA:151,0
DA:152,0
DA:153,0
DA:154,0
DA:160,1
DA:161,1
DA:162,1
DA:163,1
DA:164,1
DA:165,1
DA:166,1
DA:167,1
DA:168,1
DA:169,1
DA:170,1
DA:171,1
DA:172,1
DA:173,1
DA:174,0
DA:175,1
DA:176,0
DA:177,1
DA:178,0
DA:179,1
DA:180,0
DA:181,1
DA:182,1
DA:183,0
DA:184,1
DA:185,0
DA:186,1
DA:187,0
DA:188,1
DA:189,0
DA:190,1
DA:191,0
DA:192,1
DA:193,0
DA:194,1
DA:195,0
DA:196,1
DA:197,0
DA:198,1
DA:200,1
DA:201,1
DA:202,0
DA:203,0
DA:204,0
DA:205,0
DA:206,0
DA:207,0
DA:208,0
DA:209,0
DA:210,0
DA:211,0
DA:212,0
DA:213,1
DA:214,1
LF:99
LH:44
BRDA:160,0,0,1
BRF:1
BRH:1
end_of_record
TN:
SF:packages/tooling/node/src/keypair.ts
FN:16,loadKeypair
FN:60,getKeystoreEntry
FN:80,readKeystoreEntries
FN:86,getKeystoreKeypairByAddress
FN:104,listKeystoreAddresses
FN:118,isBech32PrivateKey
FN:124,keypairFromBech32
FN:135,keypairFromSecret
FNF:8
FNH:7
FNDA:4,loadKeypair
FNDA:1,getKeystoreEntry
FNDA:2,readKeystoreEntries
FNDA:1,getKeystoreKeypairByAddress
FNDA:1,listKeystoreAddresses
FNDA:5,isBech32PrivateKey
FNDA:0,keypairFromBech32
FNDA:5,keypairFromSecret
DA:1,1
DA:3,1
DA:7,1
DA:8,1
DA:16,1
DA:17,4
DA:18,4
DA:19,4
DA:20,4
DA:21,4
DA:22,4
DA:23,4
DA:24,4
DA:26,2
DA:27,2
DA:29,2
DA:30,1
DA:31,1
DA:32,1
DA:33,1
DA:35,1
DA:37,1
DA:39,1
DA:40,1
DA:41,1
DA:42,1
DA:43,1
DA:44,1
DA:46,2
DA:47,2
DA:48,1
DA:49,1
DA:50,2
DA:52,0
DA:53,0
DA:54,0
DA:55,0
DA:60,1
DA:61,1
DA:62,1
DA:63,1
DA:64,1
DA:65,1
DA:67,1
DA:68,1
DA:69,0
DA:70,0
DA:71,0
DA:72,0
DA:74,1
DA:75,1
DA:80,1
DA:81,2
DA:86,1
DA:87,1
DA:88,1
DA:89,1
DA:90,1
DA:92,1
DA:93,1
DA:94,1
DA:95,1
DA:96,1
DA:98,1
DA:99,1
DA:104,1
DA:105,1
DA:106,1
DA:107,1
DA:108,1
DA:109,1
DA:110,1
DA:112,1
DA:113,1
DA:118,1
DA:119,5
DA:124,1
DA:125,0
DA:126,0
DA:127,0
DA:129,0
DA:130,0
DA:135,1
DA:136,5
DA:138,5
DA:139,5
DA:141,5
DA:142,5
DA:144,5
DA:145,5
DA:147,4
DA:148,4
LF:92
LH:79
BRDA:16,0,0,4
BRDA:23,1,0,2
BRDA:24,2,0,0
BRDA:24,3,0,2
BRDA:29,4,0,1
BRDA:35,5,0,0
BRDA:47,6,0,1
BRDA:50,7,0,0
BRDA:60,8,0,1
BRDA:68,9,0,0
BRDA:80,10,0,2
BRDA:86,11,0,1
BRDA:95,12,0,0
BRDA:104,13,0,1
BRDA:106,14,0,1
BRDA:118,15,0,5
BRDA:135,16,0,5
BRDA:139,17,0,0
BRDA:145,18,0,1
BRDA:145,19,0,4
BRF:20
BRH:14
end_of_record
TN:
SF:packages/tooling/node/src/localnet.ts
FN:16,resolveLocalnetConfigDir
FN:37,isFaucetSupportedNetwork
FN:45,deriveFaucetUrl
FN:72,getRpcSnapshot
FN:92,probeRpcHealth
FNF:5
FNH:5
FNDA:3,resolveLocalnetConfigDir
FNDA:4,isFaucetSupportedNetwork
FNDA:2,deriveFaucetUrl
FNDA:2,getRpcSnapshot
FNDA:1,probeRpcHealth
DA:1,1
DA:2,1
DA:4,1
DA:5,1
DA:7,1
DA:16,1
DA:17,3
DA:18,3
DA:19,2
DA:20,1
DA:22,3
DA:23,3
DA:24,0
DA:25,3
DA:26,1
DA:27,2
DA:29,3
DA:30,3
DA:31,3
DA:32,3
DA:37,1
DA:38,4
DA:40,4
DA:45,1
DA:46,2
DA:47,2
DA:48,2
DA:49,2
DA:50,2
DA:51,2
DA:52,2
DA:53,2
DA:54,1
DA:55,1
DA:56,2
DA:72,1
DA:73,2
DA:75,2
DA:76,2
DA:77,2
DA:78,2
DA:79,2
DA:81,1
DA:82,1
DA:83,1
DA:84,1
DA:85,1
DA:86,2
DA:87,2
DA:88,2
DA:89,2
DA:90,2
DA:92,1
DA:93,1
DA:94,1
DA:95,1
DA:96,1
DA:97,1
DA:98,1
DA:99,1
DA:100,1
DA:101,1
DA:102,1
LF:63
LH:62
BRDA:16,0,0,3
BRDA:18,1,0,1
BRDA:18,2,0,2
BRDA:19,3,0,1
BRDA:23,4,0,0
BRDA:25,5,0,2
BRDA:25,6,0,1
BRDA:26,7,0,2
BRDA:30,8,0,2
BRDA:30,9,0,2
BRDA:30,10,0,1
BRDA:37,11,0,4
BRDA:45,12,0,2
BRDA:53,13,0,1
BRDA:72,14,0,2
BRDA:79,15,0,1
BRDA:86,16,0,0
BRDA:92,17,0,1
BRDA:94,18,0,0
BRDA:99,19,0,0
BRF:20
BRH:16
end_of_record
TN:
SF:packages/tooling/node/src/log.ts
FN:7,logKeyValueColor
FN:18,simpleLogKeyValueColor
FN:58,toKebabCase
FN:65,logEach
FN:83,logStructuredJson
FNF:5
FNH:4
FNDA:20,logKeyValueColor
FNDA:10,simpleLogKeyValueColor
FNDA:3,toKebabCase
FNDA:10,logEach
FNDA:0,logStructuredJson
DA:1,1
DA:6,1
DA:7,1
DA:8,20
DA:9,24
DA:10,14
DA:11,14
DA:12,14
DA:17,1
DA:18,1
DA:19,1
DA:24,1
DA:28,1
DA:32,1
DA:36,1
DA:40,1
DA:44,1
DA:49,1
DA:53,1
DA:58,1
DA:59,3
DA:64,1
DA:65,1
DA:66,10
DA:67,1
DA:68,2
DA:69,1
DA:74,1
DA:78,1
DA:83,1
DA:84,0
DA:85,0
DA:86,0
DA:87,0
DA:88,0
DA:90,0
DA:91,0
DA:92,0
LF:38
LH:30
BRDA:7,0,0,20
BRDA:8,1,0,24
BRDA:9,2,0,14
BRDA:18,3,0,10
BRDA:18,4,0,1
BRDA:58,5,0,3
BRDA:65,6,0,10
BRDA:66,7,0,1
BRDA:67,8,0,2
BRF:9
BRH:9
end_of_record
TN:
SF:packages/tooling/node/src/move-lock.ts
FN:16,escapeRegExp
FN:19,detectMoveLockFormat
FN:25,sliceTomlSection
FN:52,extractSuiGitRevisionFromPinnedSection
FN:69,extractSuiGitSubdirFromPinnedSection
FN:84,parsePinnedSectionHeaderParts
FN:96,extractSuiFrameworkPinnedEntriesFromPinnedLock
FN:143,extractSuiGitRevisionsFromPinnedLock
FN:178,extractSuiGitRevisionsFromLegacyLock
FN:199,extractSuiFrameworkRevisionsFromMoveLock
FN:226,extractSuiFrameworkPinnedEntriesFromMoveLock
FN:242,extractSingleSuiFrameworkRevisionFromMoveLock
FNF:12
FNH:12
FNDA:26,escapeRegExp
FNDA:10,detectMoveLockFormat
FNDA:24,sliceTomlSection
FNDA:24,extractSuiGitRevisionFromPinnedSection
FNDA:8,extractSuiGitSubdirFromPinnedSection
FNDA:8,parsePinnedSectionHeaderParts
FNDA:3,extractSuiFrameworkPinnedEntriesFromPinnedLock
FNDA:4,extractSuiGitRevisionsFromPinnedLock
FNDA:2,extractSuiGitRevisionsFromLegacyLock
FNDA:7,extractSuiFrameworkRevisionsFromMoveLock
FNDA:3,extractSuiFrameworkPinnedEntriesFromMoveLock
FNDA:1,extractSingleSuiFrameworkRevisionFromMoveLock
DA:16,1
DA:17,26
DA:19,1
DA:20,10
DA:21,10
DA:22,1
DA:23,1
DA:25,1
DA:26,24
DA:27,24
DA:28,24
DA:29,24
DA:30,24
DA:31,24
DA:32,12384
DA:33,12384
DA:35,24
DA:36,24
DA:38,24
DA:39,24
DA:40,24
DA:41,24
DA:43,24
DA:44,24
DA:45,24
DA:46,19
DA:47,5
DA:49,24
DA:50,24
DA:52,1
DA:53,24
DA:54,24
DA:55,24
DA:56,24
DA:58,24
DA:59,24
DA:60,24
DA:61,24
DA:62,24
DA:63,24
DA:65,19
DA:66,19
DA:67,24
DA:69,1
DA:70,8
DA:71,8
DA:73,8
DA:74,8
DA:75,8
DA:76,8
DA:77,8
DA:78,8
DA:80,8
DA:81,8
DA:82,8
DA:84,1
DA:85,8
DA:89,8
DA:90,8
DA:91,8
DA:92,8
DA:93,8
DA:94,8
DA:96,1
DA:97,3
DA:98,3
DA:99,3
DA:102,3
DA:103,3
DA:104,1
DA:105,2
DA:107,3
DA:108,3
DA:109,3
DA:110,3
DA:112,3
DA:113,3
DA:115,3
DA:116,10
DA:117,10
DA:118,10
DA:119,10
DA:120,10
DA:121,10
DA:122,10
DA:124,10
DA:125,10
DA:127,8
DA:128,8
DA:129,8
DA:131,8
DA:132,8
DA:133,8
DA:134,8
DA:135,8
DA:136,8
DA:137,8
DA:138,8
DA:140,3
DA:141,3
DA:143,1
DA:144,4
DA:145,4
DA:146,4
DA:149,4
DA:150,4
DA:151,1
DA:152,3
DA:154,4
DA:155,4
DA:156,4
DA:157,4
DA:159,4
DA:160,4
DA:162,4
DA:163,14
DA:164,14
DA:165,14
DA:166,14
DA:167,14
DA:168,14
DA:169,14
DA:171,14
DA:172,14
DA:173,14
DA:175,4
DA:176,4
DA:178,1
DA:179,2
DA:180,2
DA:181,2
DA:182,2
DA:184,2
DA:185,6
DA:186,6
DA:187,6
DA:188,4
DA:190,6
DA:192,4
DA:193,6
DA:194,6
DA:196,2
DA:197,2
DA:199,1
DA:200,7
DA:201,7
DA:202,7
DA:205,7
DA:206,7
DA:208,7
DA:209,4
DA:210,4
DA:211,4
DA:212,4
DA:213,4
DA:215,5
DA:216,2
DA:217,2
DA:219,1
DA:220,1
DA:226,1
DA:227,3
DA:228,3
DA:229,3
DA:232,3
DA:233,3
DA:234,3
DA:236,3
DA:237,3
DA:238,3
DA:239,3
DA:240,3
DA:242,1
DA:243,1
DA:244,1
DA:245,1
DA:248,1
DA:249,1
DA:250,1
DA:251,1
DA:252,1
DA:254,1
DA:255,1
DA:256,1
LF:184
LH:184
BRDA:16,0,0,26
BRDA:19,1,0,10
BRDA:20,2,0,7
BRDA:20,3,0,3
BRDA:21,4,0,6
BRDA:21,5,0,2
BRDA:21,6,0,1
BRDA:25,7,0,24
BRDA:31,8,0,12384
BRDA:32,9,0,336
BRDA:36,10,0,0
BRDA:43,11,0,0
BRDA:45,12,0,19
BRDA:46,13,0,0
BRDA:46,14,0,5
BRDA:35,15,0,204
BRDA:40,16,0,271
BRDA:40,17,0,67
BRDA:52,18,0,24
BRDA:56,19,0,0
BRDA:58,20,0,0
BRDA:63,21,0,5
BRDA:63,22,0,19
BRDA:69,23,0,8
BRDA:71,24,0,0
BRDA:73,25,0,0
BRDA:78,26,0,0
BRDA:84,27,0,8
BRDA:92,28,0,0
BRDA:96,29,0,3
BRDA:103,30,0,1
BRDA:104,31,0,2
BRDA:115,32,0,10
BRDA:122,33,0,0
BRDA:125,34,0,2
BRDA:125,35,0,8
BRDA:129,36,0,0
BRDA:129,37,0,8
BRDA:143,38,0,4
BRDA:150,39,0,1
BRDA:151,40,0,3
BRDA:162,41,0,14
BRDA:169,42,0,0
BRDA:172,43,0,11
BRDA:178,44,0,2
BRDA:184,45,0,6
BRDA:187,46,0,4
BRDA:190,47,0,2
BRDA:190,48,0,4
BRDA:193,49,0,4
BRDA:199,50,0,7
BRDA:208,51,0,4
BRDA:213,52,0,5
BRDA:213,53,0,3
BRDA:215,54,0,2
BRDA:217,55,0,1
BRDA:226,56,0,3
BRDA:234,57,0,0
BRDA:242,58,0,1
BRF:59
BRH:46
end_of_record
TN:
SF:packages/tooling/node/src/move.ts
FN:14,canonicalizePackagePath
FN:20,resolveFullPackagePath
FN:39,hasDeploymentForPackage
FN:60,escapeRegExp
FN:63,resolveLineEnding
FN:66,getLineStartOffsets
FN:74,listMoveTomlFiles
FN:92,findSectionBlock
FN:120,isErrnoWithCode
FN:128,trimLeadingEmptyLines
FN:131,trimTrailingEmptyLines
FN:134,ensureTrailingNewline
FN:143,removePublishedSectionForNetwork
FN:173,hasDepReplacementSection
FN:179,hasEnvironmentEntry
FN:192,resolveEnvironmentEntryIndent
FN:203,updateEnvironmentBlock
FN:250,insertEnvironmentBlock
FN:276,updateMoveTomlEnvironmentChainId
FN:323,resolveChainIdentifier
FN:341,syncLocalnetMoveEnvironmentChainId
FN:376,syncMoveEnvironmentChainId
FN:419,clearPublishedEntryForNetwork
FN:453,ensureMoveBuildInstallDir
FN:467,buildMovePackage
FN:535,buildMoveEnvironmentFlags
FN:543,buildMoveTestFlags
FN:551,buildMoveTestArguments
FN:560,buildMoveTestPublishFlags
FN:577,buildMoveTestPublishArguments
FN:598,resolveBuildArtifacts
FN:675,parseBuildJson
FN:712,tryParseJson
FN:720,normalizeBuildJson
FN:746,normalizeModuleList
FN:778,normalizeDependencyList
FN:802,formatBuildOutputTail
FN:818,readBuildInfo
FN:832,readBuildArtifacts
FN:849,resolveDependencyAddressesFromBuildArtifacts
FN:869,inferPackageName
FN:895,findBuildInfoPath
FN:932,readBytecodeModules
FN:961,normalizeHexAddress
FN:969,parseAddressAliasInstantiations
FN:988,buildDependencyAddressMap
FN:1004,extractDependencyAddressMap
FN:1013,extractDependencies
FN:1026,isTestModuleFilename
FN:1038,isTestModuleBytecode
FNF:50
FNH:47
FNDA:3,canonicalizePackagePath
FNDA:1,resolveFullPackagePath
FNDA:1,hasDeploymentForPackage
FNDA:7,escapeRegExp
FNDA:6,resolveLineEnding
FNDA:4,getLineStartOffsets
FNDA:3,listMoveTomlFiles
FNDA:4,findSectionBlock
FNDA:1,isErrnoWithCode
FNDA:1,trimLeadingEmptyLines
FNDA:1,trimTrailingEmptyLines
FNDA:1,ensureTrailingNewline
FNDA:1,removePublishedSectionForNetwork
FNDA:3,hasDepReplacementSection
FNDA:1,hasEnvironmentEntry
FNDA:0,resolveEnvironmentEntryIndent
FNDA:0,updateEnvironmentBlock
FNDA:2,insertEnvironmentBlock
FNDA:3,updateMoveTomlEnvironmentChainId
FNDA:3,resolveChainIdentifier
FNDA:2,syncLocalnetMoveEnvironmentChainId
FNDA:3,syncMoveEnvironmentChainId
FNDA:2,clearPublishedEntryForNetwork
FNDA:3,ensureMoveBuildInstallDir
FNDA:3,buildMovePackage
FNDA:13,buildMoveEnvironmentFlags
FNDA:1,buildMoveTestFlags
FNDA:1,buildMoveTestArguments
FNDA:1,buildMoveTestPublishFlags
FNDA:1,buildMoveTestPublishArguments
FNDA:3,resolveBuildArtifacts
FNDA:3,parseBuildJson
FNDA:9,tryParseJson
FNDA:9,normalizeBuildJson
FNDA:9,normalizeModuleList
FNDA:9,normalizeDependencyList
FNDA:1,formatBuildOutputTail
FNDA:4,readBuildInfo
FNDA:2,readBuildArtifacts
FNDA:2,resolveDependencyAddressesFromBuildArtifacts
FNDA:4,inferPackageName
FNDA:2,findBuildInfoPath
FNDA:1,readBytecodeModules
FNDA:2,normalizeHexAddress
FNDA:2,parseAddressAliasInstantiations
FNDA:2,buildDependencyAddressMap
FNDA:2,extractDependencyAddressMap
FNDA:1,extractDependencies
FNDA:2,isTestModuleFilename
FNDA:0,isTestModuleBytecode
DA:6,1
DA:7,1
DA:8,1
DA:9,1
DA:14,1
DA:15,3
DA:20,1
DA:21,1
DA:22,1
DA:23,1
DA:24,1
DA:25,0
DA:26,1
DA:27,1
DA:28,1
DA:29,1
DA:31,1
DA:32,0
DA:33,1
DA:34,1
DA:39,1
DA:40,1
DA:41,1
DA:42,1
DA:43,1
DA:44,1
DA:45,1
DA:46,1
DA:47,1
DA:48,1
DA:60,1
DA:61,7
DA:63,1
DA:64,6
DA:66,1
DA:67,4
DA:68,4
DA:69,481
DA:70,481
DA:71,4
DA:72,4
DA:74,1
DA:75,3
DA:76,3
DA:78,3
DA:79,3
DA:80,3
DA:81,3
DA:82,0
DA:83,3
DA:84,3
DA:85,3
DA:86,3
DA:87,3
DA:89,3
DA:90,3
DA:92,1
DA:93,4
DA:94,4
DA:95,4
DA:96,4
DA:97,4
DA:98,4
DA:99,4
DA:100,4
DA:101,4
DA:102,4
DA:104,4
DA:105,4
DA:107,1
DA:108,1
DA:109,1
DA:111,3
DA:112,4
DA:113,4
DA:114,1
DA:115,0
DA:117,4
DA:118,4
DA:120,1
DA:121,1
DA:122,1
DA:123,1
DA:124,1
DA:125,1
DA:126,1
DA:128,1
DA:129,1
DA:131,1
DA:132,1
DA:134,1
DA:135,1
DA:136,1
DA:137,1
DA:138,1
DA:139,1
DA:140,1
DA:141,1
DA:143,1
DA:144,1
DA:145,1
DA:146,1
DA:147,1
DA:148,1
DA:149,1
DA:151,1
DA:152,1
DA:153,1
DA:154,1
DA:155,1
DA:156,1
DA:157,0
DA:158,1
DA:159,0
DA:160,1
DA:161,1
DA:163,1
DA:164,1
DA:165,1
DA:166,1
DA:167,1
DA:168,1
DA:169,1
DA:170,1
DA:171,1
DA:173,1
DA:174,3
DA:175,3
DA:176,3
DA:177,3
DA:179,1
DA:180,1
DA:181,1
DA:183,0
DA:184,0
DA:185,0
DA:187,0
DA:188,0
DA:189,0
DA:190,0
DA:192,1
DA:193,0
DA:194,0
DA:195,0
DA:196,0
DA:197,0
DA:198,0
DA:199,0
DA:200,0
DA:201,0
DA:203,1
DA:204,0
DA:205,0
DA:206,0
DA:207,0
DA:211,0
DA:212,0
DA:213,0
DA:214,0
DA:215,0
DA:216,0
DA:217,0
DA:219,0
DA:220,0
DA:221,0
DA:222,0
DA:223,0
DA:225,0
DA:226,0
DA:227,0
DA:228,0
DA:229,0
DA:230,0
DA:231,0
DA:232,0
DA:233,0
DA:234,0
DA:235,0
DA:236,0
DA:238,0
DA:239,0
DA:240,0
DA:241,0
DA:242,0
DA:243,0
DA:244,0
DA:245,0
DA:246,0
DA:247,0
DA:248,0
DA:250,1
DA:251,2
DA:252,2
DA:253,2
DA:254,2
DA:255,2
DA:257,2
DA:258,1
DA:259,1
DA:260,0
DA:261,1
DA:262,1
DA:264,1
DA:265,1
DA:267,2
DA:268,2
DA:269,2
DA:270,1
DA:271,0
DA:273,2
DA:274,2
DA:276,1
DA:277,3
DA:278,3
DA:279,3
DA:280,3
DA:284,3
DA:285,3
DA:286,3
DA:287,3
DA:288,1
DA:290,3
DA:291,1
DA:292,1
DA:294,2
DA:295,2
DA:297,2
DA:298,2
DA:299,2
DA:300,2
DA:301,2
DA:302,2
DA:304,0
DA:305,0
DA:306,0
DA:307,0
DA:308,0
DA:309,0
DA:311,0
DA:312,0
DA:313,0
DA:314,0
DA:315,0
DA:316,0
DA:317,0
DA:318,0
DA:323,1
DA:324,3
DA:325,3
DA:326,3
DA:329,3
DA:330,3
DA:331,3
DA:332,3
DA:333,1
DA:334,1
DA:335,3
DA:341,1
DA:342,2
DA:343,2
DA:344,2
DA:345,2
DA:346,2
DA:351,2
DA:352,2
DA:353,2
DA:355,1
DA:356,1
DA:357,1
DA:358,1
DA:360,2
DA:362,1
DA:363,1
DA:364,1
DA:365,1
DA:366,1
DA:367,1
DA:369,1
DA:370,1
DA:376,1
DA:377,3
DA:378,3
DA:379,3
DA:380,3
DA:381,3
DA:386,3
DA:387,3
DA:389,3
DA:390,3
DA:391,3
DA:392,3
DA:393,3
DA:394,3
DA:395,3
DA:396,3
DA:397,3
DA:398,3
DA:399,3
DA:400,3
DA:401,3
DA:402,2
DA:403,2
DA:404,2
DA:405,2
DA:406,3
DA:407,3
DA:408,3
DA:409,0
DA:410,0
DA:411,0
DA:412,0
DA:413,0
DA:414,0
DA:416,3
DA:417,3
DA:419,1
DA:420,2
DA:421,2
DA:422,2
DA:425,2
DA:426,2
DA:427,2
DA:429,1
DA:430,1
DA:431,1
DA:432,2
DA:433,0
DA:434,0
DA:435,0
DA:436,0
DA:438,1
DA:439,1
DA:440,1
DA:441,1
DA:442,2
DA:444,1
DA:445,1
DA:446,1
DA:453,1
DA:454,3
DA:455,3
DA:456,3
DA:457,3
DA:458,3
DA:459,0
DA:460,3
DA:462,3
DA:463,0
DA:464,3
DA:465,3
DA:467,1
DA:468,3
DA:469,3
DA:470,3
DA:471,3
DA:472,3
DA:473,3
DA:474,3
DA:475,3
DA:477,3
DA:478,3
DA:479,3
DA:480,3
DA:481,3
DA:482,3
DA:483,3
DA:484,3
DA:485,3
DA:486,3
DA:487,3
DA:488,3
DA:489,3
DA:490,3
DA:491,3
DA:492,3
DA:494,3
DA:495,3
DA:496,3
DA:497,3
DA:498,3
DA:499,3
DA:500,3
DA:501,3
DA:502,3
DA:503,2
DA:504,2
DA:506,3
DA:507,0
DA:508,0
DA:509,0
DA:510,0
DA:512,2
DA:513,2
DA:518,1
DA:535,1
DA:536,13
DA:537,13
DA:538,13
DA:543,1
DA:544,1
DA:545,1
DA:546,1
DA:551,1
DA:552,1
DA:553,1
DA:554,1
DA:555,1
DA:556,1
DA:557,1
DA:558,1
DA:560,1
DA:561,1
DA:562,1
DA:563,1
DA:564,1
DA:565,1
DA:567,1
DA:568,1
DA:569,1
DA:571,1
DA:572,1
DA:577,1
DA:578,1
DA:579,1
DA:580,1
DA:581,1
DA:582,1
DA:583,1
DA:588,1
DA:593,1
DA:598,1
DA:599,3
DA:600,3
DA:601,3
DA:602,3
DA:603,3
DA:604,3
DA:605,3
DA:609,3
DA:610,3
DA:611,3
DA:612,3
DA:613,3
DA:614,3
DA:615,3
DA:616,3
DA:617,2
DA:618,1
DA:619,3
DA:620,3
DA:621,2
DA:622,2
DA:623,2
DA:624,2
DA:625,1
DA:626,1
DA:627,1
DA:628,1
DA:629,1
DA:630,1
DA:631,1
DA:632,1
DA:633,1
DA:634,1
DA:635,0
DA:636,0
DA:637,2
DA:639,3
DA:640,1
DA:641,1
DA:642,1
DA:643,1
DA:644,0
DA:645,0
DA:646,0
DA:647,0
DA:649,2
DA:650,1
DA:651,0
DA:652,1
DA:653,1
DA:654,0
DA:655,3
DA:656,3
DA:657,1
DA:658,1
DA:660,3
DA:661,0
DA:662,0
DA:663,0
DA:664,0
DA:665,0
DA:666,0
DA:668,2
DA:669,2
DA:675,1
DA:676,3
DA:677,3
DA:678,3
DA:679,3
DA:681,3
DA:683,3
DA:684,3
DA:685,3
DA:686,3
DA:687,3
DA:688,3
DA:689,3
DA:691,3
DA:692,3
DA:693,3
DA:694,3
DA:695,3
DA:696,3
DA:698,3
DA:699,3
DA:700,3
DA:701,3
DA:702,3
DA:704,3
DA:705,9
DA:706,9
DA:707,9
DA:708,9
DA:709,9
DA:710,2
DA:712,1
DA:713,9
DA:714,9
DA:715,9
DA:716,0
DA:717,0
DA:718,9
DA:720,1
DA:721,9
DA:722,9
DA:723,9
DA:725,9
DA:726,9
DA:727,9
DA:728,8
DA:729,8
DA:730,8
DA:731,8
DA:732,9
DA:733,9
DA:734,9
DA:735,8
DA:736,8
DA:737,8
DA:738,8
DA:739,8
DA:740,9
DA:742,9
DA:743,1
DA:744,1
DA:746,1
DA:747,9
DA:748,1
DA:749,1
DA:751,0
DA:752,0
DA:753,0
DA:754,0
DA:755,0
DA:756,0
DA:757,0
DA:758,0
DA:759,0
DA:760,0
DA:761,0
DA:762,0
DA:763,0
DA:764,0
DA:765,0
DA:766,0
DA:767,0
DA:768,0
DA:769,0
DA:770,0
DA:771,0
DA:772,0
DA:773,0
DA:775,0
DA:776,0
DA:778,1
DA:779,9
DA:780,1
DA:781,1
DA:783,0
DA:784,0
DA:785,0
DA:786,0
DA:787,0
DA:788,0
DA:789,0
DA:790,0
DA:791,0
DA:792,0
DA:793,0
DA:794,0
DA:795,0
DA:796,0
DA:797,0
DA:798,0
DA:799,0
DA:800,0
DA:802,1
DA:803,1
DA:804,2
DA:805,1
DA:806,1
DA:808,1
DA:809,1
DA:810,1
DA:811,1
DA:812,1
DA:813,1
DA:815,1
DA:816,1
DA:818,1
DA:819,4
DA:820,4
DA:821,4
DA:822,2
DA:823,2
DA:825,2
DA:826,2
DA:832,1
DA:833,2
DA:834,2
DA:835,2
DA:836,2
DA:837,2
DA:839,1
DA:840,1
DA:841,1
DA:842,1
DA:843,1
DA:844,1
DA:846,1
DA:847,1
DA:849,1
DA:850,2
DA:851,2
DA:852,2
DA:854,2
DA:855,2
DA:856,1
DA:857,1
DA:858,1
DA:859,1
DA:860,1
DA:861,1
DA:862,1
DA:863,1
DA:864,2
DA:869,1
DA:870,4
DA:871,2
DA:872,2
DA:873,2
DA:876,2
DA:877,2
DA:878,2
DA:879,2
DA:880,2
DA:882,0
DA:883,2
DA:886,0
DA:887,0
DA:888,0
DA:890,4
DA:895,1
DA:896,2
DA:897,2
DA:898,2
DA:899,2
DA:900,2
DA:901,2
DA:903,2
DA:904,2
DA:905,2
DA:907,2
DA:908,2
DA:910,2
DA:911,2
DA:912,2
DA:913,2
DA:914,2
DA:915,0
DA:916,0
DA:917,0
DA:918,2
DA:919,0
DA:920,0
DA:921,0
DA:922,2
DA:924,0
DA:925,0
DA:926,0
DA:927,0
DA:932,1
DA:933,1
DA:934,1
DA:935,1
DA:936,1
DA:937,1
DA:938,1
DA:939,1
DA:940,1
DA:942,1
DA:943,1
DA:944,1
DA:945,2
DA:946,2
DA:947,2
DA:948,1
DA:949,1
DA:950,1
DA:952,1
DA:953,1
DA:954,1
DA:955,1
DA:956,1
DA:958,1
DA:959,1
DA:961,1
DA:962,2
DA:963,2
DA:964,2
DA:965,2
DA:969,1
DA:970,2
DA:971,2
DA:972,2
DA:973,2
DA:974,2
DA:976,2
DA:978,2
DA:979,2
DA:980,2
DA:981,2
DA:982,2
DA:983,2
DA:985,2
DA:986,2
DA:988,1
DA:989,2
DA:990,2
DA:991,2
DA:992,2
DA:994,2
DA:995,2
DA:996,2
DA:997,2
DA:998,2
DA:999,2
DA:1004,1
DA:1005,2
DA:1006,2
DA:1008,2
DA:1009,2
DA:1010,2
DA:1011,2
DA:1013,1
DA:1014,1
DA:1015,1
DA:1017,1
DA:1018,1
DA:1019,1
DA:1020,1
DA:1021,1
DA:1026,1
DA:1027,2
DA:1028,2
DA:1029,2
DA:1030,1
DA:1031,1
DA:1033,2
DA:1038,1
DA:1039,0
DA:1040,0
DA:1041,0
DA:1042,0
DA:1043,0
DA:1044,0
DA:1045,0
DA:1046,0
DA:1048,0
DA:1049,0
DA:1050,0
DA:1051,0
LF:793
LH:615
BRDA:14,0,0,3
BRDA:20,1,0,1
BRDA:24,2,0,0
BRDA:31,3,0,0
BRDA:39,4,0,1
BRDA:45,5,0,1
BRDA:60,6,0,7
BRDA:63,7,0,6
BRDA:64,8,0,0
BRDA:66,9,0,4
BRDA:68,10,0,481
BRDA:69,11,0,30
BRDA:74,12,0,3
BRDA:79,13,0,3
BRDA:81,14,0,0
BRDA:92,15,0,4
BRDA:105,16,0,3
BRDA:105,17,0,1
BRDA:111,18,0,0
BRDA:113,19,0,1
BRDA:114,20,0,0
BRDA:114,21,0,0
BRDA:104,22,0,28
BRDA:108,23,0,5
BRDA:108,24,0,4
BRDA:120,25,0,1
BRDA:128,26,0,1
BRDA:131,27,0,1
BRDA:134,28,0,1
BRDA:139,29,0,0
BRDA:140,30,0,0
BRDA:143,31,0,1
BRDA:149,32,0,0
BRDA:156,33,0,0
BRDA:156,34,0,0
BRDA:158,35,0,0
BRDA:158,36,0,0
BRDA:173,37,0,3
BRDA:179,38,0,1
BRDA:181,39,0,0
BRDA:250,40,0,2
BRDA:257,41,0,1
BRDA:257,42,0,1
BRDA:259,43,0,0
BRDA:267,44,0,0
BRDA:269,45,0,0
BRDA:269,46,0,1
BRDA:270,47,0,0
BRDA:276,48,0,3
BRDA:287,49,0,1
BRDA:290,50,0,2
BRDA:290,51,0,1
BRDA:302,52,0,0
BRDA:323,53,0,3
BRDA:332,54,0,1
BRDA:341,55,0,2
BRDA:353,56,0,1
BRDA:360,57,0,0
BRDA:360,58,0,1
BRDA:376,59,0,3
BRDA:408,60,0,0
BRDA:392,61,0,3
BRDA:401,62,0,2
BRDA:401,63,0,1
BRDA:419,64,0,2
BRDA:427,65,0,1
BRDA:432,66,0,0
BRDA:436,67,0,1
BRDA:442,68,0,0
BRDA:442,69,0,1
BRDA:453,70,0,3
BRDA:462,71,0,0
BRDA:467,72,0,3
BRDA:475,73,0,0
BRDA:490,74,0,0
BRDA:491,75,0,0
BRDA:492,76,0,0
BRDA:502,77,0,2
BRDA:506,78,0,0
BRDA:510,79,0,2
BRDA:535,80,0,13
BRDA:538,81,0,12
BRDA:538,82,0,1
BRDA:543,83,0,1
BRDA:551,84,0,1
BRDA:560,85,0,1
BRDA:577,86,0,1
BRDA:598,87,0,3
BRDA:612,88,0,2
BRDA:612,89,0,0
BRDA:613,90,0,1
BRDA:613,91,0,2
BRDA:614,92,0,1
BRDA:614,93,0,2
BRDA:616,94,0,2
BRDA:617,95,0,1
BRDA:620,96,0,2
BRDA:624,97,0,1
BRDA:629,98,0,0
BRDA:634,99,0,0
BRDA:639,100,0,1
BRDA:643,101,0,0
BRDA:643,102,0,0
BRDA:647,103,0,2
BRDA:649,104,0,1
BRDA:650,105,0,0
BRDA:651,106,0,1
BRDA:653,107,0,0
BRDA:656,108,0,1
BRDA:657,109,0,1
BRDA:658,110,0,0
BRDA:660,111,0,0
BRDA:666,112,0,2
BRDA:675,113,0,3
BRDA:679,114,0,0
BRDA:686,115,0,0
BRDA:686,116,0,0
BRDA:704,117,0,9
BRDA:706,118,0,0
BRDA:708,119,0,1
BRDA:709,120,0,2
BRDA:712,121,0,9
BRDA:715,122,0,0
BRDA:720,123,0,9
BRDA:723,124,0,0
BRDA:727,125,0,8
BRDA:728,126,0,8
BRDA:729,127,0,8
BRDA:730,128,0,8
BRDA:734,129,0,8
BRDA:735,130,0,8
BRDA:736,131,0,8
BRDA:737,132,0,8
BRDA:738,133,0,8
BRDA:742,134,0,8
BRDA:742,135,0,8
BRDA:742,136,0,1
BRDA:746,137,0,9
BRDA:747,138,0,8
BRDA:747,139,0,1
BRDA:749,140,0,0
BRDA:748,141,0,1
BRDA:778,142,0,9
BRDA:779,143,0,8
BRDA:779,144,0,1
BRDA:781,145,0,0
BRDA:780,146,0,1
BRDA:802,147,0,1
BRDA:806,148,0,0
BRDA:813,149,0,0
BRDA:803,150,0,2
BRDA:804,151,0,1
BRDA:818,152,0,4
BRDA:821,153,0,2
BRDA:832,154,0,2
BRDA:837,155,0,1
BRDA:849,156,0,2
BRDA:855,157,0,1
BRDA:858,158,0,0
BRDA:869,159,0,4
BRDA:870,160,0,2
BRDA:880,161,0,0
BRDA:883,162,0,0
BRDA:872,163,0,2
BRDA:873,164,0,2
BRDA:895,165,0,2
BRDA:905,166,0,0
BRDA:914,167,0,0
BRDA:918,168,0,0
BRDA:922,169,0,0
BRDA:932,170,0,1
BRDA:944,171,0,2
BRDA:949,172,0,1
BRDA:961,173,0,2
BRDA:963,174,0,0
BRDA:969,175,0,2
BRDA:976,176,0,0
BRDA:985,177,0,4
BRDA:988,178,0,2
BRDA:996,179,0,4
BRDA:997,180,0,2
BRDA:1004,181,0,2
BRDA:1013,182,0,1
BRDA:1026,183,0,2
BRDA:1029,184,0,1
BRDA:1030,185,0,1
BRF:186
BRH:128
end_of_record
TN:
SF:packages/tooling/node/src/process.ts
FN:53,stripExt
FN:57,fileNameOnly
FN:61,currentScriptName
FN:79,addBaseOptions
FN:103,stripYargsTerminator
FN:112,sanitizeCliArgumentsForLogging
FN:118,toCamelCase
FN:170,resolveNetworkName
FN:175,buildSuiConfigForNetwork
FN:189,resolveCliArguments
FN:197,resolveScriptNetwork
FN:207,buildScriptExecutionContext
FN:236,createToolingForNetwork
FN:245,logScriptStart
FN:253,logScriptFailure
FN:264,syncLocalnetMoveEnvironmentChainIdForTooling
FN:287,isSuiCliEnvironmentConfigured
FN:292,normalizeRpcUrlForComparison
FN:295,hashRpcUrl
FN:298,addEnvironmentName
FN:306,ensureSuiCliEnvironmentExists
FN:331,isSuiCliEnvironmentRpcMatching
FN:347,buildTemporaryEnvironmentBaseAlias
FN:352,createOrReuseTemporarySuiCliEnvironment
FN:363,tryEnsureEnvironment
FN:421,resolveSuiCliEnvironmentForRpcUrl
FN:467,switchSuiCliEnvironmentIfNeeded
FN:541,restoreSuiCliEnvironment
FN:556,withSuiCliEnvironment
FN:578,runScriptAndCaptureExitCode
FN:618,finalizeProcess
FN:628,runSuiScript
FNF:32
FNH:32
FNDA:6,stripExt
FNDA:6,fileNameOnly
FNDA:6,currentScriptName
FNDA:4,addBaseOptions
FNDA:4,stripYargsTerminator
FNDA:6,sanitizeCliArgumentsForLogging
FNDA:1,toCamelCase
FNDA:6,resolveNetworkName
FNDA:6,buildSuiConfigForNetwork
FNDA:6,resolveCliArguments
FNDA:6,resolveScriptNetwork
FNDA:6,buildScriptExecutionContext
FNDA:6,createToolingForNetwork
FNDA:6,logScriptStart
FNDA:2,logScriptFailure
FNDA:11,syncLocalnetMoveEnvironmentChainIdForTooling
FNDA:11,isSuiCliEnvironmentConfigured
FNDA:12,normalizeRpcUrlForComparison
FNDA:2,hashRpcUrl
FNDA:2,addEnvironmentName
FNDA:3,ensureSuiCliEnvironmentExists
FNDA:6,isSuiCliEnvironmentRpcMatching
FNDA:2,buildTemporaryEnvironmentBaseAlias
FNDA:2,createOrReuseTemporarySuiCliEnvironment
FNDA:2,tryEnsureEnvironment
FNDA:6,resolveSuiCliEnvironmentForRpcUrl
FNDA:6,switchSuiCliEnvironmentIfNeeded
FNDA:6,restoreSuiCliEnvironment
FNDA:6,withSuiCliEnvironment
FNDA:7,runScriptAndCaptureExitCode
FNDA:7,finalizeProcess
FNDA:7,runSuiScript
DA:1,1
DA:2,1
DA:4,1
DA:5,1
DA:6,1
DA:9,1
DA:11,1
DA:12,1
DA:14,1
DA:15,1
DA:22,1
DA:23,1
DA:53,1
DA:57,1
DA:61,1
DA:63,6
DA:64,6
DA:66,0
DA:67,0
DA:79,1
DA:80,4
DA:81,4
DA:83,4
DA:84,4
DA:85,4
DA:86,4
DA:87,4
DA:88,4
DA:89,4
DA:90,4
DA:91,4
DA:92,4
DA:103,4
DA:104,4
DA:105,4
DA:106,4
DA:107,4
DA:112,1
DA:113,6
DA:114,6
DA:115,6
DA:116,6
DA:118,1
DA:119,1
DA:120,1
DA:121,1
DA:122,1
DA:123,1
DA:124,1
DA:125,0
DA:126,1
DA:127,1
DA:129,1
DA:131,1
DA:133,1
DA:136,1
DA:138,1
DA:139,1
DA:140,1
DA:141,1
DA:142,1
DA:143,1
DA:144,1
DA:145,1
DA:147,1
DA:148,1
DA:150,1
DA:152,1
DA:153,1
DA:154,1
DA:155,1
DA:156,1
DA:157,0
DA:158,0
DA:159,1
DA:160,1
DA:161,1
DA:162,1
DA:163,1
DA:164,1
DA:165,1
DA:167,1
DA:168,1
DA:170,1
DA:171,6
DA:172,6
DA:173,6
DA:175,1
DA:176,6
DA:177,6
DA:178,6
DA:179,6
DA:183,6
DA:184,6
DA:185,6
DA:186,6
DA:187,6
DA:189,1
DA:190,6
DA:191,6
DA:192,6
DA:193,6
DA:194,1
DA:195,1
DA:197,1
DA:198,6
DA:199,6
DA:200,6
DA:201,6
DA:202,6
DA:204,6
DA:205,6
DA:207,1
DA:208,6
DA:209,6
DA:210,6
DA:211,6
DA:212,6
DA:213,6
DA:214,6
DA:215,6
DA:216,6
DA:217,6
DA:218,6
DA:219,6
DA:220,6
DA:222,6
DA:223,6
DA:224,6
DA:225,6
DA:226,6
DA:227,6
DA:228,6
DA:229,6
DA:230,6
DA:231,6
DA:232,6
DA:233,6
DA:234,6
DA:236,1
DA:237,6
DA:238,6
DA:240,6
DA:241,6
DA:242,6
DA:243,6
DA:245,1
DA:246,6
DA:247,6
DA:248,6
DA:249,6
DA:250,6
DA:251,6
DA:253,1
DA:254,2
DA:255,2
DA:256,2
DA:257,2
DA:258,2
DA:259,2
DA:260,2
DA:261,2
DA:262,2
DA:264,1
DA:265,11
DA:266,11
DA:267,11
DA:268,11
DA:269,11
DA:270,11
DA:271,11
DA:272,11
DA:274,11
DA:275,0
DA:276,0
DA:277,0
DA:278,0
DA:280,11
DA:281,0
DA:282,0
DA:283,0
DA:284,0
DA:285,11
DA:287,1
DA:288,11
DA:289,11
DA:290,11
DA:292,1
DA:293,12
DA:295,1
DA:296,2
DA:298,1
DA:299,2
DA:300,2
DA:302,2
DA:303,0
DA:304,2
DA:306,1
DA:307,3
DA:308,3
DA:309,3
DA:310,3
DA:314,3
DA:315,3
DA:316,0
DA:317,0
DA:319,3
DA:320,3
DA:322,2
DA:323,2
DA:324,2
DA:325,2
DA:326,2
DA:327,2
DA:328,2
DA:329,2
DA:331,1
DA:332,6
DA:333,6
DA:334,6
DA:337,6
DA:338,6
DA:339,6
DA:341,5
DA:342,5
DA:343,5
DA:345,5
DA:347,1
DA:348,2
DA:349,2
DA:350,2
DA:352,1
DA:353,2
DA:354,2
DA:355,2
DA:356,2
DA:360,2
DA:361,2
DA:363,2
DA:364,2
DA:365,2
DA:366,2
DA:367,2
DA:368,2
DA:369,2
DA:370,2
DA:371,2
DA:372,0
DA:373,0
DA:374,0
DA:375,0
DA:376,0
DA:377,0
DA:378,0
DA:379,0
DA:380,0
DA:382,2
DA:383,2
DA:384,2
DA:385,2
DA:386,2
DA:387,2
DA:389,2
DA:390,2
DA:391,2
DA:392,2
DA:393,2
DA:394,2
DA:395,2
DA:396,2
DA:397,2
DA:399,0
DA:401,0
DA:402,0
DA:403,0
DA:404,0
DA:405,0
DA:406,0
DA:407,0
DA:408,0
DA:409,0
DA:410,0
DA:411,0
DA:412,0
DA:413,0
DA:415,0
DA:416,0
DA:418,0
DA:419,0
DA:421,1
DA:422,6
DA:423,6
DA:424,6
DA:425,6
DA:433,6
DA:434,6
DA:435,6
DA:436,6
DA:437,6
DA:439,6
DA:440,6
DA:441,4
DA:442,4
DA:443,4
DA:444,4
DA:446,2
DA:447,2
DA:448,2
DA:449,2
DA:450,6
DA:452,6
DA:454,6
DA:455,6
DA:456,6
DA:457,6
DA:458,6
DA:460,2
DA:461,2
DA:462,2
DA:463,2
DA:464,2
DA:465,2
DA:467,1
DA:468,6
DA:469,6
DA:470,6
DA:473,6
DA:474,6
DA:476,6
DA:478,6
DA:480,6
DA:481,6
DA:482,6
DA:483,6
DA:484,6
DA:485,6
DA:486,0
DA:487,0
DA:488,0
DA:489,0
DA:490,0
DA:492,6
DA:493,6
DA:494,6
DA:496,6
DA:497,6
DA:499,4
DA:500,4
DA:501,4
DA:502,4
DA:503,4
DA:505,6
DA:506,1
DA:507,1
DA:508,1
DA:509,1
DA:510,1
DA:511,1
DA:512,1
DA:513,1
DA:514,1
DA:515,1
DA:516,1
DA:517,1
DA:518,1
DA:520,4
DA:521,4
DA:522,1
DA:523,1
DA:525,6
DA:526,1
DA:527,1
DA:528,1
DA:529,1
DA:530,1
DA:532,3
DA:533,3
DA:534,3
DA:535,0
DA:536,0
DA:538,3
DA:539,3
DA:541,1
DA:542,6
DA:543,6
DA:544,6
DA:546,3
DA:547,3
DA:548,3
DA:549,6
DA:550,0
DA:551,0
DA:552,0
DA:553,0
DA:554,6
DA:556,1
DA:557,6
DA:558,6
DA:559,6
DA:560,6
DA:564,6
DA:565,6
DA:566,6
DA:567,6
DA:568,6
DA:569,6
DA:571,6
DA:572,6
DA:573,6
DA:574,6
DA:575,6
DA:576,6
DA:578,1
DA:579,7
DA:580,7
DA:581,7
DA:582,7
DA:583,7
DA:585,6
DA:587,6
DA:588,6
DA:589,6
DA:590,6
DA:591,6
DA:592,6
DA:593,6
DA:595,6
DA:596,6
DA:597,6
DA:598,6
DA:600,6
DA:602,6
DA:603,6
DA:604,6
DA:605,6
DA:607,5
DA:609,5
DA:610,6
DA:611,6
DA:612,7
DA:613,2
DA:614,2
DA:615,2
DA:616,7
DA:618,1
DA:619,7
DA:620,7
DA:621,7
DA:628,1
DA:629,7
DA:630,7
DA:631,7
DA:632,7
DA:633,7
DA:634,7
DA:635,7
DA:636,7
DA:637,7
DA:638,7
DA:639,7
LF:460
LH:406
BRDA:53,0,0,6
BRDA:57,1,0,6
BRDA:61,2,0,6
BRDA:64,3,0,0
BRDA:79,4,0,4
BRDA:103,5,0,4
BRDA:105,6,0,1
BRDA:112,7,0,6
BRDA:116,8,0,5
BRDA:116,9,0,1
BRDA:118,10,0,1
BRDA:122,11,0,1
BRDA:124,12,0,0
BRDA:129,13,0,1
BRDA:136,14,0,0
BRDA:139,15,0,1
BRDA:141,16,0,1
BRDA:153,17,0,3
BRDA:153,18,0,2
BRDA:154,19,0,1
BRDA:156,20,0,0
BRDA:157,21,0,0
BRDA:161,22,0,1
BRDA:162,23,0,0
BRDA:170,24,0,6
BRDA:173,25,0,1
BRDA:173,26,0,5
BRDA:175,27,0,6
BRDA:189,28,0,6
BRDA:193,29,0,5
BRDA:193,30,0,1
BRDA:197,31,0,6
BRDA:207,32,0,6
BRDA:236,33,0,6
BRDA:245,34,0,6
BRDA:253,35,0,2
BRDA:257,36,0,0
BRDA:258,37,0,0
BRDA:261,38,0,0
BRDA:264,39,0,11
BRDA:274,40,0,0
BRDA:274,41,0,0
BRDA:280,42,0,0
BRDA:287,43,0,11
BRDA:292,44,0,12
BRDA:295,45,0,2
BRDA:298,46,0,2
BRDA:302,47,0,0
BRDA:306,48,0,3
BRDA:315,49,0,0
BRDA:320,50,0,1
BRDA:320,51,0,2
BRDA:331,52,0,6
BRDA:339,53,0,1
BRDA:339,54,0,5
BRDA:347,55,0,2
BRDA:352,56,0,2
BRDA:397,57,0,0
BRDA:363,58,0,2
BRDA:371,59,0,0
BRDA:421,60,0,6
BRDA:440,61,0,4
BRDA:444,62,0,2
BRDA:450,63,0,0
BRDA:458,64,0,2
BRDA:467,65,0,6
BRDA:476,66,0,0
BRDA:485,67,0,0
BRDA:497,68,0,2
BRDA:497,69,0,4
BRDA:505,70,0,1
BRDA:505,71,0,1
BRDA:518,72,0,4
BRDA:521,73,0,1
BRDA:522,74,0,1
BRDA:525,75,0,1
BRDA:530,76,0,3
BRDA:534,77,0,0
BRDA:536,78,0,3
BRDA:541,79,0,6
BRDA:544,80,0,3
BRDA:544,81,0,3
BRDA:549,82,0,0
BRDA:556,83,0,6
BRDA:578,84,0,7
BRDA:583,85,0,6
BRDA:612,86,0,2
BRDA:592,87,0,6
BRDA:605,88,0,5
BRDA:618,89,0,7
BRDA:619,90,0,5
BRDA:628,91,0,7
BRDA:632,92,0,7
BRF:93
BRH:72
end_of_record
TN:
SF:packages/tooling/node/src/publish.ts
FN:63,syncLocalnetMoveEnvironmentChainIdForPublish
FN:102,publishPackageWithLog
FN:152,publishPackage
FN:229,doPublishPackage
FN:268,createPublishTransaction
FN:296,buildPublishPlan
FN:399,shouldSkipFrameworkConsistency
FN:407,buildMoveBuildFlags
FN:424,logPublishStart
FN:444,logPublishSuccess
FN:465,derivePackageLabel
FN:472,buildCliPublishArguments
FN:494,publishViaCli
FN:531,warnIfCliMissingKeystore
FN:541,parseCliJson
FN:546,tryParse
FN:583,extractPublishResult
FN:586,collectCreatedObjectIds
FN:601,warnOnCountMismatch
FN:664,labelPublishResult
FN:689,resolvePackageNames
FN:708,assertFrameworkRevisionConsistency
FN:734,warnOnFrameworkRevisionInconsistency
FN:747,groupPinnedEntriesByRevision
FN:760,buildMultipleFrameworkRevisionsMessage
FN:787,isFrameworkPackageName
FN:793,getNonFrameworkPackagesForRevision
FN:890,collectMismatchedFrameworkRevisions
FN:914,buildFrameworkMismatchMessage
FN:924,readFrameworkRevisionsForPackage
FN:942,discoverLocalDependencyPackages
FN:987,readSingleFrameworkRevisionForPackage
FN:1005,getSuiCliVersion
FN:1018,parseSuiCliVersionOutput
FN:1028,isSizeLimitError
FN:1040,shouldRetryWithCli
FN:1043,publishMovePackageWithFunding
FNF:37
FNH:32
FNDA:3,syncLocalnetMoveEnvironmentChainIdForPublish
FNDA:5,publishPackageWithLog
FNDA:9,publishPackage
FNDA:2,doPublishPackage
FNDA:2,createPublishTransaction
FNDA:4,buildPublishPlan
FNDA:3,shouldSkipFrameworkConsistency
FNDA:2,buildMoveBuildFlags
FNDA:2,logPublishStart
FNDA:2,logPublishSuccess
FNDA:2,derivePackageLabel
FNDA:8,buildCliPublishArguments
FNDA:8,publishViaCli
FNDA:8,warnIfCliMissingKeystore
FNDA:7,parseCliJson
FNDA:8,tryParse
FNDA:7,extractPublishResult
FNDA:7,collectCreatedObjectIds
FNDA:12,warnOnCountMismatch
FNDA:7,labelPublishResult
FNDA:2,resolvePackageNames
FNDA:1,assertFrameworkRevisionConsistency
FNDA:2,warnOnFrameworkRevisionInconsistency
FNDA:2,groupPinnedEntriesByRevision
FNDA:2,buildMultipleFrameworkRevisionsMessage
FNDA:6,isFrameworkPackageName
FNDA:6,getNonFrameworkPackagesForRevision
FNDA:0,collectMismatchedFrameworkRevisions
FNDA:0,buildFrameworkMismatchMessage
FNDA:3,readFrameworkRevisionsForPackage
FNDA:0,discoverLocalDependencyPackages
FNDA:0,readSingleFrameworkRevisionForPackage
FNDA:2,getSuiCliVersion
FNDA:2,parseSuiCliVersionOutput
FNDA:1,isSizeLimitError
FNDA:3,shouldRetryWithCli
FNDA:0,publishMovePackageWithFunding
DA:1,1
DA:2,1
DA:6,1
DA:7,1
DA:16,1
DA:22,1
DA:24,1
DA:31,1
DA:36,1
DA:42,1
DA:63,1
DA:64,3
DA:65,3
DA:66,3
DA:67,3
DA:71,3
DA:72,3
DA:73,3
DA:74,3
DA:75,3
DA:76,3
DA:77,3
DA:79,3
DA:80,0
DA:81,0
DA:82,0
DA:83,0
DA:85,3
DA:86,0
DA:87,0
DA:88,0
DA:89,0
DA:90,3
DA:102,1
DA:103,5
DA:104,5
DA:105,5
DA:106,5
DA:107,5
DA:108,5
DA:109,5
DA:110,5
DA:118,5
DA:119,5
DA:120,5
DA:122,5
DA:123,5
DA:125,4
DA:126,4
DA:127,4
DA:128,4
DA:129,4
DA:130,4
DA:131,4
DA:132,4
DA:133,4
DA:134,4
DA:135,4
DA:137,2
DA:139,2
DA:141,2
DA:143,2
DA:144,2
DA:152,1
DA:153,9
DA:154,9
DA:155,9
DA:156,9
DA:157,9
DA:158,9
DA:159,9
DA:160,9
DA:161,9
DA:162,9
DA:163,9
DA:165,9
DA:166,9
DA:167,9
DA:168,7
DA:169,2
DA:170,9
DA:171,3
DA:172,1
DA:173,1
DA:174,1
DA:175,1
DA:176,1
DA:177,1
DA:178,1
DA:179,3
DA:180,2
DA:181,2
DA:182,3
DA:184,7
DA:185,9
DA:187,6
DA:188,9
DA:190,9
DA:191,9
DA:192,6
DA:193,6
DA:194,6
DA:195,0
DA:196,6
DA:197,6
DA:198,6
DA:199,6
DA:200,6
DA:201,6
DA:202,6
DA:203,6
DA:204,6
DA:205,6
DA:206,6
DA:207,6
DA:208,6
DA:209,6
DA:210,6
DA:211,6
DA:212,6
DA:213,6
DA:214,6
DA:215,6
DA:216,9
DA:218,9
DA:219,9
DA:220,9
DA:221,9
DA:223,6
DA:224,6
DA:229,1
DA:230,2
DA:231,2
DA:232,2
DA:233,2
DA:234,2
DA:235,2
DA:236,2
DA:237,2
DA:238,2
DA:240,2
DA:241,2
DA:242,2
DA:243,2
DA:244,2
DA:245,2
DA:246,2
DA:247,2
DA:248,2
DA:249,2
DA:250,2
DA:251,2
DA:253,2
DA:254,2
DA:255,0
DA:256,0
DA:258,1
DA:259,1
DA:260,2
DA:262,1
DA:263,1
DA:268,1
DA:269,2
DA:270,2
DA:271,2
DA:272,2
DA:273,2
DA:274,2
DA:276,2
DA:278,2
DA:279,2
DA:281,2
DA:282,2
DA:287,1
DA:291,1
DA:296,1
DA:297,4
DA:298,4
DA:299,4
DA:300,4
DA:301,4
DA:302,4
DA:303,4
DA:304,4
DA:305,4
DA:306,4
DA:316,4
DA:317,4
DA:318,4
DA:319,1
DA:320,1
DA:322,3
DA:323,3
DA:324,3
DA:325,3
DA:326,3
DA:328,3
DA:329,3
DA:330,2
DA:331,1
DA:333,4
DA:334,4
DA:335,2
DA:336,1
DA:337,4
DA:339,4
DA:343,4
DA:344,2
DA:345,2
DA:347,3
DA:348,3
DA:349,3
DA:350,3
DA:351,3
DA:352,4
DA:353,1
DA:354,0
DA:356,2
DA:357,2
DA:358,2
DA:359,2
DA:360,2
DA:362,4
DA:363,2
DA:364,2
DA:365,2
[...]
DA:378,2
DA:379,2
DA:380,2
DA:381,2
DA:382,2
DA:383,2
DA:384,2
DA:385,2
DA:386,4
DA:387,2
DA:388,2
DA:389,2
DA:390,2
DA:391,2
DA:392,2
DA:393,2
DA:395,1
DA:399,1
DA:400,3
DA:401,3
DA:402,3
DA:407,1
DA:408,2
DA:409,2
DA:410,2
DA:413,2
DA:414,2
DA:415,2
DA:416,2
DA:417,2
DA:418,2
DA:420,2
DA:421,2
DA:424,1
DA:425,2
DA:426,2
DA:427,2
DA:428,2
DA:429,2
DA:430,2
DA:431,2
DA:432,2
DA:434,2
DA:435,2
DA:436,2
DA:437,0
DA:438,2
DA:439,2
DA:440,2
DA:441,2
DA:444,1
DA:445,2
DA:446,2
DA:447,2
DA:448,2
DA:449,2
DA:450,2
DA:451,2
DA:452,2
DA:453,2
DA:455,2
DA:456,2
DA:457,2
DA:458,2
DA:459,2
DA:460,2
DA:465,1
DA:466,2
DA:467,0
DA:472,1
DA:473,8
DA:474,8
DA:475,8
DA:476,8
DA:477,8
DA:478,8
DA:479,8
DA:480,8
DA:481,8
DA:482,8
DA:483,8
DA:485,8
DA:486,8
DA:488,8
DA:489,8
DA:494,1
DA:495,8
DA:497,8
DA:499,8
DA:500,8
DA:501,0
DA:502,8
DA:504,8
DA:505,8
DA:506,8
DA:507,8
DA:509,8
DA:510,1
DA:511,1
DA:512,1
DA:513,1
DA:514,1
DA:515,1
DA:516,1
DA:517,1
DA:518,1
DA:519,1
DA:520,1
DA:522,7
DA:523,7
DA:524,7
DA:525,7
DA:527,7
DA:528,7
DA:531,1
DA:532,8
DA:533,3
DA:535,3
DA:536,3
DA:537,3
DA:538,3
DA:541,1
DA:542,7
DA:543,7
DA:544,7
DA:546,7
DA:547,8
DA:548,8
DA:549,8
DA:550,2
DA:551,2
DA:552,8
DA:554,7
DA:555,7
DA:557,2
DA:558,2
DA:559,2
DA:560,2
DA:562,1
DA:563,1
DA:564,1
DA:565,2
DA:567,1
DA:568,7
DA:569,7
DA:570,0
DA:571,0
DA:572,0
DA:574,1
DA:575,1
DA:576,1
DA:577,1
DA:578,1
DA:583,1
DA:584,7
DA:585,7
DA:586,7
DA:587,7
DA:589,7
DA:590,7
DA:591,7
DA:592,18
DA:593,12
DA:594,12
DA:595,12
DA:596,6
DA:597,6
DA:598,7
DA:599,7
DA:601,7
DA:602,12
DA:603,12
DA:604,12
DA:605,12
DA:606,12
DA:607,0
DA:608,0
DA:609,0
DA:610,12
DA:612,7
DA:613,7
DA:614,7
DA:615,7
DA:616,18
DA:617,6
DA:618,6
DA:619,7
DA:620,7
DA:622,7
DA:623,7
DA:624,7
DA:625,7
DA:626,18
DA:627,12
DA:628,12
DA:629,12
DA:630,6
DA:631,6
DA:632,7
DA:633,7
DA:635,7
DA:636,12
DA:637,7
DA:639,7
DA:640,1
DA:641,1
DA:643,6
DA:644,6
DA:645,6
DA:646,6
DA:647,6
DA:648,6
DA:649,6
DA:650,6
DA:652,6
DA:653,6
DA:655,6
DA:656,6
DA:657,6
DA:658,6
DA:659,6
DA:664,1
DA:665,7
DA:666,7
DA:667,7
DA:668,7
DA:670,6
DA:671,6
DA:672,6
DA:673,0
DA:674,6
DA:676,6
DA:677,6
DA:678,6
DA:679,6
DA:680,6
DA:681,6
DA:683,6
DA:684,6
DA:689,1
DA:690,2
DA:691,2
DA:692,2
DA:693,2
DA:695,2
DA:696,2
DA:697,2
DA:698,2
DA:699,2
DA:700,2
DA:702,0
DA:704,2
DA:705,2
DA:708,1
DA:709,1
DA:710,1
DA:712,1
DA:713,1
DA:714,1
DA:715,1
DA:716,1
DA:717,1
DA:718,1
DA:719,1
DA:721,0
DA:723,0
DA:724,0
DA:725,0
DA:726,0
DA:727,0
DA:729,0
DA:730,0
DA:731,0
DA:732,1
DA:734,1
DA:735,2
DA:736,2
DA:738,1
DA:739,1
DA:740,1
DA:741,1
DA:742,1
DA:743,1
DA:744,1
DA:745,1
DA:747,1
DA:748,2
DA:749,2
DA:750,2
DA:752,2
DA:753,6
DA:754,6
DA:755,6
DA:757,2
DA:758,2
DA:760,1
DA:761,2
DA:762,2
DA:763,2
DA:764,2
DA:768,2
DA:769,2
DA:771,2
DA:772,2
DA:773,2
DA:774,2
DA:775,0
DA:776,0
DA:778,2
DA:779,2
DA:780,2
DA:781,2
DA:782,2
DA:783,0
DA:785,2
DA:787,2
DA:788,6
DA:789,4
DA:790,2
DA:791,2
DA:793,2
DA:794,6
DA:795,6
DA:796,6
DA:797,6
DA:798,6
DA:799,6
DA:800,6
DA:801,6
DA:802,6
DA:804,2
DA:805,2
DA:806,2
DA:807,2
DA:808,6
DA:809,6
DA:810,6
DA:811,6
DA:812,6
DA:813,0
DA:815,6
DA:816,6
DA:817,6
DA:818,6
DA:820,6
DA:821,6
DA:822,6
DA:823,6
DA:824,0
DA:825,6
DA:826,6
DA:827,2
DA:829,2
DA:830,2
DA:831,2
DA:833,2
DA:834,2
DA:835,6
DA:836,6
DA:837,2
DA:838,2
DA:839,2
DA:840,2
DA:842,2
DA:843,2
DA:844,2
DA:845,0
DA:846,0
DA:847,0
DA:848,2
DA:850,2
DA:851,2
DA:853,2
DA:854,2
DA:855,2
DA:856,2
DA:857,6
DA:858,0
DA:859,0
DA:860,0
DA:861,0
DA:863,2
DA:864,2
DA:865,2
DA:866,2
DA:867,2
DA:868,2
DA:869,2
DA:871,2
DA:872,2
DA:873,1
DA:874,1
DA:876,2
DA:877,2
DA:878,2
DA:879,2
DA:880,2
DA:881,2
DA:882,2
DA:883,2
DA:884,2
DA:885,2
DA:890,1
DA:891,0
DA:892,0
DA:898,0
DA:899,0
DA:900,0
DA:901,0
DA:902,0
DA:903,0
DA:904,0
DA:905,0
DA:906,0
DA:907,0
DA:908,0
DA:909,0
DA:914,1
DA:915,0
DA:916,0
DA:917,0
DA:918,0
DA:919,0
DA:924,1
DA:925,3
DA:926,3
DA:927,3
DA:928,3
DA:929,3
DA:930,2
DA:931,2
DA:932,2
DA:933,2
DA:934,3
DA:935,1
DA:936,1
DA:937,3
DA:942,1
DA:943,0
DA:946,0
DA:947,0
DA:948,0
DA:949,0
DA:950,0
DA:951,0
DA:952,0
DA:953,0
DA:954,0
DA:956,0
DA:959,0
DA:960,0
DA:961,0
DA:962,0
DA:963,0
DA:964,0
DA:965,0
DA:966,0
DA:967,0
DA:968,0
DA:969,0
DA:970,0
DA:971,0
DA:973,0
DA:974,0
DA:975,0
DA:976,0
DA:977,0
DA:978,0
DA:979,0
DA:980,0
DA:981,0
DA:982,0
DA:983,0
DA:984,0
DA:985,0
DA:987,1
DA:988,0
DA:989,0
DA:990,0
DA:991,0
DA:992,0
DA:993,0
DA:994,0
DA:995,0
DA:996,0
DA:997,0
DA:998,0
DA:999,0
DA:1000,0
DA:1005,1
DA:1006,2
DA:1007,2
DA:1008,2
DA:1009,2
DA:1010,2
DA:1011,0
DA:1012,0
DA:1013,2
DA:1018,1
DA:1019,2
DA:1020,2
DA:1021,2
DA:1022,2
DA:1023,2
DA:1028,1
DA:1029,1
DA:1030,1
DA:1031,1
DA:1032,1
DA:1033,0
DA:1035,1
DA:1040,1
DA:1041,3
DA:1043,1
DA:1044,0
DA:1045,0
DA:1046,0
DA:1047,0
DA:1048,0
DA:1049,0
DA:1050,0
DA:1051,0
DA:1059,0
DA:1060,0
DA:1061,0
DA:1062,0
DA:1063,0
DA:1064,0
DA:1065,0
DA:1066,0
DA:1067,0
DA:1068,0
DA:1069,0
DA:1070,0
DA:1071,0
DA:1073,0
DA:1074,0
DA:1075,0
DA:1076,0
DA:1077,0
DA:1078,0
DA:1079,0
DA:1080,0
DA:1081,0
DA:1082,0
DA:1083,0
DA:1084,0
DA:1085,0
DA:1086,0
DA:1087,0
DA:1089,0
DA:1090,0
LF:787
LH:633
BRDA:63,0,0,3
BRDA:79,1,0,0
BRDA:79,2,0,0
BRDA:85,3,0,0
BRDA:102,4,0,5
BRDA:123,5,0,1
BRDA:123,6,0,4
BRDA:135,7,0,2
BRDA:152,8,0,9
BRDA:167,9,0,7
BRDA:168,10,0,5
BRDA:168,11,0,2
BRDA:169,12,0,1
BRDA:170,13,0,3
BRDA:171,14,0,1
BRDA:179,15,0,2
BRDA:182,16,0,7
BRDA:185,17,0,1
BRDA:185,18,0,6
BRDA:188,19,0,0
BRDA:221,20,0,6
BRDA:191,21,0,6
BRDA:194,22,0,0
BRDA:201,23,0,0
BRDA:205,24,0,0
BRDA:206,25,0,0
BRDA:229,26,0,2
BRDA:251,27,0,1
BRDA:254,28,0,0
BRDA:256,29,0,1
BRDA:260,30,0,0
BRDA:260,31,0,1
BRDA:268,32,0,2
BRDA:296,33,0,4
BRDA:317,34,0,2
BRDA:318,35,0,1
BRDA:320,36,0,3
BRDA:329,37,0,2
BRDA:330,38,0,1
BRDA:334,39,0,2
BRDA:335,40,0,1
BRDA:343,41,0,2
BRDA:345,42,0,3
BRDA:352,43,0,1
BRDA:353,44,0,0
BRDA:354,45,0,2
BRDA:358,46,0,2
BRDA:359,47,0,2
BRDA:362,48,0,2
BRDA:386,49,0,2
BRDA:399,50,0,3
BRDA:402,51,0,1
BRDA:407,52,0,2
BRDA:424,53,0,2
BRDA:432,54,0,0
BRDA:436,55,0,0
BRDA:444,56,0,2
BRDA:446,57,0,2
BRDA:465,58,0,2
BRDA:466,59,0,0
BRDA:472,60,0,8
BRDA:486,61,0,3
BRDA:494,62,0,8
BRDA:500,63,0,0
BRDA:507,64,0,1
BRDA:509,65,0,1
BRDA:509,66,0,1
BRDA:517,67,0,0
BRDA:520,68,0,7
BRDA:512,69,0,2
BRDA:531,70,0,8
BRDA:532,71,0,5
BRDA:532,72,0,3
BRDA:533,73,0,0
BRDA:533,74,0,3
BRDA:541,75,0,7
BRDA:544,76,0,0
BRDA:555,77,0,5
BRDA:555,78,0,2
BRDA:560,79,0,1
BRDA:560,80,0,1
BRDA:565,81,0,1
BRDA:568,82,0,0
BRDA:569,83,0,0
BRDA:572,84,0,1
BRDA:546,85,0,8
BRDA:549,86,0,2
BRDA:583,87,0,7
BRDA:620,88,0,0
BRDA:633,89,0,0
BRDA:639,90,0,1
BRDA:641,91,0,6
BRDA:586,92,0,7
BRDA:599,93,0,0
BRDA:591,94,0,18
BRDA:592,95,0,12
BRDA:593,96,0,12
BRDA:594,97,0,12
BRDA:595,98,0,6
BRDA:596,99,0,6
BRDA:599,100,0,6
BRDA:601,101,0,12
BRDA:606,102,0,0
BRDA:615,103,0,18
BRDA:616,104,0,6
BRDA:617,105,0,6
BRDA:620,106,0,6
BRDA:625,107,0,18
BRDA:626,108,0,12
BRDA:627,109,0,12
BRDA:628,110,0,12
BRDA:629,111,0,6
BRDA:630,112,0,6
BRDA:633,113,0,6
BRDA:635,114,0,12
BRDA:644,115,0,6
BRDA:664,116,0,7
BRDA:668,117,0,1
BRDA:668,118,0,6
BRDA:670,119,0,6
BRDA:671,120,0,0
BRDA:672,121,0,0
BRDA:689,122,0,2
BRDA:700,123,0,0
BRDA:708,124,0,1
BRDA:710,125,0,0
BRDA:719,126,0,0
BRDA:734,127,0,2
BRDA:736,128,0,1
BRDA:747,129,0,2
BRDA:752,130,0,6
BRDA:760,131,0,2
BRDA:774,132,0,0
BRDA:782,133,0,0
BRDA:807,134,0,6
BRDA:808,135,0,0
BRDA:823,136,0,0
BRDA:844,137,0,0
BRDA:851,138,0,0
BRDA:856,139,0,6
BRDA:857,140,0,0
BRDA:872,141,0,1
BRDA:873,142,0,1
BRDA:880,143,0,0
BRDA:881,144,0,0
BRDA:787,145,0,6
BRDA:788,146,0,4
BRDA:789,147,0,2
BRDA:790,148,0,2
BRDA:793,149,0,6
BRDA:794,150,0,0
BRDA:798,151,0,6
BRDA:799,152,0,6
BRDA:810,153,0,6
BRDA:812,154,0,0
BRDA:815,155,0,0
BRDA:834,156,0,6
BRDA:839,157,0,4
BRDA:924,158,0,3
BRDA:929,159,0,2
BRDA:934,160,0,1
BRDA:1005,161,0,2
BRDA:1008,162,0,0
BRDA:1008,163,0,0
BRDA:1010,164,0,0
BRDA:1018,165,0,2
BRDA:1019,166,0,0
BRDA:1020,167,0,0
BRDA:1022,168,0,0
BRDA:1022,169,0,0
BRDA:1028,170,0,1
BRDA:1030,171,0,0
BRDA:1032,172,0,0
BRDA:1040,173,0,3
BRDA:1041,174,0,1
BRF:175
BRH:125
end_of_record
TN:
SF:packages/tooling/node/src/suiCli.ts
FN:10,ensureSuiCli
FN:24,runSuiCli
FN:62,parseActiveEnvironmentOutput
FN:80,parseActiveEnvironmentJson
FN:93,parseEnvironmentTableRow
FN:116,parseEnvironmentTokenLine
FN:134,parseEnvironmentList
FN:156,parseSuiCliEnvironmentsJson
FN:178,getActiveSuiCliEnvironment
FN:213,listSuiCliEnvironments
FN:231,getSuiCliEnvironmentChainId
FN:251,getSuiCliEnvironmentRpc
FN:270,switchSuiCliEnvironment
FN:280,createSuiCliEnvironment
FNF:14
FNH:14
FNDA:2,ensureSuiCli
FNDA:17,runSuiCli
FNDA:1,parseActiveEnvironmentOutput
FNDA:1,parseActiveEnvironmentJson
FNDA:3,parseEnvironmentTableRow
FNDA:3,parseEnvironmentTokenLine
FNDA:1,parseEnvironmentList
FNDA:3,parseSuiCliEnvironmentsJson
FNDA:2,getActiveSuiCliEnvironment
FNDA:2,listSuiCliEnvironments
FNDA:1,getSuiCliEnvironmentChainId
FNDA:1,getSuiCliEnvironmentRpc
FNDA:1,switchSuiCliEnvironment
FNDA:1,createSuiCliEnvironment
DA:2,1
DA:3,1
DA:5,1
DA:10,1
DA:11,2
DA:12,2
DA:13,1
DA:14,1
DA:15,1
DA:16,1
DA:17,1
DA:18,2
DA:23,1
DA:24,1
DA:25,17
DA:26,10
DA:27,10
DA:28,10
DA:29,10
DA:30,10
DA:31,10
DA:32,10
DA:33,10
DA:34,10
DA:35,7
DA:36,10
DA:37,3
DA:40,3
DA:41,3
DA:42,3
DA:43,3
DA:44,3
DA:45,3
DA:46,0
DA:47,3
DA:48,3
DA:49,10
DA:51,1
DA:62,1
DA:63,1
DA:64,1
DA:66,1
DA:67,1
DA:68,1
DA:69,1
DA:71,0
DA:72,0
DA:73,0
DA:74,1
DA:76,0
DA:77,1
DA:78,1
DA:80,1
DA:81,1
DA:82,1
DA:83,1
DA:85,1
DA:86,1
DA:87,1
DA:88,1
DA:89,0
DA:90,0
DA:91,1
DA:93,1
DA:94,3
DA:95,3
DA:96,3
DA:97,3
DA:99,0
DA:100,0
DA:101,0
DA:102,0
DA:104,0
DA:106,0
DA:107,0
DA:108,3
DA:110,0
DA:111,0
DA:112,0
DA:113,0
DA:114,0
DA:116,1
DA:117,3
DA:118,3
DA:119,3
DA:120,3
DA:121,3
DA:122,3
DA:124,2
DA:125,2
DA:126,2
DA:128,2
DA:129,3
DA:131,2
DA:132,2
DA:134,1
DA:135,1
DA:136,1
DA:138,1
DA:139,3
DA:140,3
DA:142,3
DA:144,2
DA:145,3
DA:146,1
DA:147,1
DA:148,3
DA:150,1
DA:151,1
DA:152,1
DA:153,1
DA:154,1
DA:156,1
DA:157,3
DA:161,3
DA:162,3
DA:164,3
DA:165,3
DA:166,3
DA:167,3
DA:168,3
DA:169,3
DA:170,3
DA:171,0
DA:172,0
DA:173,3
DA:178,1
DA:180,2
DA:181,2
DA:182,2
DA:183,1
DA:184,1
DA:185,1
DA:186,1
DA:187,1
DA:189,1
DA:190,1
DA:191,1
DA:192,1
DA:193,1
DA:194,1
DA:195,1
DA:197,0
DA:198,0
DA:199,0
DA:200,0
DA:201,0
DA:203,0
DA:204,0
DA:206,0
DA:207,0
DA:208,0
DA:213,1
DA:214,2
DA:215,2
DA:216,1
DA:217,1
DA:218,1
DA:219,1
DA:220,1
DA:222,1
DA:223,2
DA:225,1
DA:226,1
DA:231,1
DA:232,1
DA:233,1
DA:234,1
DA:235,1
DA:237,1
DA:238,1
DA:239,1
DA:240,1
DA:241,1
DA:243,1
DA:244,1
DA:245,1
DA:251,1
DA:252,1
DA:253,1
DA:254,1
DA:255,1
DA:257,1
DA:258,1
DA:259,1
DA:260,1
DA:261,1
DA:263,1
DA:264,1
DA:265,1
DA:270,1
DA:271,1
DA:272,1
DA:273,1
DA:274,1
DA:275,1
DA:280,1
DA:281,1
DA:282,1
DA:283,1
DA:284,1
DA:285,1
DA:286,1
DA:287,1
DA:288,1
DA:289,1
DA:290,1
DA:291,1
DA:292,1
LF:209
LH:178
BRDA:10,0,0,2
BRDA:12,1,0,1
BRDA:24,2,0,17
BRDA:25,3,0,10
BRDA:34,4,0,7
BRDA:36,5,0,3
BRDA:41,6,0,0
BRDA:42,7,0,0
BRDA:42,8,0,0
BRDA:45,9,0,0
BRDA:62,10,0,1
BRDA:64,11,0,0
BRDA:69,12,0,0
BRDA:74,13,0,0
BRDA:77,14,0,0
BRDA:80,15,0,1
BRDA:82,16,0,0
BRDA:83,17,0,0
BRDA:87,18,0,0
BRDA:88,19,0,0
BRDA:93,20,0,3
BRDA:97,21,0,0
BRDA:108,22,0,0
BRDA:116,23,0,3
BRDA:120,24,0,1
BRDA:120,25,0,2
BRDA:121,26,0,0
BRDA:121,27,0,2
BRDA:122,28,0,0
BRDA:122,29,0,2
BRDA:129,30,0,0
BRDA:129,31,0,2
BRDA:134,32,0,1
BRDA:138,33,0,3
BRDA:142,34,0,1
BRDA:142,35,0,2
BRDA:145,36,0,1
BRDA:145,37,0,1
BRDA:156,38,0,3
BRDA:162,39,0,0
BRDA:166,40,0,0
BRDA:168,41,0,0
BRDA:170,42,0,0
BRDA:178,43,0,2
BRDA:182,44,0,1
BRDA:195,45,0,0
BRDA:213,46,0,2
BRDA:215,47,0,1
BRDA:223,48,0,0
BRDA:223,49,0,1
BRDA:218,50,0,1
BRDA:231,51,0,1
BRDA:235,52,0,0
BRDA:241,53,0,0
BRDA:244,54,0,0
BRDA:243,55,0,1
BRDA:251,56,0,1
BRDA:255,57,0,0
BRDA:261,58,0,0
BRDA:263,59,0,1
BRDA:270,60,0,1
BRDA:280,61,0,1
BRF:62
BRH:34
end_of_record
TN:
SF:packages/tooling/node/src/transactions.ts
FN:61,findCreatedArtifactBySuffix
FN:66,findCreatedArtifactIdBySuffix
FN:71,requireCreatedArtifactIdBySuffix
FN:96,hasExistingGasPayment
FN:105,ensureGasPayment
FN:133,executeTransactionOnce
FN:172,decideRetryForGasIssues
FN:193,normalizeUnknownError
FN:201,signAndExecute
FN:312,didTransactionSucceed
FN:320,persistObjectsIfAny
FN:371,persistCreatedArtifacts
FN:407,deriveArtifactObjectId
FN:415,indexUpdatesByObjectId
FN:437,mapOwnerFromObjectChange
FN:443,applyUpdatesToArtifacts
FN:476,persistUpdatedArtifacts
FN:509,groupObjectChanges
FN:532,normalizeObjectIdSafe
FN:548,buildNormalizedObjectIdSet
FN:560,shouldApplyTimestamp
FN:580,markArtifactsWithTimestamp
FN:621,timestampArtifactsForObjectChanges
FN:661,persistDeletedArtifacts
FN:672,shouldTimestampArtifact
FN:678,persistWrappedArtifacts
FN:689,shouldTimestampArtifact
FN:695,getCreatedObjectsWithData
FN:718,buildArtifactsForCreatedObjects
FN:742,buildObjectArtifactFromCreatedObject
FN:780,pickFreshGasCoin
FN:818,parseStaleObjectId
FN:832,parseLockedObjectIds
FNF:33
FNH:33
FNDA:2,findCreatedArtifactBySuffix
FNDA:2,findCreatedArtifactIdBySuffix
FNDA:1,requireCreatedArtifactIdBySuffix
FNDA:2,hasExistingGasPayment
FNDA:3,ensureGasPayment
FNDA:5,executeTransactionOnce
FNDA:2,decideRetryForGasIssues
FNDA:1,normalizeUnknownError
FNDA:2,signAndExecute
FNDA:3,didTransactionSucceed
FNDA:3,persistObjectsIfAny
FNDA:3,persistCreatedArtifacts
FNDA:12,deriveArtifactObjectId
FNDA:1,indexUpdatesByObjectId
FNDA:2,mapOwnerFromObjectChange
FNDA:1,applyUpdatesToArtifacts
FNDA:3,persistUpdatedArtifacts
FNDA:3,groupObjectChanges
FNDA:16,normalizeObjectIdSafe
FNDA:2,buildNormalizedObjectIdSet
FNDA:8,shouldApplyTimestamp
FNDA:2,markArtifactsWithTimestamp
FNDA:6,timestampArtifactsForObjectChanges
FNDA:3,persistDeletedArtifacts
FNDA:1,shouldTimestampArtifact
FNDA:3,persistWrappedArtifacts
FNDA:1,shouldTimestampArtifact
FNDA:1,getCreatedObjectsWithData
FNDA:1,buildArtifactsForCreatedObjects
FNDA:1,buildObjectArtifactFromCreatedObject
FNDA:3,pickFreshGasCoin
FNDA:2,parseStaleObjectId
FNDA:2,parseLockedObjectIds
DA:9,1
DA:10,1
DA:15,1
DA:22,1
DA:23,1
DA:33,1
DA:61,1
DA:62,2
DA:63,2
DA:64,2
DA:66,1
DA:67,2
DA:68,2
DA:69,2
DA:71,1
DA:72,1
DA:73,1
DA:74,1
DA:75,1
DA:80,1
DA:81,1
DA:82,1
DA:83,1
DA:96,1
DA:97,2
DA:98,2
DA:99,2
DA:105,1
DA:106,3
DA:107,3
DA:108,3
DA:109,3
DA:110,3
DA:111,3
DA:112,3
DA:114,3
DA:115,3
DA:116,3
DA:117,3
DA:118,3
DA:119,3
DA:120,3
DA:121,3
DA:133,1
DA:134,5
DA:135,5
DA:136,5
DA:137,5
DA:138,5
DA:139,5
DA:140,5
DA:141,5
DA:142,5
DA:143,5
DA:144,5
DA:145,5
DA:146,5
DA:147,5
DA:149,3
DA:151,3
DA:152,3
DA:153,3
DA:154,3
DA:155,3
DA:156,3
DA:158,3
DA:159,3
DA:160,3
DA:161,3
DA:162,3
DA:172,1
DA:173,2
DA:174,2
DA:175,2
DA:176,2
DA:177,2
DA:178,2
DA:180,2
DA:181,2
DA:182,2
DA:184,2
DA:185,2
DA:186,2
DA:187,2
DA:188,2
DA:193,1
DA:194,1
DA:201,1
DA:202,2
DA:203,2
DA:204,2
DA:205,2
DA:206,2
DA:207,2
DA:208,2
DA:209,2
DA:213,2
DA:214,2
DA:215,2
DA:218,2
DA:219,2
DA:220,2
DA:221,2
DA:222,2
DA:224,2
DA:225,3
DA:226,3
DA:227,3
DA:228,3
DA:229,3
DA:230,3
DA:231,3
DA:232,3
DA:233,3
DA:234,3
DA:235,3
DA:236,2
DA:237,2
DA:238,2
DA:239,2
DA:240,2
DA:242,2
DA:245,1
DA:246,1
DA:247,1
DA:248,1
DA:249,1
DA:250,1
DA:251,1
DA:252,1
DA:253,3
DA:255,0
DA:256,0
DA:302,1
DA:303,1
DA:304,1
DA:305,1
DA:306,1
DA:307,1
DA:312,1
DA:313,3
DA:314,3
DA:320,1
DA:321,3
DA:322,3
DA:323,3
DA:324,3
DA:325,3
DA:330,3
DA:331,3
DA:333,3
DA:334,3
DA:336,3
DA:337,3
DA:338,3
DA:339,3
DA:340,3
DA:341,3
DA:342,3
DA:343,3
DA:345,3
DA:346,3
DA:347,3
DA:348,3
DA:350,3
DA:351,3
DA:352,3
DA:353,3
DA:355,3
DA:356,3
DA:357,3
DA:358,3
DA:360,3
DA:361,3
DA:362,3
DA:363,3
DA:364,3
DA:365,3
DA:366,3
DA:371,1
DA:372,3
DA:373,3
DA:374,3
DA:375,3
DA:376,3
DA:381,3
DA:382,3
DA:383,3
DA:385,1
DA:386,1
DA:387,1
DA:388,1
DA:390,1
DA:391,1
DA:392,1
DA:393,1
DA:395,1
DA:396,1
DA:397,1
DA:398,1
DA:399,1
DA:401,1
DA:402,1
DA:407,1
DA:408,12
DA:409,0
DA:410,12
DA:415,1
DA:416,1
DA:418,1
DA:419,1
DA:420,2
DA:421,2
DA:422,2
DA:423,2
DA:424,1
DA:425,1
DA:437,1
DA:438,2
DA:443,1
DA:444,1
DA:445,1
DA:446,1
DA:449,1
DA:450,1
DA:452,1
DA:453,4
DA:454,4
DA:456,4
DA:457,4
DA:459,2
DA:460,2
DA:461,2
DA:462,2
DA:463,2
DA:464,2
DA:466,2
DA:467,2
DA:468,1
DA:470,1
DA:471,1
DA:476,1
DA:477,3
DA:478,3
DA:479,3
DA:482,3
DA:483,3
DA:485,1
DA:487,2
DA:489,1
DA:491,1
DA:492,1
DA:493,1
DA:494,1
DA:496,2
DA:498,1
DA:499,1
DA:500,1
DA:501,1
DA:503,1
DA:504,1
DA:509,1
DA:510,3
DA:511,3
DA:512,3
DA:513,3
DA:514,3
DA:515,3
DA:516,3
DA:517,3
DA:518,3
DA:519,3
DA:520,3
DA:521,3
DA:522,3
DA:523,3
DA:524,3
DA:525,3
DA:526,3
DA:527,3
DA:532,1
DA:533,16
DA:535,16
DA:536,16
DA:537,16
DA:538,16
DA:539,16
DA:540,0
DA:541,0
DA:542,16
DA:543,0
DA:548,1
DA:549,2
DA:551,2
DA:552,2
DA:553,2
DA:554,2
DA:555,2
DA:560,1
DA:561,8
DA:562,8
DA:563,8
DA:564,8
DA:568,8
DA:569,8
DA:570,8
DA:571,8
DA:572,8
DA:573,2
DA:574,8
DA:575,8
DA:580,1
DA:581,2
DA:582,2
DA:583,2
DA:584,2
DA:585,2
DA:586,2
DA:592,2
DA:593,2
DA:595,2
DA:596,8
DA:597,8
DA:598,8
DA:599,8
DA:600,8
DA:601,8
DA:602,8
DA:603,2
DA:604,2
DA:605,2
DA:606,2
DA:608,2
DA:609,2
DA:610,2
DA:612,6
DA:613,2
DA:615,2
DA:616,2
DA:621,1
DA:622,6
DA:623,6
DA:624,6
DA:625,6
DA:626,6
DA:631,6
DA:632,6
DA:634,2
DA:635,4
DA:637,2
DA:638,2
DA:640,2
DA:641,2
DA:642,2
DA:643,2
DA:644,2
DA:645,2
DA:646,2
DA:648,4
DA:650,2
DA:651,2
DA:652,2
DA:653,2
DA:655,2
DA:656,2
DA:661,1
DA:662,3
DA:663,3
DA:664,3
DA:668,3
DA:669,3
DA:670,3
DA:671,3
DA:672,3
DA:673,3
DA:678,1
DA:679,3
DA:680,3
DA:681,3
DA:685,3
DA:686,3
DA:687,3
DA:688,3
DA:689,3
DA:690,3
DA:695,1
DA:696,1
DA:697,1
DA:699,1
DA:700,1
DA:701,1
DA:702,1
DA:703,1
DA:704,1
DA:705,1
DA:706,1
DA:708,1
DA:709,1
DA:710,1
DA:711,1
DA:712,1
DA:713,1
DA:718,1
DA:719,1
DA:720,1
DA:721,1
DA:724,1
DA:725,1
DA:727,1
DA:728,1
DA:729,1
DA:730,1
DA:731,1
DA:733,1
DA:734,1
DA:736,1
DA:737,1
DA:742,1
DA:743,1
DA:744,1
DA:745,1
DA:748,1
DA:749,1
DA:750,1
DA:751,1
DA:753,1
DA:754,1
DA:755,0
DA:756,1
DA:758,1
DA:759,1
DA:760,1
DA:762,1
DA:763,1
DA:764,1
DA:765,1
DA:766,1
DA:767,1
DA:768,1
DA:769,0
DA:770,1
DA:771,1
DA:772,1
DA:773,1
DA:774,1
DA:775,1
DA:780,1
DA:781,3
DA:782,3
DA:783,3
DA:784,3
DA:785,3
DA:787,3
DA:788,3
DA:789,3
DA:790,3
DA:791,3
DA:792,3
DA:793,3
DA:795,3
DA:796,3
DA:797,3
DA:799,3
DA:800,3
DA:801,3
DA:802,3
DA:803,3
DA:804,3
DA:805,3
DA:807,3
DA:808,3
DA:810,0
DA:811,0
DA:812,0
DA:813,0
DA:818,1
DA:819,2
DA:820,2
DA:821,2
DA:822,0
DA:823,0
DA:824,0
DA:825,2
DA:826,2
DA:827,2
DA:832,1
DA:833,2
DA:834,2
DA:835,2
DA:836,0
DA:837,0
DA:838,0
DA:840,2
DA:841,2
DA:842,2
DA:843,2
DA:844,2
DA:845,2
DA:846,2
LF:499
LH:481
BRDA:61,0,0,2
BRDA:64,1,0,2
BRDA:66,2,0,2
BRDA:69,3,0,1
BRDA:71,4,0,1
BRDA:96,5,0,2
BRDA:98,6,0,0
BRDA:105,7,0,3
BRDA:112,8,0,2
BRDA:112,9,0,0
BRDA:133,10,0,5
BRDA:147,11,0,3
BRDA:172,12,0,2
BRDA:178,13,0,0
BRDA:182,14,0,1
BRDA:193,15,0,1
BRDA:194,16,0,0
BRDA:201,17,0,2
BRDA:215,18,0,0
BRDA:224,19,0,3
BRDA:235,20,0,2
BRDA:242,21,0,1
BRDA:253,22,0,0
BRDA:312,23,0,3
BRDA:320,24,0,3
BRDA:331,25,0,0
BRDA:371,26,0,3
BRDA:383,27,0,2
BRDA:383,28,0,1
BRDA:407,29,0,12
BRDA:408,30,0,0
BRDA:415,31,0,1
BRDA:419,32,0,2
BRDA:437,33,0,2
BRDA:438,34,0,1
BRDA:438,35,0,1
BRDA:443,36,0,1
BRDA:452,37,0,4
BRDA:454,38,0,0
BRDA:457,39,0,2
BRDA:476,40,0,3
BRDA:483,41,0,2
BRDA:483,42,0,1
BRDA:487,43,0,0
BRDA:487,44,0,1
BRDA:496,45,0,0
BRDA:496,46,0,1
BRDA:509,47,0,3
BRDA:512,48,0,0
BRDA:515,49,0,0
BRDA:518,50,0,0
BRDA:521,51,0,0
BRDA:524,52,0,0
BRDA:513,53,0,5
BRDA:516,54,0,5
BRDA:519,55,0,5
BRDA:522,56,0,5
BRDA:525,57,0,5
BRDA:532,58,0,16
BRDA:542,59,0,0
BRDA:536,60,0,16
BRDA:539,61,0,0
BRDA:548,62,0,2
BRDA:551,63,0,2
BRDA:560,64,0,8
BRDA:572,65,0,2
BRDA:580,66,0,2
BRDA:595,67,0,8
BRDA:602,68,0,2
BRDA:610,69,0,6
BRDA:621,70,0,6
BRDA:632,71,0,4
BRDA:632,72,0,2
BRDA:635,73,0,0
BRDA:635,74,0,2
BRDA:648,75,0,0
BRDA:648,76,0,2
BRDA:661,77,0,3
BRDA:672,78,0,1
BRDA:678,79,0,3
BRDA:689,80,0,1
BRDA:695,81,0,1
BRDA:700,82,0,1
BRDA:718,83,0,1
BRDA:742,84,0,1
BRDA:750,85,0,0
BRDA:750,86,0,0
BRDA:754,87,0,0
BRDA:754,88,0,0
BRDA:756,89,0,0
BRDA:767,90,0,0
BRDA:768,91,0,0
BRDA:768,92,0,0
BRDA:780,93,0,3
BRDA:805,94,0,0
BRDA:807,95,0,0
BRDA:808,96,0,0
BRDA:796,97,0,3
BRDA:818,98,0,2
BRDA:821,99,0,0
BRDA:826,100,0,1
BRDA:832,101,0,2
BRDA:835,102,0,0
BRDA:843,103,0,1
BRF:104
BRH:71
end_of_record
